yarn run v1.22.22
$ tsc && vite build
src/API/Index.ts(1,19): error TS2307: Cannot find module 'axios' or its corresponding type declarations.
src/App.tsx(5,37): error TS2307: Cannot find module '@react-oauth/google' or its corresponding type declarations.
src/App.tsx(8,25): error TS2307: Cannot find module '@neo4j-ndl/react' or its corresponding type declarations.
src/App.tsx(9,12): error TS2503: Cannot find namespace 'React'.
src/App.tsx(11,5): error TS2307: Cannot find module 'react/jsx-runtime' or its corresponding type declarations.
src/App.tsx(14,42): error TS2580: Cannot find name 'process'. Do you need to install type definitions for node? Try `npm i --save-dev @types/node`.
src/App.tsx(15,14): error TS2741: Property 'children' is missing in type '{}' but required in type 'ThemeWrapperProps'.
src/App.tsx(23,12): error TS2741: Property 'children' is missing in type '{}' but required in type 'ThemeWrapperProps'.
src/components/ChatBot/Chatbot.tsx(1,97): error TS2307: Cannot find module 'react' or its corresponding type declarations.
src/components/ChatBot/Chatbot.tsx(13,8): error TS2307: Cannot find module '@neo4j-ndl/react' or its corresponding type declarations.
src/components/ChatBot/Chatbot.tsx(14,60): error TS2307: Cannot find module '@neo4j-ndl/react/icons' or its corresponding type declarations.
src/components/ChatBot/Chatbot.tsx(15,27): error TS2307: Cannot find module '../../assets/images/chatbot-ai.png' or its corresponding type declarations.
src/components/ChatBot/Chatbot.tsx(33,30): error TS2307: Cannot find module 'uuid' or its corresponding type declarations.
src/components/ChatBot/Chatbot.tsx(35,18): error TS2307: Cannot find module 'clsx' or its corresponding type declarations.
src/components/ChatBot/Chatbot.tsx(36,27): error TS2307: Cannot find module 'react-markdown' or its corresponding type declarations.
src/components/ChatBot/Chatbot.tsx(46,36): error TS7006: Parameter 'props' implicitly has an 'any' type.
src/components/ChatBot/Chatbot.tsx(81,56): error TS7006: Parameter 's' implicitly has an 'any' type.
src/components/ChatBot/Chatbot.tsx(82,62): error TS7006: Parameter 's' implicitly has an 'any' type.
src/components/ChatBot/Chatbot.tsx(90,24): error TS7006: Parameter 'msgs' implicitly has an 'any' type.
src/components/ChatBot/Chatbot.tsx(90,43): error TS7006: Parameter 'msg' implicitly has an 'any' type.
src/components/ChatBot/Chatbot.tsx(95,6): error TS7006: Parameter 'f' implicitly has an 'any' type.
src/components/ChatBot/Chatbot.tsx(147,28): error TS7006: Parameter 'msgs' implicitly has an 'any' type.
src/components/ChatBot/Chatbot.tsx(148,23): error TS7006: Parameter 'msg' implicitly has an 'any' type.
src/components/ChatBot/Chatbot.tsx(170,28): error TS7006: Parameter 'msgs' implicitly has an 'any' type.
src/components/ChatBot/Chatbot.tsx(171,46): error TS7006: Parameter 'message' implicitly has an 'any' type.
src/components/ChatBot/Chatbot.tsx(175,35): error TS7006: Parameter 'm' implicitly has an 'any' type.
src/components/ChatBot/Chatbot.tsx(175,72): error TS7006: Parameter 'key' implicitly has an 'any' type.
src/components/ChatBot/Chatbot.tsx(178,30): error TS7006: Parameter 'msg' implicitly has an 'any' type.
src/components/ChatBot/Chatbot.tsx(213,22): error TS7006: Parameter 'prev' implicitly has an 'any' type.
src/components/ChatBot/Chatbot.tsx(215,39): error TS7006: Parameter 'mode' implicitly has an 'any' type.
src/components/ChatBot/Chatbot.tsx(227,24): error TS7006: Parameter 'result' implicitly has an 'any' type.
src/components/ChatBot/Chatbot.tsx(227,32): error TS7006: Parameter 'index' implicitly has an 'any' type.
src/components/ChatBot/Chatbot.tsx(251,32): error TS7006: Parameter 'prev' implicitly has an 'any' type.
src/components/ChatBot/Chatbot.tsx(252,27): error TS7006: Parameter 'msg' implicitly has an 'any' type.
src/components/ChatBot/Chatbot.tsx(266,32): error TS7006: Parameter 'prev' implicitly has an 'any' type.
src/components/ChatBot/Chatbot.tsx(267,27): error TS7006: Parameter 'msg' implicitly has an 'any' type.
src/components/ChatBot/Chatbot.tsx(275,28): error TS7006: Parameter 'prev' implicitly has an 'any' type.
src/components/ChatBot/Chatbot.tsx(276,23): error TS7006: Parameter 'msg' implicitly has an 'any' type.
src/components/ChatBot/Chatbot.tsx(290,24): error TS7006: Parameter 'prev' implicitly has an 'any' type.
src/components/ChatBot/Chatbot.tsx(291,19): error TS7006: Parameter 'msg' implicitly has an 'any' type.
src/components/ChatBot/Chatbot.tsx(296,26): error TS7006: Parameter 'prev' implicitly has an 'any' type.
src/components/ChatBot/Chatbot.tsx(297,21): error TS7006: Parameter 'msg' implicitly has an 'any' type.
src/components/ChatBot/Chatbot.tsx(325,41): error TS7006: Parameter 'msg' implicitly has an 'any' type.
src/components/ChatBot/Chatbot.tsx(331,24): error TS7006: Parameter 'msgs' implicitly has an 'any' type.
src/components/ChatBot/Chatbot.tsx(331,43): error TS7006: Parameter 'msg' implicitly has an 'any' type.
src/components/ChatBot/Chatbot.tsx(337,22): error TS7006: Parameter 'msgs' implicitly has an 'any' type.
src/components/ChatBot/Chatbot.tsx(338,17): error TS7006: Parameter 'msg' implicitly has an 'any' type.
src/components/ChatBot/Chatbot.tsx(346,24): error TS7006: Parameter 'msgs' implicitly has an 'any' type.
src/components/ChatBot/Chatbot.tsx(347,19): error TS7006: Parameter 'msg' implicitly has an 'any' type.
src/components/ChatBot/Chatbot.tsx(359,22): error TS7006: Parameter 'msgs' implicitly has an 'any' type.
src/components/ChatBot/Chatbot.tsx(359,41): error TS7006: Parameter 'msg' implicitly has an 'any' type.
src/components/ChatBot/Chatbot.tsx(364,22): error TS7006: Parameter 'msgs' implicitly has an 'any' type.
src/components/ChatBot/Chatbot.tsx(365,46): error TS7006: Parameter 'msg' implicitly has an 'any' type.
src/components/ChatBot/Chatbot.tsx(366,24): error TS7006: Parameter 'msg' implicitly has an 'any' type.
src/components/ChatBot/Chatbot.tsx(371,47): error TS7006: Parameter 'msg' implicitly has an 'any' type.
src/components/ChatBot/Chatbot.tsx(374,24): error TS7006: Parameter 'prev' implicitly has an 'any' type.
src/components/ChatBot/Chatbot.tsx(375,19): error TS7006: Parameter 'msg' implicitly has an 'any' type.
src/components/ChatBot/Chatbot.tsx(378,24): error TS7006: Parameter 'prev' implicitly has an 'any' type.
src/components/ChatBot/Chatbot.tsx(378,43): error TS7006: Parameter 'msg' implicitly has an 'any' type.
src/components/ChatBot/Chatbot.tsx(422,5): error TS7026: JSX element implicitly has type 'any' because no interface 'JSX.IntrinsicElements' exists.
src/components/ChatBot/Chatbot.tsx(422,5): error TS2307: Cannot find module 'react/jsx-runtime' or its corresponding type declarations.
src/components/ChatBot/Chatbot.tsx(423,7): error TS7026: JSX element implicitly has type 'any' because no interface 'JSX.IntrinsicElements' exists.
src/components/ChatBot/Chatbot.tsx(425,11): error TS7026: JSX element implicitly has type 'any' because no interface 'JSX.IntrinsicElements' exists.
src/components/ChatBot/Chatbot.tsx(426,32): error TS7006: Parameter 'chat' implicitly has an 'any' type.
src/components/ChatBot/Chatbot.tsx(426,38): error TS7006: Parameter 'index' implicitly has an 'any' type.
src/components/ChatBot/Chatbot.tsx(429,17): error TS7026: JSX element implicitly has type 'any' because no interface 'JSX.IntrinsicElements' exists.
src/components/ChatBot/Chatbot.tsx(437,19): error TS7026: JSX element implicitly has type 'any' because no interface 'JSX.IntrinsicElements' exists.
src/components/ChatBot/Chatbot.tsx(460,19): error TS7026: JSX element implicitly has type 'any' because no interface 'JSX.IntrinsicElements' exists.
src/components/ChatBot/Chatbot.tsx(468,21): error TS7026: JSX element implicitly has type 'any' because no interface 'JSX.IntrinsicElements' exists.
src/components/ChatBot/Chatbot.tsx(476,21): error TS7026: JSX element implicitly has type 'any' because no interface 'JSX.IntrinsicElements' exists.
src/components/ChatBot/Chatbot.tsx(477,21): error TS7026: JSX element implicitly has type 'any' because no interface 'JSX.IntrinsicElements' exists.
src/components/ChatBot/Chatbot.tsx(478,23): error TS7026: JSX element implicitly has type 'any' because no interface 'JSX.IntrinsicElements' exists.
src/components/ChatBot/Chatbot.tsx(482,23): error TS7026: JSX element implicitly has type 'any' because no interface 'JSX.IntrinsicElements' exists.
src/components/ChatBot/Chatbot.tsx(544,21): error TS7026: JSX element implicitly has type 'any' because no interface 'JSX.IntrinsicElements' exists.
src/components/ChatBot/Chatbot.tsx(546,17): error TS7026: JSX element implicitly has type 'any' because no interface 'JSX.IntrinsicElements' exists.
src/components/ChatBot/Chatbot.tsx(549,11): error TS7026: JSX element implicitly has type 'any' because no interface 'JSX.IntrinsicElements' exists.
src/components/ChatBot/Chatbot.tsx(551,7): error TS7026: JSX element implicitly has type 'any' because no interface 'JSX.IntrinsicElements' exists.
src/components/ChatBot/Chatbot.tsx(552,7): error TS7026: JSX element implicitly has type 'any' because no interface 'JSX.IntrinsicElements' exists.
src/components/ChatBot/Chatbot.tsx(553,9): error TS7026: JSX element implicitly has type 'any' because no interface 'JSX.IntrinsicElements' exists.
src/components/ChatBot/Chatbot.tsx(565,12): error TS2741: Property 'children' is missing in type '{ label: string; placement: "top"; text: string; type: "submit"; disabled: any; size: "medium"; }' but required in type '{ text: any; children: React.ReactNode; onClick?: any; size?: "small" | "medium" | "large" | undefined; clean?: boolean | undefined; grouped?: boolean | undefined; placement?: "bottom" | "top" | "right" | "left" | undefined; ... 6 more ...; color?: "success" | ... 4 more ... | undefined; }'.
src/components/ChatBot/Chatbot.tsx(576,9): error TS7026: JSX element implicitly has type 'any' because no interface 'JSX.IntrinsicElements' exists.
src/components/ChatBot/Chatbot.tsx(577,7): error TS7026: JSX element implicitly has type 'any' because no interface 'JSX.IntrinsicElements' exists.
src/components/ChatBot/Chatbot.tsx(588,11): error TS7026: JSX element implicitly has type 'any' because no interface 'JSX.IntrinsicElements' exists.
src/components/ChatBot/Chatbot.tsx(626,11): error TS7026: JSX element implicitly has type 'any' because no interface 'JSX.IntrinsicElements' exists.
src/components/ChatBot/Chatbot.tsx(665,5): error TS7026: JSX element implicitly has type 'any' because no interface 'JSX.IntrinsicElements' exists.
src/components/ChatBot/chatInfo.ts(8,16): error TS2503: Cannot find namespace 'React'.
src/components/ChatBot/chatInfo.ts(8,31): error TS2503: Cannot find namespace 'React'.
src/components/ChatBot/chatInfo.ts(9,15): error TS2503: Cannot find namespace 'React'.
src/components/ChatBot/chatInfo.ts(9,30): error TS2503: Cannot find namespace 'React'.
src/components/ChatBot/chatInfo.ts(10,21): error TS2503: Cannot find namespace 'React'.
src/components/ChatBot/chatInfo.ts(10,36): error TS2503: Cannot find namespace 'React'.
src/components/ChatBot/chatInfo.ts(11,17): error TS2503: Cannot find namespace 'React'.
src/components/ChatBot/chatInfo.ts(11,32): error TS2503: Cannot find namespace 'React'.
src/components/ChatBot/chatInfo.ts(12,25): error TS2503: Cannot find namespace 'React'.
src/components/ChatBot/chatInfo.ts(12,40): error TS2503: Cannot find namespace 'React'.
src/components/ChatBot/ChatInfoModal.tsx(12,8): error TS2307: Cannot find module '@neo4j-ndl/react' or its corresponding type declarations.
src/components/ChatBot/ChatInfoModal.tsx(13,81): error TS2307: Cannot find module '@neo4j-ndl/react/icons' or its corresponding type declarations.
src/components/ChatBot/ChatInfoModal.tsx(15,32): error TS2307: Cannot find module '../../assets/images/Neo4jRetrievalLogo.png' or its corresponding type declarations.
src/components/ChatBot/ChatInfoModal.tsx(17,58): error TS2307: Cannot find module 'react' or its corresponding type declarations.
src/components/ChatBot/ChatInfoModal.tsx(22,24): error TS2307: Cannot find module '@neo4j-ndl/base' or its corresponding type declarations.
src/components/ChatBot/ChatInfoModal.tsx(28,30): error TS2307: Cannot find module '@neo4j-nvl/base' or its corresponding type declarations.
src/components/ChatBot/ChatInfoModal.tsx(31,23): error TS2307: Cannot find module '@mui/material' or its corresponding type declarations.
src/components/ChatBot/ChatInfoModal.tsx(35,22): error TS2503: Cannot find namespace 'React'.
src/components/ChatBot/ChatInfoModal.tsx(36,3): error TS7031: Binding element 'sources' implicitly has an 'any' type.
src/components/ChatBot/ChatInfoModal.tsx(37,3): error TS7031: Binding element 'model' implicitly has an 'any' type.
src/components/ChatBot/ChatInfoModal.tsx(38,3): error TS7031: Binding element 'total_tokens' implicitly has an 'any' type.
src/components/ChatBot/ChatInfoModal.tsx(39,3): error TS7031: Binding element 'response_time' implicitly has an 'any' type.
src/components/ChatBot/ChatInfoModal.tsx(40,3): error TS7031: Binding element 'nodeDetails' implicitly has an 'any' type.
src/components/ChatBot/ChatInfoModal.tsx(41,3): error TS7031: Binding element 'mode' implicitly has an 'any' type.
src/components/ChatBot/ChatInfoModal.tsx(42,3): error TS7031: Binding element 'cypher_query' implicitly has an 'any' type.
src/components/ChatBot/ChatInfoModal.tsx(43,3): error TS7031: Binding element 'graphonly_entities' implicitly has an 'any' type.
src/components/ChatBot/ChatInfoModal.tsx(44,3): error TS7031: Binding element 'error' implicitly has an 'any' type.
src/components/ChatBot/ChatInfoModal.tsx(45,3): error TS7031: Binding element 'entities_ids' implicitly has an 'any' type.
src/components/ChatBot/ChatInfoModal.tsx(46,3): error TS7031: Binding element 'metricanswer' implicitly has an 'any' type.
src/components/ChatBot/ChatInfoModal.tsx(47,3): error TS7031: Binding element 'metriccontexts' implicitly has an 'any' type.
src/components/ChatBot/ChatInfoModal.tsx(48,3): error TS7031: Binding element 'metricquestion' implicitly has an 'any' type.
src/components/ChatBot/ChatInfoModal.tsx(49,3): error TS7031: Binding element 'metricmodel' implicitly has an 'any' type.
src/components/ChatBot/ChatInfoModal.tsx(50,3): error TS7031: Binding element 'nodes' implicitly has an 'any' type.
src/components/ChatBot/ChatInfoModal.tsx(51,3): error TS7031: Binding element 'chunks' implicitly has an 'any' type.
src/components/ChatBot/ChatInfoModal.tsx(52,3): error TS7031: Binding element 'infoEntities' implicitly has an 'any' type.
src/components/ChatBot/ChatInfoModal.tsx(53,3): error TS7031: Binding element 'communities' implicitly has an 'any' type.
src/components/ChatBot/ChatInfoModal.tsx(54,3): error TS7031: Binding element 'metricDetails' implicitly has an 'any' type.
src/components/ChatBot/ChatInfoModal.tsx(55,3): error TS7031: Binding element 'relationships' implicitly has an 'any' type.
src/components/ChatBot/ChatInfoModal.tsx(56,3): error TS7031: Binding element 'infoLoading' implicitly has an 'any' type.
src/components/ChatBot/ChatInfoModal.tsx(57,3): error TS7031: Binding element 'metricsLoading' implicitly has an 'any' type.
src/components/ChatBot/ChatInfoModal.tsx(58,3): error TS7031: Binding element 'activeChatmodes' implicitly has an 'any' type.
src/components/ChatBot/ChatInfoModal.tsx(59,3): error TS7031: Binding element 'metricError' implicitly has an 'any' type.
src/components/ChatBot/ChatInfoModal.tsx(60,3): error TS7031: Binding element 'multiModelMetrics' implicitly has an 'any' type.
src/components/ChatBot/ChatInfoModal.tsx(61,3): error TS7031: Binding element 'saveNodes' implicitly has an 'any' type.
src/components/ChatBot/ChatInfoModal.tsx(62,3): error TS7031: Binding element 'saveChunks' implicitly has an 'any' type.
src/components/ChatBot/ChatInfoModal.tsx(63,3): error TS7031: Binding element 'saveChatRelationships' implicitly has an 'any' type.
src/components/ChatBot/ChatInfoModal.tsx(64,3): error TS7031: Binding element 'saveCommunities' implicitly has an 'any' type.
src/components/ChatBot/ChatInfoModal.tsx(65,3): error TS7031: Binding element 'saveInfoEntitites' implicitly has an 'any' type.
src/components/ChatBot/ChatInfoModal.tsx(66,3): error TS7031: Binding element 'saveMetrics' implicitly has an 'any' type.
src/components/ChatBot/ChatInfoModal.tsx(67,3): error TS7031: Binding element 'toggleInfoLoading' implicitly has an 'any' type.
src/components/ChatBot/ChatInfoModal.tsx(68,3): error TS7031: Binding element 'toggleMetricsLoading' implicitly has an 'any' type.
src/components/ChatBot/ChatInfoModal.tsx(69,3): error TS7031: Binding element 'saveMultimodemetrics' implicitly has an 'any' type.
src/components/ChatBot/ChatInfoModal.tsx(213,18): error TS18046: 'r' is of type 'unknown'.
src/components/ChatBot/ChatInfoModal.tsx(216,18): error TS18046: 'r' is of type 'unknown'.
src/components/ChatBot/ChatInfoModal.tsx(233,48): error TS18046: 'scores' is of type 'unknown'.
src/components/ChatBot/ChatInfoModal.tsx(233,87): error TS18046: 'scores' is of type 'unknown'.
src/components/ChatBot/ChatInfoModal.tsx(251,5): error TS2307: Cannot find module 'react/jsx-runtime' or its corresponding type declarations.
src/components/ChatBot/ChatInfoModal.tsx(253,9): error TS7026: JSX element implicitly has type 'any' because no interface 'JSX.IntrinsicElements' exists.
src/components/ChatBot/ChatInfoModal.tsx(261,57): error TS7026: JSX element implicitly has type 'any' because no interface 'JSX.IntrinsicElements' exists.
src/components/ChatBot/ChatInfoModal.tsx(261,109): error TS7026: JSX element implicitly has type 'any' because no interface 'JSX.IntrinsicElements' exists.
src/components/ChatBot/ChatInfoModal.tsx(262,23): error TS7026: JSX element implicitly has type 'any' because no interface 'JSX.IntrinsicElements' exists.
src/components/ChatBot/ChatInfoModal.tsx(262,65): error TS7026: JSX element implicitly has type 'any' because no interface 'JSX.IntrinsicElements' exists.
src/components/ChatBot/ChatInfoModal.tsx(263,13): error TS7026: JSX element implicitly has type 'any' because no interface 'JSX.IntrinsicElements' exists.
src/components/ChatBot/ChatInfoModal.tsx(263,48): error TS7026: JSX element implicitly has type 'any' because no interface 'JSX.IntrinsicElements' exists.
src/components/ChatBot/ChatInfoModal.tsx(264,13): error TS7026: JSX element implicitly has type 'any' because no interface 'JSX.IntrinsicElements' exists.
src/components/ChatBot/ChatInfoModal.tsx(268,13): error TS7026: JSX element implicitly has type 'any' because no interface 'JSX.IntrinsicElements' exists.
src/components/ChatBot/ChatInfoModal.tsx(321,25): error TS7026: JSX element implicitly has type 'any' because no interface 'JSX.IntrinsicElements' exists.
src/components/ChatBot/ChatInfoModal.tsx(323,25): error TS7026: JSX element implicitly has type 'any' because no interface 'JSX.IntrinsicElements' exists.
src/components/ChatBot/ChatInfoModal.tsx(333,62): error TS7026: JSX element implicitly has type 'any' because no interface 'JSX.IntrinsicElements' exists.
src/components/ChatBot/ChatInfoModal.tsx(333,105): error TS7026: JSX element implicitly has type 'any' because no interface 'JSX.IntrinsicElements' exists.
src/components/ChatBot/ChatInfoModal.tsx(335,25): error TS7026: JSX element implicitly has type 'any' because no interface 'JSX.IntrinsicElements' exists.
src/components/ChatBot/ChatInfoModal.tsx(335,63): error TS7026: JSX element implicitly has type 'any' because no interface 'JSX.IntrinsicElements' exists.
src/components/ChatBot/ChatInfoModal.tsx(340,19): error TS7026: JSX element implicitly has type 'any' because no interface 'JSX.IntrinsicElements' exists.
src/components/ChatBot/ChatInfoModal.tsx(340,59): error TS7026: JSX element implicitly has type 'any' because no interface 'JSX.IntrinsicElements' exists.
src/components/ChatBot/ChatInfoModal.tsx(344,19): error TS7026: JSX element implicitly has type 'any' because no interface 'JSX.IntrinsicElements' exists.
src/components/ChatBot/ChatInfoModal.tsx(344,63): error TS7026: JSX element implicitly has type 'any' because no interface 'JSX.IntrinsicElements' exists.
src/components/ChatBot/ChatModesSwitch.tsx(1,34): error TS2307: Cannot find module '@neo4j-ndl/react' or its corresponding type declarations.
src/components/ChatBot/ChatModesSwitch.tsx(2,61): error TS2307: Cannot find module '@neo4j-ndl/react/icons' or its corresponding type declarations.
src/components/ChatBot/ChatModesSwitch.tsx(24,5): error TS2307: Cannot find module 'react/jsx-runtime' or its corresponding type declarations.
src/components/ChatBot/ChatModesSwitch.tsx(34,8): error TS2741: Property 'children' is missing in type '{ tooltip: string; placement: "top"; }' but required in type '{ placement: Side; children: React.ReactNode; tooltip: string; }'.
src/components/ChatBot/ChatModesSwitch.tsx(35,9): error TS7026: JSX element implicitly has type 'any' because no interface 'JSX.IntrinsicElements' exists.
src/components/ChatBot/ChatModesSwitch.tsx(39,9): error TS7026: JSX element implicitly has type 'any' because no interface 'JSX.IntrinsicElements' exists.
src/components/ChatBot/ChatModeToggle.tsx(1,45): error TS2307: Cannot find module '@neo4j-ndl/react' or its corresponding type declarations.
src/components/ChatBot/ChatModeToggle.tsx(2,36): error TS2307: Cannot find module 'react' or its corresponding type declarations.
src/components/ChatBot/ChatModeToggle.tsx(6,28): error TS2307: Cannot find module '@mui/material' or its corresponding type declarations.
src/components/ChatBot/ChatModeToggle.tsx(34,33): error TS7006: Parameter 'm' implicitly has an 'any' type.
src/components/ChatBot/ChatModeToggle.tsx(37,36): error TS7006: Parameter 'm' implicitly has an 'any' type.
src/components/ChatBot/ChatModeToggle.tsx(43,25): error TS7006: Parameter 'prev' implicitly has an 'any' type.
src/components/ChatBot/ChatModeToggle.tsx(43,47): error TS7006: Parameter 'i' implicitly has an 'any' type.
src/components/ChatBot/ChatModeToggle.tsx(45,25): error TS7006: Parameter 'prev' implicitly has an 'any' type.
src/components/ChatBot/ChatModeToggle.tsx(51,11): error TS7026: JSX element implicitly has type 'any' because no interface 'JSX.IntrinsicElements' exists.
src/components/ChatBot/ChatModeToggle.tsx(57,13): error TS7026: JSX element implicitly has type 'any' because no interface 'JSX.IntrinsicElements' exists.
src/components/ChatBot/ChatModeToggle.tsx(59,13): error TS7026: JSX element implicitly has type 'any' because no interface 'JSX.IntrinsicElements' exists.
src/components/ChatBot/ChatModeToggle.tsx(60,11): error TS7026: JSX element implicitly has type 'any' because no interface 'JSX.IntrinsicElements' exists.
src/components/ChatBot/ChatModeToggle.tsx(65,11): error TS7026: JSX element implicitly has type 'any' because no interface 'JSX.IntrinsicElements' exists.
src/components/ChatBot/ChatModeToggle.tsx(71,11): error TS7026: JSX element implicitly has type 'any' because no interface 'JSX.IntrinsicElements' exists.
src/components/ChatBot/ChatModeToggle.tsx(77,5): error TS2307: Cannot find module 'react/jsx-runtime' or its corresponding type declarations.
src/components/ChatBot/ChunkInfo.tsx(1,42): error TS2307: Cannot find module 'react' or its corresponding type declarations.
src/components/ChatBot/ChunkInfo.tsx(3,59): error TS2307: Cannot find module '@neo4j-ndl/react' or its corresponding type declarations.
src/components/ChatBot/ChunkInfo.tsx(4,62): error TS2307: Cannot find module '@neo4j-ndl/react/icons' or its corresponding type declarations.
src/components/ChatBot/ChunkInfo.tsx(5,27): error TS2307: Cannot find module '../../assets/images/wikipedia.svg' or its corresponding type declarations.
src/components/ChatBot/ChunkInfo.tsx(6,25): error TS2307: Cannot find module '../../assets/images/youtube.svg' or its corresponding type declarations.
src/components/ChatBot/ChunkInfo.tsx(7,21): error TS2307: Cannot find module '../../assets/images/gcs.webp' or its corresponding type declarations.
src/components/ChatBot/ChunkInfo.tsx(8,20): error TS2307: Cannot find module '../../assets/images/s3logo.png' or its corresponding type declarations.
src/components/ChatBot/ChunkInfo.tsx(9,27): error TS2307: Cannot find module 'react-markdown' or its corresponding type declarations.
src/components/ChatBot/ChunkInfo.tsx(17,38): error TS7031: Binding element 'loading' implicitly has an 'any' type.
src/components/ChatBot/ChunkInfo.tsx(17,47): error TS7031: Binding element 'chunks' implicitly has an 'any' type.
src/components/ChatBot/ChunkInfo.tsx(17,55): error TS7031: Binding element 'mode' implicitly has an 'any' type.
src/components/ChatBot/ChunkInfo.tsx(40,5): error TS2307: Cannot find module 'react/jsx-runtime' or its corresponding type declarations.
src/components/ChatBot/ChunkInfo.tsx(46,9): error TS7026: JSX element implicitly has type 'any' because no interface 'JSX.IntrinsicElements' exists.
src/components/ChatBot/ChunkInfo.tsx(47,11): error TS7026: JSX element implicitly has type 'any' because no interface 'JSX.IntrinsicElements' exists.
src/components/ChatBot/ChunkInfo.tsx(48,26): error TS7006: Parameter 'chunk' implicitly has an 'any' type.
src/components/ChatBot/ChunkInfo.tsx(49,15): error TS7026: JSX element implicitly has type 'any' because no interface 'JSX.IntrinsicElements' exists.
src/components/ChatBot/ChunkInfo.tsx(52,21): error TS7026: JSX element implicitly has type 'any' because no interface 'JSX.IntrinsicElements' exists.
src/components/ChatBot/ChunkInfo.tsx(62,21): error TS7026: JSX element implicitly has type 'any' because no interface 'JSX.IntrinsicElements' exists.
src/components/ChatBot/ChunkInfo.tsx(69,21): error TS7026: JSX element implicitly has type 'any' because no interface 'JSX.IntrinsicElements' exists.
src/components/ChatBot/ChunkInfo.tsx(71,21): error TS7026: JSX element implicitly has type 'any' because no interface 'JSX.IntrinsicElements' exists.
src/components/ChatBot/ChunkInfo.tsx(72,21): error TS7026: JSX element implicitly has type 'any' because no interface 'JSX.IntrinsicElements' exists.
src/components/ChatBot/ChunkInfo.tsx(80,21): error TS7026: JSX element implicitly has type 'any' because no interface 'JSX.IntrinsicElements' exists.
src/components/ChatBot/ChunkInfo.tsx(84,21): error TS7026: JSX element implicitly has type 'any' because no interface 'JSX.IntrinsicElements' exists.
src/components/ChatBot/ChunkInfo.tsx(85,23): error TS7026: JSX element implicitly has type 'any' because no interface 'JSX.IntrinsicElements' exists.
src/components/ChatBot/ChunkInfo.tsx(94,21): error TS7026: JSX element implicitly has type 'any' because no interface 'JSX.IntrinsicElements' exists.
src/components/ChatBot/ChunkInfo.tsx(100,27): error TS7026: JSX element implicitly has type 'any' because no interface 'JSX.IntrinsicElements' exists.
src/components/ChatBot/ChunkInfo.tsx(109,27): error TS7026: JSX element implicitly has type 'any' because no interface 'JSX.IntrinsicElements' exists.
src/components/ChatBot/ChunkInfo.tsx(115,21): error TS7026: JSX element implicitly has type 'any' because no interface 'JSX.IntrinsicElements' exists.
src/components/ChatBot/ChunkInfo.tsx(116,23): error TS7026: JSX element implicitly has type 'any' because no interface 'JSX.IntrinsicElements' exists.
src/components/ChatBot/ChunkInfo.tsx(118,21): error TS7026: JSX element implicitly has type 'any' because no interface 'JSX.IntrinsicElements' exists.
src/components/ChatBot/ChunkInfo.tsx(124,27): error TS7026: JSX element implicitly has type 'any' because no interface 'JSX.IntrinsicElements' exists.
src/components/ChatBot/ChunkInfo.tsx(132,27): error TS7026: JSX element implicitly has type 'any' because no interface 'JSX.IntrinsicElements' exists.
src/components/ChatBot/ChunkInfo.tsx(138,21): error TS7026: JSX element implicitly has type 'any' because no interface 'JSX.IntrinsicElements' exists.
src/components/ChatBot/ChunkInfo.tsx(139,23): error TS7026: JSX element implicitly has type 'any' because no interface 'JSX.IntrinsicElements' exists.
src/components/ChatBot/ChunkInfo.tsx(141,21): error TS7026: JSX element implicitly has type 'any' because no interface 'JSX.IntrinsicElements' exists.
src/components/ChatBot/ChunkInfo.tsx(147,27): error TS7026: JSX element implicitly has type 'any' because no interface 'JSX.IntrinsicElements' exists.
src/components/ChatBot/ChunkInfo.tsx(155,27): error TS7026: JSX element implicitly has type 'any' because no interface 'JSX.IntrinsicElements' exists.
src/components/ChatBot/ChunkInfo.tsx(161,21): error TS7026: JSX element implicitly has type 'any' because no interface 'JSX.IntrinsicElements' exists.
src/components/ChatBot/ChunkInfo.tsx(162,23): error TS7026: JSX element implicitly has type 'any' because no interface 'JSX.IntrinsicElements' exists.
src/components/ChatBot/ChunkInfo.tsx(164,21): error TS7026: JSX element implicitly has type 'any' because no interface 'JSX.IntrinsicElements' exists.
src/components/ChatBot/ChunkInfo.tsx(170,27): error TS7026: JSX element implicitly has type 'any' because no interface 'JSX.IntrinsicElements' exists.
src/components/ChatBot/ChunkInfo.tsx(178,27): error TS7026: JSX element implicitly has type 'any' because no interface 'JSX.IntrinsicElements' exists.
src/components/ChatBot/ChunkInfo.tsx(186,21): error TS7026: JSX element implicitly has type 'any' because no interface 'JSX.IntrinsicElements' exists.
src/components/ChatBot/ChunkInfo.tsx(191,21): error TS7026: JSX element implicitly has type 'any' because no interface 'JSX.IntrinsicElements' exists.
src/components/ChatBot/ChunkInfo.tsx(197,27): error TS7026: JSX element implicitly has type 'any' because no interface 'JSX.IntrinsicElements' exists.
src/components/ChatBot/ChunkInfo.tsx(205,27): error TS7026: JSX element implicitly has type 'any' because no interface 'JSX.IntrinsicElements' exists.
src/components/ChatBot/ChunkInfo.tsx(211,21): error TS7026: JSX element implicitly has type 'any' because no interface 'JSX.IntrinsicElements' exists.
src/components/ChatBot/ChunkInfo.tsx(215,25): error TS7026: JSX element implicitly has type 'any' because no interface 'JSX.IntrinsicElements' exists.
src/components/ChatBot/ChunkInfo.tsx(229,25): error TS7026: JSX element implicitly has type 'any' because no interface 'JSX.IntrinsicElements' exists.
src/components/ChatBot/ChunkInfo.tsx(237,25): error TS7026: JSX element implicitly has type 'any' because no interface 'JSX.IntrinsicElements' exists.
src/components/ChatBot/ChunkInfo.tsx(239,21): error TS7026: JSX element implicitly has type 'any' because no interface 'JSX.IntrinsicElements' exists.
src/components/ChatBot/ChunkInfo.tsx(242,17): error TS7026: JSX element implicitly has type 'any' because no interface 'JSX.IntrinsicElements' exists.
src/components/ChatBot/ChunkInfo.tsx(244,17): error TS7026: JSX element implicitly has type 'any' because no interface 'JSX.IntrinsicElements' exists.
src/components/ChatBot/ChunkInfo.tsx(245,15): error TS7026: JSX element implicitly has type 'any' because no interface 'JSX.IntrinsicElements' exists.
src/components/ChatBot/ChunkInfo.tsx(247,11): error TS7026: JSX element implicitly has type 'any' because no interface 'JSX.IntrinsicElements' exists.
src/components/ChatBot/ChunkInfo.tsx(248,9): error TS7026: JSX element implicitly has type 'any' because no interface 'JSX.IntrinsicElements' exists.
src/components/ChatBot/ChunkInfo.tsx(250,9): error TS7026: JSX element implicitly has type 'any' because no interface 'JSX.IntrinsicElements' exists.
src/components/ChatBot/ChunkInfo.tsx(250,58): error TS7026: JSX element implicitly has type 'any' because no interface 'JSX.IntrinsicElements' exists.
src/components/ChatBot/CommonChatActions.tsx(1,95): error TS2307: Cannot find module '@neo4j-ndl/react/icons' or its corresponding type declarations.
src/components/ChatBot/CommonChatActions.tsx(23,5): error TS2307: Cannot find module 'react/jsx-runtime' or its corresponding type declarations.
src/components/ChatBot/CommonChatActions.tsx(24,8): error TS2741: Property 'children' is missing in type '{ className: string; fill: "text"; placement: "top"; clean: true; text: string; label: string; disabled: boolean | undefined; onClick: () => void; "aria-label": string; }' but required in type '{ text: any; children: React.ReactNode; onClick?: any; size?: "small" | "medium" | "large" | undefined; clean?: boolean | undefined; grouped?: boolean | undefined; placement?: "bottom" | "top" | "right" | "left" | undefined; ... 6 more ...; color?: "success" | ... 4 more ... | undefined; }'.
src/components/ChatBot/CommonChatActions.tsx(37,8): error TS2741: Property 'children' is missing in type '{ label: string; placement: "top"; clean: true; text: string; onClick: () => void; disabled: boolean | undefined; "aria-label": string; }' but required in type '{ label: string; text: any; children: React.ReactNode; onClick?: any; size?: "small" | "medium" | "large" | undefined; clean?: boolean | undefined; grouped?: boolean | undefined; placement?: "bottom" | "top" | "right" | "left" | undefined; disabled?: boolean | undefined; }'.
src/components/ChatBot/CommonChatActions.tsx(48,8): error TS2741: Property 'children' is missing in type '{ placement: "top"; clean: true; onClick: () => void; text: string; disabled: boolean; label: string; "aria-label": string; }' but required in type '{ label: string; text: any; children: React.ReactNode; onClick?: any; size?: "small" | "medium" | "large" | undefined; clean?: boolean | undefined; grouped?: boolean | undefined; placement?: "bottom" | "top" | "right" | "left" | undefined; disabled?: boolean | undefined; }'.
src/components/ChatBot/CommunitiesInfo.tsx(1,65): error TS2307: Cannot find module '@neo4j-ndl/react' or its corresponding type declarations.
src/components/ChatBot/CommunitiesInfo.tsx(2,30): error TS2307: Cannot find module 'react' or its corresponding type declarations.
src/components/ChatBot/CommunitiesInfo.tsx(3,27): error TS2307: Cannot find module 'react-markdown' or its corresponding type declarations.
src/components/ChatBot/CommunitiesInfo.tsx(10,50): error TS7031: Binding element 'loading' implicitly has an 'any' type.
src/components/ChatBot/CommunitiesInfo.tsx(10,59): error TS7031: Binding element 'communities' implicitly has an 'any' type.
src/components/ChatBot/CommunitiesInfo.tsx(10,72): error TS7031: Binding element 'mode' implicitly has an 'any' type.
src/components/ChatBot/CommunitiesInfo.tsx(32,5): error TS2307: Cannot find module 'react/jsx-runtime' or its corresponding type declarations.
src/components/ChatBot/CommunitiesInfo.tsx(38,9): error TS7026: JSX element implicitly has type 'any' because no interface 'JSX.IntrinsicElements' exists.
src/components/ChatBot/CommunitiesInfo.tsx(39,11): error TS7026: JSX element implicitly has type 'any' because no interface 'JSX.IntrinsicElements' exists.
src/components/ChatBot/CommunitiesInfo.tsx(40,31): error TS7006: Parameter 'community' implicitly has an 'any' type.
src/components/ChatBot/CommunitiesInfo.tsx(40,42): error TS7006: Parameter 'index' implicitly has an 'any' type.
src/components/ChatBot/CommunitiesInfo.tsx(41,15): error TS7026: JSX element implicitly has type 'any' because no interface 'JSX.IntrinsicElements' exists.
src/components/ChatBot/CommunitiesInfo.tsx(42,17): error TS7026: JSX element implicitly has type 'any' because no interface 'JSX.IntrinsicElements' exists.
src/components/ChatBot/CommunitiesInfo.tsx(57,17): error TS7026: JSX element implicitly has type 'any' because no interface 'JSX.IntrinsicElements' exists.
src/components/ChatBot/CommunitiesInfo.tsx(58,15): error TS7026: JSX element implicitly has type 'any' because no interface 'JSX.IntrinsicElements' exists.
src/components/ChatBot/CommunitiesInfo.tsx(60,11): error TS7026: JSX element implicitly has type 'any' because no interface 'JSX.IntrinsicElements' exists.
src/components/ChatBot/CommunitiesInfo.tsx(61,9): error TS7026: JSX element implicitly has type 'any' because no interface 'JSX.IntrinsicElements' exists.
src/components/ChatBot/CommunitiesInfo.tsx(63,9): error TS7026: JSX element implicitly has type 'any' because no interface 'JSX.IntrinsicElements' exists.
src/components/ChatBot/CommunitiesInfo.tsx(63,63): error TS7026: JSX element implicitly has type 'any' because no interface 'JSX.IntrinsicElements' exists.
src/components/ChatBot/EntitiesInfo.tsx(1,71): error TS2307: Cannot find module '@neo4j-ndl/react' or its corresponding type declarations.
src/components/ChatBot/EntitiesInfo.tsx(2,39): error TS2307: Cannot find module 'react' or its corresponding type declarations.
src/components/ChatBot/EntitiesInfo.tsx(4,31): error TS2307: Cannot find module '@neo4j-devtools/word-color' or its corresponding type declarations.
src/components/ChatBot/EntitiesInfo.tsx(11,44): error TS7031: Binding element 'loading' implicitly has an 'any' type.
src/components/ChatBot/EntitiesInfo.tsx(11,53): error TS7031: Binding element 'mode' implicitly has an 'any' type.
src/components/ChatBot/EntitiesInfo.tsx(11,59): error TS7031: Binding element 'graphonly_entities' implicitly has an 'any' type.
src/components/ChatBot/EntitiesInfo.tsx(11,79): error TS7031: Binding element 'infoEntities' implicitly has an 'any' type.
src/components/ChatBot/EntitiesInfo.tsx(20,40): error TS7006: Parameter 'acc' implicitly has an 'any' type.
src/components/ChatBot/EntitiesInfo.tsx(20,45): error TS7006: Parameter 'entity' implicitly has an 'any' type.
src/components/ChatBot/EntitiesInfo.tsx(60,5): error TS2307: Cannot find module 'react/jsx-runtime' or its corresponding type declarations.
src/components/ChatBot/EntitiesInfo.tsx(67,9): error TS7026: JSX element implicitly has type 'any' because no interface 'JSX.IntrinsicElements' exists.
src/components/ChatBot/EntitiesInfo.tsx(69,39): error TS7006: Parameter 'label' implicitly has an 'any' type.
src/components/ChatBot/EntitiesInfo.tsx(69,46): error TS7006: Parameter 'index' implicitly has an 'any' type.
src/components/ChatBot/EntitiesInfo.tsx(70,17): error TS7026: JSX element implicitly has type 'any' because no interface 'JSX.IntrinsicElements' exists.
src/components/ChatBot/EntitiesInfo.tsx(76,19): error TS7026: JSX element implicitly has type 'any' because no interface 'JSX.IntrinsicElements' exists.
src/components/ChatBot/EntitiesInfo.tsx(78,23): error TS7026: JSX element implicitly has type 'any' because no interface 'JSX.IntrinsicElements' exists.
src/components/ChatBot/EntitiesInfo.tsx(91,23): error TS7026: JSX element implicitly has type 'any' because no interface 'JSX.IntrinsicElements' exists.
src/components/ChatBot/EntitiesInfo.tsx(93,19): error TS7026: JSX element implicitly has type 'any' because no interface 'JSX.IntrinsicElements' exists.
src/components/ChatBot/EntitiesInfo.tsx(94,17): error TS7026: JSX element implicitly has type 'any' because no interface 'JSX.IntrinsicElements' exists.
src/components/ChatBot/EntitiesInfo.tsx(96,33): error TS7006: Parameter 'label' implicitly has an 'any' type.
src/components/ChatBot/EntitiesInfo.tsx(96,40): error TS7006: Parameter 'index' implicitly has an 'any' type.
src/components/ChatBot/EntitiesInfo.tsx(99,19): error TS7026: JSX element implicitly has type 'any' because no interface 'JSX.IntrinsicElements' exists.
src/components/ChatBot/EntitiesInfo.tsx(114,30): error TS7006: Parameter 'e' implicitly has an 'any' type.
src/components/ChatBot/EntitiesInfo.tsx(118,29): error TS7026: JSX element implicitly has type 'any' because no interface 'JSX.IntrinsicElements' exists.
src/components/ChatBot/EntitiesInfo.tsx(126,29): error TS7026: JSX element implicitly has type 'any' because no interface 'JSX.IntrinsicElements' exists.
src/components/ChatBot/EntitiesInfo.tsx(130,19): error TS7026: JSX element implicitly has type 'any' because no interface 'JSX.IntrinsicElements' exists.
src/components/ChatBot/EntitiesInfo.tsx(133,9): error TS7026: JSX element implicitly has type 'any' because no interface 'JSX.IntrinsicElements' exists.
src/components/ChatBot/EntitiesInfo.tsx(135,9): error TS7026: JSX element implicitly has type 'any' because no interface 'JSX.IntrinsicElements' exists.
src/components/ChatBot/EntitiesInfo.tsx(135,59): error TS7026: JSX element implicitly has type 'any' because no interface 'JSX.IntrinsicElements' exists.
src/components/ChatBot/ExpandedChatButtonContainer.tsx(1,52): error TS2307: Cannot find module '@neo4j-ndl/react/icons' or its corresponding type declarations.
src/components/ChatBot/ExpandedChatButtonContainer.tsx(3,33): error TS2307: Cannot find module '@neo4j-ndl/react' or its corresponding type declarations.
src/components/ChatBot/ExpandedChatButtonContainer.tsx(7,32): error TS2307: Cannot find module 'react' or its corresponding type declarations.
src/components/ChatBot/ExpandedChatButtonContainer.tsx(8,36): error TS2307: Cannot find module 'react-icons/ri' or its corresponding type declarations.
src/components/ChatBot/ExpandedChatButtonContainer.tsx(10,36): error TS2503: Cannot find namespace 'React'.
src/components/ChatBot/ExpandedChatButtonContainer.tsx(10,61): error TS7031: Binding element 'closeChatBot' implicitly has an 'any' type.
src/components/ChatBot/ExpandedChatButtonContainer.tsx(10,75): error TS7031: Binding element 'deleteOnClick' implicitly has an 'any' type.
src/components/ChatBot/ExpandedChatButtonContainer.tsx(10,90): error TS7031: Binding element 'messages' implicitly has an 'any' type.
src/components/ChatBot/ExpandedChatButtonContainer.tsx(14,5): error TS7026: JSX element implicitly has type 'any' because no interface 'JSX.IntrinsicElements' exists.
src/components/ChatBot/ExpandedChatButtonContainer.tsx(14,5): error TS2307: Cannot find module 'react/jsx-runtime' or its corresponding type declarations.
src/components/ChatBot/ExpandedChatButtonContainer.tsx(23,10): error TS2741: Property 'children' is missing in type '{ onClick: (e: any) => void; clean: true; text: string; placement: "bottom"; label: string; }' but required in type '{ label: string; text: any; children: React.ReactNode; onClick?: any; size?: "small" | "medium" | "large" | undefined; clean?: boolean | undefined; grouped?: boolean | undefined; placement?: "bottom" | "top" | "right" | "left" | undefined; disabled?: boolean | undefined; }'.
src/components/ChatBot/ExpandedChatButtonContainer.tsx(24,21): error TS7006: Parameter 'e' implicitly has an 'any' type.
src/components/ChatBot/ExpandedChatButtonContainer.tsx(35,10): error TS2741: Property 'children' is missing in type '{ text: string; "aria-label": string; clean: true; onClick: any; disabled: boolean; placement: "bottom"; label: string; }' but required in type '{ label: string; text: any; children: React.ReactNode; onClick?: any; size?: "small" | "medium" | "large" | undefined; clean?: boolean | undefined; grouped?: boolean | undefined; placement?: "bottom" | "top" | "right" | "left" | undefined; disabled?: boolean | undefined; }'.
src/components/ChatBot/ExpandedChatButtonContainer.tsx(50,5): error TS7026: JSX element implicitly has type 'any' because no interface 'JSX.IntrinsicElements' exists.
src/components/ChatBot/MetricsTab.tsx(1,71): error TS2307: Cannot find module '@neo4j-ndl/react' or its corresponding type declarations.
src/components/ChatBot/MetricsTab.tsx(2,39): error TS2307: Cannot find module 'react' or its corresponding type declarations.
src/components/ChatBot/MetricsTab.tsx(10,8): error TS2307: Cannot find module '@tanstack/react-table' or its corresponding type declarations.
src/components/ChatBot/MetricsTab.tsx(31,30): error TS7006: Parameter 'row' implicitly has an 'any' type.
src/components/ChatBot/MetricsTab.tsx(33,16): error TS7006: Parameter 'info' implicitly has an 'any' type.
src/components/ChatBot/MetricsTab.tsx(38,23): error TS7006: Parameter 'w' implicitly has an 'any' type.
src/components/ChatBot/MetricsTab.tsx(42,13): error TS7026: JSX element implicitly has type 'any' because no interface 'JSX.IntrinsicElements' exists.
src/components/ChatBot/MetricsTab.tsx(43,15): error TS7026: JSX element implicitly has type 'any' because no interface 'JSX.IntrinsicElements' exists.
src/components/ChatBot/MetricsTab.tsx(43,55): error TS7026: JSX element implicitly has type 'any' because no interface 'JSX.IntrinsicElements' exists.
src/components/ChatBot/MetricsTab.tsx(44,13): error TS7026: JSX element implicitly has type 'any' because no interface 'JSX.IntrinsicElements' exists.
src/components/ChatBot/MetricsTab.tsx(47,23): error TS7026: JSX element implicitly has type 'any' because no interface 'JSX.IntrinsicElements' exists.
src/components/ChatBot/MetricsTab.tsx(47,35): error TS7026: JSX element implicitly has type 'any' because no interface 'JSX.IntrinsicElements' exists.
src/components/ChatBot/MetricsTab.tsx(48,18): error TS7006: Parameter 'info' implicitly has an 'any' type.
src/components/ChatBot/MetricsTab.tsx(50,30): error TS7006: Parameter 'row' implicitly has an 'any' type.
src/components/ChatBot/MetricsTab.tsx(52,16): error TS7006: Parameter 'info' implicitly has an 'any' type.
src/components/ChatBot/MetricsTab.tsx(78,5): error TS2307: Cannot find module 'react/jsx-runtime' or its corresponding type declarations.
src/components/ChatBot/MetricsTab.tsx(93,20): error TS7006: Parameter 'props' implicitly has an 'any' type.
src/components/ChatBot/MetricsTab.tsx(94,41): error TS7031: Binding element 'isSelected' implicitly has an 'any' type.
src/components/ChatBot/MetricsTab.tsx(94,53): error TS7031: Binding element 'innerProps' implicitly has an 'any' type.
src/components/ChatBot/MultiModeMetrics.tsx(8,8): error TS2307: Cannot find module '@tanstack/react-table' or its corresponding type declarations.
src/components/ChatBot/MultiModeMetrics.tsx(10,33): error TS2307: Cannot find module 'react' or its corresponding type declarations.
src/components/ChatBot/MultiModeMetrics.tsx(11,71): error TS2307: Cannot find module '@neo4j-ndl/react' or its corresponding type declarations.
src/components/ChatBot/MultiModeMetrics.tsx(28,30): error TS7006: Parameter 'row' implicitly has an 'any' type.
src/components/ChatBot/MultiModeMetrics.tsx(30,16): error TS7006: Parameter 'info' implicitly has an 'any' type.
src/components/ChatBot/MultiModeMetrics.tsx(35,23): error TS7006: Parameter 'w' implicitly has an 'any' type.
src/components/ChatBot/MultiModeMetrics.tsx(39,13): error TS7026: JSX element implicitly has type 'any' because no interface 'JSX.IntrinsicElements' exists.
src/components/ChatBot/MultiModeMetrics.tsx(40,15): error TS7026: JSX element implicitly has type 'any' because no interface 'JSX.IntrinsicElements' exists.
src/components/ChatBot/MultiModeMetrics.tsx(40,55): error TS7026: JSX element implicitly has type 'any' because no interface 'JSX.IntrinsicElements' exists.
src/components/ChatBot/MultiModeMetrics.tsx(41,13): error TS7026: JSX element implicitly has type 'any' because no interface 'JSX.IntrinsicElements' exists.
src/components/ChatBot/MultiModeMetrics.tsx(44,23): error TS7026: JSX element implicitly has type 'any' because no interface 'JSX.IntrinsicElements' exists.
src/components/ChatBot/MultiModeMetrics.tsx(44,33): error TS7026: JSX element implicitly has type 'any' because no interface 'JSX.IntrinsicElements' exists.
src/components/ChatBot/MultiModeMetrics.tsx(45,18): error TS7006: Parameter 'info' implicitly has an 'any' type.
src/components/ChatBot/MultiModeMetrics.tsx(47,30): error TS7006: Parameter 'row' implicitly has an 'any' type.
src/components/ChatBot/MultiModeMetrics.tsx(49,16): error TS7006: Parameter 'info' implicitly has an 'any' type.
src/components/ChatBot/MultiModeMetrics.tsx(52,23): error TS7026: JSX element implicitly has type 'any' because no interface 'JSX.IntrinsicElements' exists.
src/components/ChatBot/MultiModeMetrics.tsx(52,45): error TS7026: JSX element implicitly has type 'any' because no interface 'JSX.IntrinsicElements' exists.
src/components/ChatBot/MultiModeMetrics.tsx(54,30): error TS7006: Parameter 'row' implicitly has an 'any' type.
src/components/ChatBot/MultiModeMetrics.tsx(56,16): error TS7006: Parameter 'info' implicitly has an 'any' type.
src/components/ChatBot/MultiModeMetrics.tsx(59,23): error TS7026: JSX element implicitly has type 'any' because no interface 'JSX.IntrinsicElements' exists.
src/components/ChatBot/MultiModeMetrics.tsx(59,41): error TS7026: JSX element implicitly has type 'any' because no interface 'JSX.IntrinsicElements' exists.
src/components/ChatBot/MultiModeMetrics.tsx(78,5): error TS2307: Cannot find module 'react/jsx-runtime' or its corresponding type declarations.
src/components/ChatBot/MultiModeMetrics.tsx(93,20): error TS7006: Parameter 'props' implicitly has an 'any' type.
src/components/ChatBot/MultiModeMetrics.tsx(94,41): error TS7031: Binding element 'isSelected' implicitly has an 'any' type.
src/components/ChatBot/MultiModeMetrics.tsx(94,53): error TS7031: Binding element 'innerProps' implicitly has an 'any' type.
src/components/ChatBot/SourcesInfo.tsx(1,32): error TS2307: Cannot find module 'react' or its corresponding type declarations.
src/components/ChatBot/SourcesInfo.tsx(3,59): error TS2307: Cannot find module '@neo4j-ndl/react' or its corresponding type declarations.
src/components/ChatBot/SourcesInfo.tsx(4,62): error TS2307: Cannot find module '@neo4j-ndl/react/icons' or its corresponding type declarations.
src/components/ChatBot/SourcesInfo.tsx(8,27): error TS2307: Cannot find module '../../assets/images/wikipedia.svg' or its corresponding type declarations.
src/components/ChatBot/SourcesInfo.tsx(9,25): error TS2307: Cannot find module '../../assets/images/youtube.svg' or its corresponding type declarations.
src/components/ChatBot/SourcesInfo.tsx(10,21): error TS2307: Cannot find module '../../assets/images/gcs.webp' or its corresponding type declarations.
src/components/ChatBot/SourcesInfo.tsx(11,20): error TS2307: Cannot find module '../../assets/images/s3logo.png' or its corresponding type declarations.
src/components/ChatBot/SourcesInfo.tsx(25,42): error TS7031: Binding element 'loading' implicitly has an 'any' type.
src/components/ChatBot/SourcesInfo.tsx(25,51): error TS7031: Binding element 'mode' implicitly has an 'any' type.
src/components/ChatBot/SourcesInfo.tsx(25,57): error TS7031: Binding element 'chunks' implicitly has an 'any' type.
src/components/ChatBot/SourcesInfo.tsx(25,65): error TS7031: Binding element 'sources' implicitly has an 'any' type.
src/components/ChatBot/SourcesInfo.tsx(29,5): error TS2307: Cannot find module 'react/jsx-runtime' or its corresponding type declarations.
src/components/ChatBot/SourcesInfo.tsx(35,9): error TS7026: JSX element implicitly has type 'any' because no interface 'JSX.IntrinsicElements' exists.
src/components/ChatBot/SourcesInfo.tsx(40,17): error TS7026: JSX element implicitly has type 'any' because no interface 'JSX.IntrinsicElements' exists.
src/components/ChatBot/SourcesInfo.tsx(41,19): error TS7026: JSX element implicitly has type 'any' because no interface 'JSX.IntrinsicElements' exists.
src/components/ChatBot/SourcesInfo.tsx(45,23): error TS7026: JSX element implicitly has type 'any' because no interface 'JSX.IntrinsicElements' exists.
src/components/ChatBot/SourcesInfo.tsx(53,19): error TS7026: JSX element implicitly has type 'any' because no interface 'JSX.IntrinsicElements' exists.
src/components/ChatBot/SourcesInfo.tsx(54,17): error TS7026: JSX element implicitly has type 'any' because no interface 'JSX.IntrinsicElements' exists.
src/components/ChatBot/SourcesInfo.tsx(57,9): error TS7026: JSX element implicitly has type 'any' because no interface 'JSX.IntrinsicElements' exists.
src/components/ChatBot/SourcesInfo.tsx(59,9): error TS7026: JSX element implicitly has type 'any' because no interface 'JSX.IntrinsicElements' exists.
src/components/ChatBot/SourcesInfo.tsx(60,25): error TS7006: Parameter 'link' implicitly has an 'any' type.
src/components/ChatBot/SourcesInfo.tsx(60,31): error TS7006: Parameter 'index' implicitly has an 'any' type.
src/components/ChatBot/SourcesInfo.tsx(62,15): error TS7026: JSX element implicitly has type 'any' because no interface 'JSX.IntrinsicElements' exists.
src/components/ChatBot/SourcesInfo.tsx(66,23): error TS7026: JSX element implicitly has type 'any' because no interface 'JSX.IntrinsicElements' exists.
src/components/ChatBot/SourcesInfo.tsx(67,25): error TS7026: JSX element implicitly has type 'any' because no interface 'JSX.IntrinsicElements' exists.
src/components/ChatBot/SourcesInfo.tsx(78,23): error TS7026: JSX element implicitly has type 'any' because no interface 'JSX.IntrinsicElements' exists.
src/components/ChatBot/SourcesInfo.tsx(81,23): error TS7026: JSX element implicitly has type 'any' because no interface 'JSX.IntrinsicElements' exists.
src/components/ChatBot/SourcesInfo.tsx(82,25): error TS7026: JSX element implicitly has type 'any' because no interface 'JSX.IntrinsicElements' exists.
src/components/ChatBot/SourcesInfo.tsx(87,64): error TS2550: Property 'at' does not exist on type 'string[]'. Do you need to change your target library? Try changing the 'lib' compiler option to 'es2022' or later.
src/components/ChatBot/SourcesInfo.tsx(89,23): error TS7026: JSX element implicitly has type 'any' because no interface 'JSX.IntrinsicElements' exists.
src/components/ChatBot/SourcesInfo.tsx(93,25): error TS7026: JSX element implicitly has type 'any' because no interface 'JSX.IntrinsicElements' exists.
src/components/ChatBot/SourcesInfo.tsx(94,27): error TS7026: JSX element implicitly has type 'any' because no interface 'JSX.IntrinsicElements' exists.
src/components/ChatBot/SourcesInfo.tsx(105,25): error TS7026: JSX element implicitly has type 'any' because no interface 'JSX.IntrinsicElements' exists.
src/components/ChatBot/SourcesInfo.tsx(110,25): error TS7026: JSX element implicitly has type 'any' because no interface 'JSX.IntrinsicElements' exists.
src/components/ChatBot/SourcesInfo.tsx(115,25): error TS7026: JSX element implicitly has type 'any' because no interface 'JSX.IntrinsicElements' exists.
src/components/ChatBot/SourcesInfo.tsx(119,19): error TS7026: JSX element implicitly has type 'any' because no interface 'JSX.IntrinsicElements' exists.
src/components/ChatBot/SourcesInfo.tsx(120,21): error TS7026: JSX element implicitly has type 'any' because no interface 'JSX.IntrinsicElements' exists.
src/components/ChatBot/SourcesInfo.tsx(125,60): error TS2550: Property 'at' does not exist on type 'string[]'. Do you need to change your target library? Try changing the 'lib' compiler option to 'es2022' or later.
src/components/ChatBot/SourcesInfo.tsx(127,19): error TS7026: JSX element implicitly has type 'any' because no interface 'JSX.IntrinsicElements' exists.
src/components/ChatBot/SourcesInfo.tsx(129,19): error TS7026: JSX element implicitly has type 'any' because no interface 'JSX.IntrinsicElements' exists.
src/components/ChatBot/SourcesInfo.tsx(137,19): error TS7026: JSX element implicitly has type 'any' because no interface 'JSX.IntrinsicElements' exists.
src/components/ChatBot/SourcesInfo.tsx(139,15): error TS7026: JSX element implicitly has type 'any' because no interface 'JSX.IntrinsicElements' exists.
src/components/ChatBot/SourcesInfo.tsx(142,9): error TS7026: JSX element implicitly has type 'any' because no interface 'JSX.IntrinsicElements' exists.
src/components/ChatBot/SourcesInfo.tsx(144,9): error TS7026: JSX element implicitly has type 'any' because no interface 'JSX.IntrinsicElements' exists.
src/components/ChatBot/SourcesInfo.tsx(144,58): error TS7026: JSX element implicitly has type 'any' because no interface 'JSX.IntrinsicElements' exists.
src/components/Content.tsx(1,89): error TS2307: Cannot find module 'react' or its corresponding type declarations.
src/components/Content.tsx(3,74): error TS2307: Cannot find module '@neo4j-ndl/react' or its corresponding type declarations.
src/components/Content.tsx(20,33): error TS2307: Cannot find module 'react-router-dom' or its corresponding type declarations.
src/components/Content.tsx(35,22): error TS2307: Cannot find module 'react' or its corresponding type declarations.
src/components/Content.tsx(39,24): error TS2307: Cannot find module '@neo4j-ndl/base' or its corresponding type declarations.
src/components/Content.tsx(40,19): error TS2307: Cannot find module 'axios' or its corresponding type declarations.
src/components/Content.tsx(53,16): error TS2503: Cannot find namespace 'React'.
src/components/Content.tsx(54,3): error TS7031: Binding element 'isLeftExpanded' implicitly has an 'any' type.
src/components/Content.tsx(55,3): error TS7031: Binding element 'isRightExpanded' implicitly has an 'any' type.
src/components/Content.tsx(56,3): error TS7031: Binding element 'isSchema' implicitly has an 'any' type.
src/components/Content.tsx(57,3): error TS7031: Binding element 'setIsSchema' implicitly has an 'any' type.
src/components/Content.tsx(58,3): error TS7031: Binding element 'showEnhancementDialog' implicitly has an 'any' type.
src/components/Content.tsx(59,3): error TS7031: Binding element 'toggleEnhancementDialog' implicitly has an 'any' type.
src/components/Content.tsx(60,3): error TS7031: Binding element 'closeSettingModal' implicitly has an 'any' type.
src/components/Content.tsx(87,58): error TS7006: Parameter 'state' implicitly has an 'any' type.
src/components/Content.tsx(145,28): error TS7006: Parameter 'prev' implicitly has an 'any' type.
src/components/Content.tsx(149,26): error TS7006: Parameter 'prev' implicitly has an 'any' type.
src/components/Content.tsx(154,19): error TS7006: Parameter 'prevfiles' implicitly has an 'any' type.
src/components/Content.tsx(155,29): error TS7006: Parameter 'curfile' implicitly has an 'any' type.
src/components/Content.tsx(226,32): error TS7006: Parameter 'prev' implicitly has an 'any' type.
src/components/Content.tsx(242,30): error TS7006: Parameter 'prev' implicitly has an 'any' type.
src/components/Content.tsx(257,40): error TS7006: Parameter 'f' implicitly has an 'any' type.
src/components/Content.tsx(274,21): error TS7006: Parameter 'prevfiles' implicitly has an 'any' type.
src/components/Content.tsx(275,24): error TS7006: Parameter 'curfile' implicitly has an 'any' type.
src/components/Content.tsx(285,24): error TS7006: Parameter 'prev' implicitly has an 'any' type.
src/components/Content.tsx(317,28): error TS7006: Parameter 'l' implicitly has an 'any' type.
src/components/Content.tsx(318,27): error TS7006: Parameter 't' implicitly has an 'any' type.
src/components/Content.tsx(328,23): error TS7006: Parameter 'prevfiles' implicitly has an 'any' type.
src/components/Content.tsx(329,33): error TS7006: Parameter 'curfile' implicitly has an 'any' type.
src/components/Content.tsx(351,32): error TS7006: Parameter 'prev' implicitly has an 'any' type.
src/components/Content.tsx(361,27): error TS7006: Parameter 'prevfiles' implicitly has an 'any' type.
src/components/Content.tsx(362,30): error TS7006: Parameter 'curfile' implicitly has an 'any' type.
src/components/Content.tsx(374,43): error TS2339: Property 'response' does not exist on type 'Error'.
src/components/Content.tsx(414,21): error TS7006: Parameter 'prev' implicitly has an 'any' type.
src/components/Content.tsx(415,19): error TS7006: Parameter 'pf' implicitly has an 'any' type.
src/components/Content.tsx(463,52): error TS7006: Parameter 'f' implicitly has an 'any' type.
src/components/Content.tsx(502,52): error TS7006: Parameter 'f' implicitly has an 'any' type.
src/components/Content.tsx(517,18): error TS7006: Parameter 'f' implicitly has an 'any' type.
src/components/Content.tsx(523,22): error TS2580: Cannot find name 'process'. Do you need to install type definitions for node? Try `npm i --save-dev @types/node`.
src/components/Content.tsx(568,21): error TS7006: Parameter 'prev' implicitly has an 'any' type.
src/components/Content.tsx(569,26): error TS7006: Parameter 'f' implicitly has an 'any' type.
src/components/Content.tsx(601,55): error TS7006: Parameter 'f' implicitly has an 'any' type.
src/components/Content.tsx(606,55): error TS7006: Parameter 'f' implicitly has an 'any' type.
src/components/Content.tsx(611,28): error TS7006: Parameter 'f' implicitly has an 'any' type.
src/components/Content.tsx(636,42): error TS7006: Parameter 'f' implicitly has an 'any' type.
src/components/Content.tsx(655,68): error TS7006: Parameter 'str' implicitly has an 'any' type.
src/components/Content.tsx(659,27): error TS7006: Parameter 'prev' implicitly has an 'any' type.
src/components/Content.tsx(659,49): error TS7006: Parameter 'f' implicitly has an 'any' type.
src/components/Content.tsx(697,50): error TS7006: Parameter 'f' implicitly has an 'any' type.
src/components/Content.tsx(700,44): error TS7006: Parameter 'f' implicitly has an 'any' type.
src/components/Content.tsx(706,51): error TS7006: Parameter 'f' implicitly has an 'any' type.
src/components/Content.tsx(707,53): error TS7006: Parameter 'accu' implicitly has an 'any' type.
src/components/Content.tsx(707,59): error TS7006: Parameter 'f' implicitly has an 'any' type.
src/components/Content.tsx(717,47): error TS7006: Parameter 'f' implicitly has an 'any' type.
src/components/Content.tsx(742,5): error TS2307: Cannot find module 'react/jsx-runtime' or its corresponding type declarations.
src/components/Content.tsx(781,7): error TS7026: JSX element implicitly has type 'any' because no interface 'JSX.IntrinsicElements' exists.
src/components/Content.tsx(793,11): error TS7026: JSX element implicitly has type 'any' because no interface 'JSX.IntrinsicElements' exists.
src/components/Content.tsx(794,13): error TS7026: JSX element implicitly has type 'any' because no interface 'JSX.IntrinsicElements' exists.
src/components/Content.tsx(794,98): error TS7026: JSX element implicitly has type 'any' because no interface 'JSX.IntrinsicElements' exists.
src/components/Content.tsx(801,15): error TS7026: JSX element implicitly has type 'any' because no interface 'JSX.IntrinsicElements' exists.
src/components/Content.tsx(810,19): error TS7026: JSX element implicitly has type 'any' because no interface 'JSX.IntrinsicElements' exists.
src/components/Content.tsx(815,19): error TS7026: JSX element implicitly has type 'any' because no interface 'JSX.IntrinsicElements' exists.
src/components/Content.tsx(817,19): error TS7026: JSX element implicitly has type 'any' because no interface 'JSX.IntrinsicElements' exists.
src/components/Content.tsx(817,76): error TS7026: JSX element implicitly has type 'any' because no interface 'JSX.IntrinsicElements' exists.
src/components/Content.tsx(819,15): error TS7026: JSX element implicitly has type 'any' because no interface 'JSX.IntrinsicElements' exists.
src/components/Content.tsx(821,11): error TS7026: JSX element implicitly has type 'any' because no interface 'JSX.IntrinsicElements' exists.
src/components/Content.tsx(822,11): error TS7026: JSX element implicitly has type 'any' because no interface 'JSX.IntrinsicElements' exists.
src/components/Content.tsx(823,14): error TS2741: Property 'children' is missing in type '{ placement: "top"; text: string; label: string; className: string; onClick: any; disabled: any; size: "small" | "medium"; }' but required in type '{ text: any; children: React.ReactNode; onClick?: any; size?: "small" | "medium" | "large" | undefined; clean?: boolean | undefined; grouped?: boolean | undefined; placement?: "bottom" | "top" | "right" | "left" | undefined; ... 6 more ...; color?: "success" | ... 4 more ... | undefined; }'.
src/components/Content.tsx(838,51): error TS7006: Parameter 'prev' implicitly has an 'any' type.
src/components/Content.tsx(847,11): error TS7026: JSX element implicitly has type 'any' because no interface 'JSX.IntrinsicElements' exists.
src/components/Content.tsx(853,23): error TS7006: Parameter 'name' implicitly has an 'any' type.
src/components/Content.tsx(858,21): error TS7006: Parameter 'id' implicitly has an 'any' type.
src/components/Content.tsx(881,14): error TS2741: Property 'children' is missing in type '{ text: string; placement: "top"; label: string; onClick: () => void; disabled: any; className: string; size: "small" | "medium"; }' but required in type '{ text: any; children: React.ReactNode; onClick?: any; size?: "small" | "medium" | "large" | undefined; clean?: boolean | undefined; grouped?: boolean | undefined; placement?: "bottom" | "top" | "right" | "left" | undefined; ... 6 more ...; color?: "success" | ... 4 more ... | undefined; }'.
src/components/Content.tsx(893,14): error TS2741: Property 'children' is missing in type '{ text: string; placement: "top"; onClick: () => void; disabled: any; className: string; label: string; size: "small" | "medium"; }' but required in type '{ text: any; children: React.ReactNode; onClick?: any; size?: "small" | "medium" | "large" | undefined; clean?: boolean | undefined; grouped?: boolean | undefined; placement?: "bottom" | "top" | "right" | "left" | undefined; ... 6 more ...; color?: "success" | ... 4 more ... | undefined; }'.
src/components/Content.tsx(904,14): error TS2741: Property 'children' is missing in type '{ text: string; placement: "top"; onClick: () => void; disabled: boolean; className: string; label: string; size: "small" | "medium"; }' but required in type '{ text: any; children: React.ReactNode; onClick?: any; size?: "small" | "medium" | "large" | undefined; clean?: boolean | undefined; grouped?: boolean | undefined; placement?: "bottom" | "top" | "right" | "left" | undefined; ... 6 more ...; color?: "success" | ... 4 more ... | undefined; }'.
src/components/Content.tsx(908,42): error TS7006: Parameter 'f' implicitly has an 'any' type.
src/components/Content.tsx(915,14): error TS2741: Property 'children' is missing in type '{ text: string; placement: "top"; onClick: () => any; disabled: any; className: string; label: string; size: "small" | "medium"; }' but required in type '{ text: any; children: React.ReactNode; onClick?: any; size?: "small" | "medium" | "large" | undefined; clean?: boolean | undefined; grouped?: boolean | undefined; placement?: "bottom" | "top" | "right" | "left" | undefined; ... 6 more ...; color?: "success" | ... 4 more ... | undefined; }'.
src/components/Content.tsx(931,7): error TS7026: JSX element implicitly has type 'any' because no interface 'JSX.IntrinsicElements' exists.
src/components/DataSources/AWS/S3Bucket.tsx(2,20): error TS2307: Cannot find module '../../../assets/images/s3logo.png' or its corresponding type declarations.
src/components/DataSources/AWS/S3Bucket.tsx(6,20): error TS2503: Cannot find namespace 'React'.
src/components/DataSources/AWS/S3Bucket.tsx(6,54): error TS7031: Binding element 'openModal' implicitly has an 'any' type.
src/components/DataSources/AWS/S3Bucket.tsx(8,5): error TS2307: Cannot find module 'react/jsx-runtime' or its corresponding type declarations.
src/components/DataSources/AWS/S3Modal.tsx(1,27): error TS2307: Cannot find module '@neo4j-ndl/react' or its corresponding type declarations.
src/components/DataSources/AWS/S3Modal.tsx(2,33): error TS2307: Cannot find module 'react' or its corresponding type declarations.
src/components/DataSources/AWS/S3Modal.tsx(8,30): error TS2307: Cannot find module 'uuid' or its corresponding type declarations.
src/components/DataSources/AWS/S3Modal.tsx(12,44): error TS7031: Binding element 'hideModal' implicitly has an 'any' type.
src/components/DataSources/AWS/S3Modal.tsx(12,55): error TS7031: Binding element 'open' implicitly has an 'any' type.
src/components/DataSources/AWS/S3Modal.tsx(130,72): error TS7006: Parameter 'e' implicitly has an 'any' type.
src/components/DataSources/AWS/S3Modal.tsx(144,5): error TS2307: Cannot find module 'react/jsx-runtime' or its corresponding type declarations.
src/components/DataSources/AWS/S3Modal.tsx(153,7): error TS7026: JSX element implicitly has type 'any' because no interface 'JSX.IntrinsicElements' exists.
src/components/DataSources/AWS/S3Modal.tsx(154,9): error TS7026: JSX element implicitly has type 'any' because no interface 'JSX.IntrinsicElements' exists.
src/components/DataSources/AWS/S3Modal.tsx(167,24): error TS7006: Parameter 'e' implicitly has an 'any' type.
src/components/DataSources/AWS/S3Modal.tsx(173,11): error TS7026: JSX element implicitly has type 'any' because no interface 'JSX.IntrinsicElements' exists.
src/components/DataSources/AWS/S3Modal.tsx(185,26): error TS7006: Parameter 'e' implicitly has an 'any' type.
src/components/DataSources/AWS/S3Modal.tsx(201,26): error TS7006: Parameter 'e' implicitly has an 'any' type.
src/components/DataSources/AWS/S3Modal.tsx(206,11): error TS7026: JSX element implicitly has type 'any' because no interface 'JSX.IntrinsicElements' exists.
src/components/DataSources/AWS/S3Modal.tsx(207,9): error TS7026: JSX element implicitly has type 'any' because no interface 'JSX.IntrinsicElements' exists.
src/components/DataSources/AWS/S3Modal.tsx(208,7): error TS7026: JSX element implicitly has type 'any' because no interface 'JSX.IntrinsicElements' exists.
src/components/DataSources/GCS/GCSButton.tsx(1,21): error TS2307: Cannot find module '../../../assets/images/gcs.webp' or its corresponding type declarations.
src/components/DataSources/GCS/GCSButton.tsx(5,18): error TS2503: Cannot find namespace 'React'.
src/components/DataSources/GCS/GCSButton.tsx(5,52): error TS7031: Binding element 'openModal' implicitly has an 'any' type.
src/components/DataSources/GCS/GCSButton.tsx(7,5): error TS2307: Cannot find module 'react/jsx-runtime' or its corresponding type declarations.
src/components/DataSources/GCS/GCSModal.tsx(1,27): error TS2307: Cannot find module '@neo4j-ndl/react' or its corresponding type declarations.
src/components/DataSources/GCS/GCSModal.tsx(2,50): error TS2307: Cannot find module 'react' or its corresponding type declarations.
src/components/DataSources/GCS/GCSModal.tsx(7,30): error TS2307: Cannot find module 'uuid' or its corresponding type declarations.
src/components/DataSources/GCS/GCSModal.tsx(9,32): error TS2307: Cannot find module '@react-oauth/google' or its corresponding type declarations.
src/components/DataSources/GCS/GCSModal.tsx(14,17): error TS2503: Cannot find namespace 'React'.
src/components/DataSources/GCS/GCSModal.tsx(14,46): error TS7031: Binding element 'hideModal' implicitly has an 'any' type.
src/components/DataSources/GCS/GCSModal.tsx(14,57): error TS7031: Binding element 'open' implicitly has an 'any' type.
src/components/DataSources/GCS/GCSModal.tsx(14,63): error TS7031: Binding element 'openGCSModal' implicitly has an 'any' type.
src/components/DataSources/GCS/GCSModal.tsx(56,23): error TS7006: Parameter 'codeResponse' implicitly has an 'any' type.
src/components/DataSources/GCS/GCSModal.tsx(140,15): error TS7006: Parameter 'errorResponse' implicitly has an 'any' type.
src/components/DataSources/GCS/GCSModal.tsx(172,25): error TS2503: Cannot find namespace 'React'.
src/components/DataSources/GCS/GCSModal.tsx(172,73): error TS7006: Parameter 'e' implicitly has an 'any' type.
src/components/DataSources/GCS/GCSModal.tsx(186,5): error TS2307: Cannot find module 'react/jsx-runtime' or its corresponding type declarations.
src/components/DataSources/GCS/GCSModal.tsx(195,7): error TS7026: JSX element implicitly has type 'any' because no interface 'JSX.IntrinsicElements' exists.
src/components/DataSources/GCS/GCSModal.tsx(196,9): error TS7026: JSX element implicitly has type 'any' because no interface 'JSX.IntrinsicElements' exists.
src/components/DataSources/GCS/GCSModal.tsx(207,24): error TS7006: Parameter 'e' implicitly has an 'any' type.
src/components/DataSources/GCS/GCSModal.tsx(222,24): error TS7006: Parameter 'e' implicitly has an 'any' type.
src/components/DataSources/GCS/GCSModal.tsx(236,24): error TS7006: Parameter 'e' implicitly has an 'any' type.
src/components/DataSources/GCS/GCSModal.tsx(241,9): error TS7026: JSX element implicitly has type 'any' because no interface 'JSX.IntrinsicElements' exists.
src/components/DataSources/GCS/GCSModal.tsx(242,7): error TS7026: JSX element implicitly has type 'any' because no interface 'JSX.IntrinsicElements' exists.
src/components/DataSources/Local/DropZone.tsx(1,44): error TS2307: Cannot find module '@neo4j-ndl/react' or its corresponding type declarations.
src/components/DataSources/Local/DropZone.tsx(2,56): error TS2307: Cannot find module 'react' or its corresponding type declarations.
src/components/DataSources/Local/DropZone.tsx(4,30): error TS2307: Cannot find module 'uuid' or its corresponding type declarations.
src/components/DataSources/Local/DropZone.tsx(9,46): error TS2307: Cannot find module '@neo4j-ndl/react/icons' or its corresponding type declarations.
src/components/DataSources/Local/DropZone.tsx(101,23): error TS7006: Parameter 'prevfiles' implicitly has an 'any' type.
src/components/DataSources/Local/DropZone.tsx(102,26): error TS7006: Parameter 'curfile' implicitly has an 'any' type.
src/components/DataSources/Local/DropZone.tsx(125,29): error TS7006: Parameter 'prevfiles' implicitly has an 'any' type.
src/components/DataSources/Local/DropZone.tsx(126,32): error TS7006: Parameter 'curfile' implicitly has an 'any' type.
src/components/DataSources/Local/DropZone.tsx(137,27): error TS7006: Parameter 'prevfiles' implicitly has an 'any' type.
src/components/DataSources/Local/DropZone.tsx(138,30): error TS7006: Parameter 'curfile' implicitly has an 'any' type.
src/components/DataSources/Local/DropZone.tsx(162,25): error TS7006: Parameter 'prevfiles' implicitly has an 'any' type.
src/components/DataSources/Local/DropZone.tsx(163,28): error TS7006: Parameter 'curfile' implicitly has an 'any' type.
src/components/DataSources/Local/DropZone.tsx(176,23): error TS7006: Parameter 'prevfiles' implicitly has an 'any' type.
src/components/DataSources/Local/DropZone.tsx(177,26): error TS7006: Parameter 'curfile' implicitly has an 'any' type.
src/components/DataSources/Local/DropZone.tsx(198,5): error TS2307: Cannot find module 'react/jsx-runtime' or its corresponding type declarations.
src/components/DataSources/Local/DropZone.tsx(206,15): error TS7026: JSX element implicitly has type 'any' because no interface 'JSX.IntrinsicElements' exists.
src/components/DataSources/Local/DropZone.tsx(206,50): error TS7026: JSX element implicitly has type 'any' because no interface 'JSX.IntrinsicElements' exists.
src/components/DataSources/Local/DropZone.tsx(207,15): error TS7026: JSX element implicitly has type 'any' because no interface 'JSX.IntrinsicElements' exists.
src/components/DataSources/Local/DropZone.tsx(208,18): error TS2741: Property 'children' is missing in type '{ label: string; clean: true; text: any; }' but required in type '{ label: string; text: any; children: React.ReactNode; onClick?: any; size?: "small" | "medium" | "large" | undefined; clean?: boolean | undefined; grouped?: boolean | undefined; placement?: "bottom" | "top" | "right" | "left" | undefined; disabled?: boolean | undefined; }'.
src/components/DataSources/Local/DropZone.tsx(214,25): error TS7026: JSX element implicitly has type 'any' because no interface 'JSX.IntrinsicElements' exists.
src/components/DataSources/Local/DropZone.tsx(214,68): error TS7026: JSX element implicitly has type 'any' because no interface 'JSX.IntrinsicElements' exists.
src/components/DataSources/Local/DropZone.tsx(215,25): error TS7026: JSX element implicitly has type 'any' because no interface 'JSX.IntrinsicElements' exists.
src/components/DataSources/Local/DropZone.tsx(215,41): error TS7026: JSX element implicitly has type 'any' because no interface 'JSX.IntrinsicElements' exists.
src/components/DataSources/Local/DropZone.tsx(216,25): error TS7026: JSX element implicitly has type 'any' because no interface 'JSX.IntrinsicElements' exists.
src/components/DataSources/Local/DropZone.tsx(216,63): error TS7026: JSX element implicitly has type 'any' because no interface 'JSX.IntrinsicElements' exists.
src/components/DataSources/Local/DropZone.tsx(217,25): error TS7026: JSX element implicitly has type 'any' because no interface 'JSX.IntrinsicElements' exists.
src/components/DataSources/Local/DropZone.tsx(217,55): error TS7026: JSX element implicitly has type 'any' because no interface 'JSX.IntrinsicElements' exists.
src/components/DataSources/Local/DropZone.tsx(224,15): error TS7026: JSX element implicitly has type 'any' because no interface 'JSX.IntrinsicElements' exists.
src/components/DataSources/Local/DropZone.tsx(242,28): error TS7006: Parameter 'e' implicitly has an 'any' type.
src/components/DataSources/Local/DropZoneForSmallLayouts.tsx(1,39): error TS2307: Cannot find module '@neo4j-ndl/react/icons' or its corresponding type declarations.
src/components/DataSources/Local/DropZoneForSmallLayouts.tsx(2,29): error TS2307: Cannot find module 'react-dropzone' or its corresponding type declarations.
src/components/DataSources/Local/DropZoneForSmallLayouts.tsx(4,37): error TS2307: Cannot find module 'react' or its corresponding type declarations.
src/components/DataSources/Local/DropZoneForSmallLayouts.tsx(9,30): error TS2307: Cannot find module 'uuid' or its corresponding type declarations.
src/components/DataSources/Local/DropZoneForSmallLayouts.tsx(10,32): error TS2307: Cannot find module '@neo4j-ndl/react' or its corresponding type declarations.
src/components/DataSources/Local/DropZoneForSmallLayouts.tsx(50,23): error TS7006: Parameter 'prevfiles' implicitly has an 'any' type.
src/components/DataSources/Local/DropZoneForSmallLayouts.tsx(51,26): error TS7006: Parameter 'curfile' implicitly has an 'any' type.
src/components/DataSources/Local/DropZoneForSmallLayouts.tsx(74,29): error TS7006: Parameter 'prevfiles' implicitly has an 'any' type.
src/components/DataSources/Local/DropZoneForSmallLayouts.tsx(75,32): error TS7006: Parameter 'curfile' implicitly has an 'any' type.
src/components/DataSources/Local/DropZoneForSmallLayouts.tsx(86,27): error TS7006: Parameter 'prevfiles' implicitly has an 'any' type.
src/components/DataSources/Local/DropZoneForSmallLayouts.tsx(87,30): error TS7006: Parameter 'curfile' implicitly has an 'any' type.
src/components/DataSources/Local/DropZoneForSmallLayouts.tsx(111,25): error TS7006: Parameter 'prevfiles' implicitly has an 'any' type.
src/components/DataSources/Local/DropZoneForSmallLayouts.tsx(112,28): error TS7006: Parameter 'curfile' implicitly has an 'any' type.
src/components/DataSources/Local/DropZoneForSmallLayouts.tsx(125,23): error TS7006: Parameter 'prevfiles' implicitly has an 'any' type.
src/components/DataSources/Local/DropZoneForSmallLayouts.tsx(126,26): error TS7006: Parameter 'curfile' implicitly has an 'any' type.
src/components/DataSources/Local/DropZoneForSmallLayouts.tsx(159,22): error TS7006: Parameter 'e' implicitly has an 'any' type.
src/components/DataSources/Local/DropZoneForSmallLayouts.tsx(218,5): error TS2307: Cannot find module 'react/jsx-runtime' or its corresponding type declarations.
src/components/DataSources/Local/DropZoneForSmallLayouts.tsx(219,7): error TS7026: JSX element implicitly has type 'any' because no interface 'JSX.IntrinsicElements' exists.
src/components/DataSources/Local/DropZoneForSmallLayouts.tsx(220,9): error TS7026: JSX element implicitly has type 'any' because no interface 'JSX.IntrinsicElements' exists.
src/components/DataSources/Local/DropZoneForSmallLayouts.tsx(222,7): error TS7026: JSX element implicitly has type 'any' because no interface 'JSX.IntrinsicElements' exists.
src/components/DataSources/Web/WebButton.tsx(1,35): error TS2307: Cannot find module 'react' or its corresponding type declarations.
src/components/DataSources/Web/WebButton.tsx(5,22): error TS2307: Cannot find module '../../../assets/images/web-search-svgrepo-com.svg' or its corresponding type declarations.
src/components/DataSources/Web/WebButton.tsx(6,30): error TS2307: Cannot find module '../../../assets/images/web-search-darkmode-final2.svg' or its corresponding type declarations.
src/components/DataSources/Web/WebButton.tsx(8,52): error TS7031: Binding element 'openModal' implicitly has an 'any' type.
src/components/DataSources/Web/WebButton.tsx(12,5): error TS2307: Cannot find module 'react/jsx-runtime' or its corresponding type declarations.
src/components/Dropdown.tsx(1,46): error TS2307: Cannot find module '@neo4j-ndl/react' or its corresponding type declarations.
src/components/Dropdown.tsx(3,31): error TS2307: Cannot find module 'react' or its corresponding type declarations.
src/components/Dropdown.tsx(6,26): error TS2503: Cannot find namespace 'React'.
src/components/Dropdown.tsx(7,3): error TS7031: Binding element 'options' implicitly has an 'any' type.
src/components/Dropdown.tsx(8,3): error TS7031: Binding element 'placeholder' implicitly has an 'any' type.
src/components/Dropdown.tsx(9,3): error TS7031: Binding element 'defaultValue' implicitly has an 'any' type.
src/components/Dropdown.tsx(10,3): error TS7031: Binding element 'onSelect' implicitly has an 'any' type.
src/components/Dropdown.tsx(11,3): error TS7031: Binding element 'children' implicitly has an 'any' type.
src/components/Dropdown.tsx(12,3): error TS7031: Binding element 'view' implicitly has an 'any' type.
src/components/Dropdown.tsx(13,3): error TS7031: Binding element 'isDisabled' implicitly has an 'any' type.
src/components/Dropdown.tsx(14,3): error TS7031: Binding element 'value' implicitly has an 'any' type.
src/components/Dropdown.tsx(16,21): error TS2580: Cannot find name 'process'. Do you need to install type definitions for node? Try `npm i --save-dev @types/node`.
src/components/Dropdown.tsx(23,5): error TS2307: Cannot find module 'react/jsx-runtime' or its corresponding type declarations.
src/components/Dropdown.tsx(24,7): error TS7026: JSX element implicitly has type 'any' because no interface 'JSX.IntrinsicElements' exists.
src/components/Dropdown.tsx(29,21): error TS7026: JSX element implicitly has type 'any' because no interface 'JSX.IntrinsicElements' exists.
src/components/Dropdown.tsx(29,82): error TS7026: JSX element implicitly has type 'any' because no interface 'JSX.IntrinsicElements' exists.
src/components/Dropdown.tsx(41,23): error TS7026: JSX element implicitly has type 'any' because no interface 'JSX.IntrinsicElements' exists.
src/components/Dropdown.tsx(41,36): error TS7026: JSX element implicitly has type 'any' because no interface 'JSX.IntrinsicElements' exists.
src/components/Dropdown.tsx(46,19): error TS7026: JSX element implicitly has type 'any' because no interface 'JSX.IntrinsicElements' exists.
src/components/Dropdown.tsx(46,32): error TS7026: JSX element implicitly has type 'any' because no interface 'JSX.IntrinsicElements' exists.
src/components/Dropdown.tsx(64,7): error TS7026: JSX element implicitly has type 'any' because no interface 'JSX.IntrinsicElements' exists.
src/components/FileTable.tsx(12,8): error TS2307: Cannot find module '@neo4j-ndl/react' or its corresponding type declarations.
src/components/FileTable.tsx(13,99): error TS2307: Cannot find module 'react' or its corresponding type declarations.
src/components/FileTable.tsx(25,8): error TS2307: Cannot find module '@tanstack/react-table' or its corresponding type declarations.
src/components/FileTable.tsx(28,30): error TS2307: Cannot find module 'uuid' or its corresponding type declarations.
src/components/FileTable.tsx(43,8): error TS2307: Cannot find module '@neo4j-ndl/react/icons' or its corresponding type declarations.
src/components/FileTable.tsx(48,28): error TS2307: Cannot find module 'axios' or its corresponding type declarations.
src/components/FileTable.tsx(49,34): error TS2307: Cannot find module '@neo4j-ndl/react/icons' or its corresponding type declarations.
src/components/FileTable.tsx(58,57): error TS7006: Parameter 'props' implicitly has an 'any' type.
src/components/FileTable.tsx(58,64): error TS7006: Parameter 'ref' implicitly has an 'any' type.
src/components/FileTable.tsx(101,24): error TS7006: Parameter 'i' implicitly has an 'any' type.
src/components/FileTable.tsx(119,13): error TS7026: JSX element implicitly has type 'any' because no interface 'JSX.IntrinsicElements' exists.
src/components/FileTable.tsx(132,13): error TS7026: JSX element implicitly has type 'any' because no interface 'JSX.IntrinsicElements' exists.
src/components/FileTable.tsx(137,30): error TS7006: Parameter 'row' implicitly has an 'any' type.
src/components/FileTable.tsx(139,16): error TS7006: Parameter 'info' implicitly has an 'any' type.
src/components/FileTable.tsx(141,13): error TS7026: JSX element implicitly has type 'any' because no interface 'JSX.IntrinsicElements' exists.
src/components/FileTable.tsx(142,15): error TS7026: JSX element implicitly has type 'any' because no interface 'JSX.IntrinsicElements' exists.
src/components/FileTable.tsx(150,15): error TS7026: JSX element implicitly has type 'any' because no interface 'JSX.IntrinsicElements' exists.
src/components/FileTable.tsx(151,13): error TS7026: JSX element implicitly has type 'any' because no interface 'JSX.IntrinsicElements' exists.
src/components/FileTable.tsx(154,23): error TS7026: JSX element implicitly has type 'any' because no interface 'JSX.IntrinsicElements' exists.
src/components/FileTable.tsx(154,33): error TS7026: JSX element implicitly has type 'any' because no interface 'JSX.IntrinsicElements' exists.
src/components/FileTable.tsx(155,18): error TS7006: Parameter 'info' implicitly has an 'any' type.
src/components/FileTable.tsx(157,30): error TS7006: Parameter 'row' implicitly has an 'any' type.
src/components/FileTable.tsx(159,16): error TS7006: Parameter 'info' implicitly has an 'any' type.
src/components/FileTable.tsx(162,15): error TS7026: JSX element implicitly has type 'any' because no interface 'JSX.IntrinsicElements' exists.
src/components/FileTable.tsx(170,21): error TS7026: JSX element implicitly has type 'any' because no interface 'JSX.IntrinsicElements' exists.
src/components/FileTable.tsx(171,24): error TS2741: Property 'children' is missing in type '{ placement: "right"; text: string; size: "small"; label: string; clean: true; onClick: () => any; }' but required in type '{ label: string; text: any; children: React.ReactNode; onClick?: any; size?: "small" | "medium" | "large" | undefined; clean?: boolean | undefined; grouped?: boolean | undefined; placement?: "bottom" | "top" | "right" | "left" | undefined; disabled?: boolean | undefined; }'.
src/components/FileTable.tsx(181,21): error TS7026: JSX element implicitly has type 'any' because no interface 'JSX.IntrinsicElements' exists.
src/components/FileTable.tsx(183,15): error TS7026: JSX element implicitly has type 'any' because no interface 'JSX.IntrinsicElements' exists.
src/components/FileTable.tsx(187,15): error TS7026: JSX element implicitly has type 'any' because no interface 'JSX.IntrinsicElements' exists.
src/components/FileTable.tsx(189,17): error TS7026: JSX element implicitly has type 'any' because no interface 'JSX.IntrinsicElements' exists.
src/components/FileTable.tsx(189,30): error TS7026: JSX element implicitly has type 'any' because no interface 'JSX.IntrinsicElements' exists.
src/components/FileTable.tsx(190,17): error TS7026: JSX element implicitly has type 'any' because no interface 'JSX.IntrinsicElements' exists.
src/components/FileTable.tsx(207,17): error TS7026: JSX element implicitly has type 'any' because no interface 'JSX.IntrinsicElements' exists.
src/components/FileTable.tsx(208,15): error TS7026: JSX element implicitly has type 'any' because no interface 'JSX.IntrinsicElements' exists.
src/components/FileTable.tsx(216,15): error TS7026: JSX element implicitly has type 'any' because no interface 'JSX.IntrinsicElements' exists.
src/components/FileTable.tsx(222,17): error TS7026: JSX element implicitly has type 'any' because no interface 'JSX.IntrinsicElements' exists.
src/components/FileTable.tsx(239,17): error TS7026: JSX element implicitly has type 'any' because no interface 'JSX.IntrinsicElements' exists.
src/components/FileTable.tsx(240,15): error TS7026: JSX element implicitly has type 'any' because no interface 'JSX.IntrinsicElements' exists.
src/components/FileTable.tsx(244,13): error TS7026: JSX element implicitly has type 'any' because no interface 'JSX.IntrinsicElements' exists.
src/components/FileTable.tsx(246,15): error TS7026: JSX element implicitly has type 'any' because no interface 'JSX.IntrinsicElements' exists.
src/components/FileTable.tsx(246,35): error TS7026: JSX element implicitly has type 'any' because no interface 'JSX.IntrinsicElements' exists.
src/components/FileTable.tsx(247,13): error TS7026: JSX element implicitly has type 'any' because no interface 'JSX.IntrinsicElements' exists.
src/components/FileTable.tsx(250,23): error TS7026: JSX element implicitly has type 'any' because no interface 'JSX.IntrinsicElements' exists.
src/components/FileTable.tsx(250,35): error TS7026: JSX element implicitly has type 'any' because no interface 'JSX.IntrinsicElements' exists.
src/components/FileTable.tsx(251,18): error TS7006: Parameter 'info' implicitly has an 'any' type.
src/components/FileTable.tsx(259,19): error TS7026: JSX element implicitly has type 'any' because no interface 'JSX.IntrinsicElements' exists.
src/components/FileTable.tsx(261,19): error TS7026: JSX element implicitly has type 'any' because no interface 'JSX.IntrinsicElements' exists.
src/components/FileTable.tsx(271,19): error TS7026: JSX element implicitly has type 'any' because no interface 'JSX.IntrinsicElements' exists.
src/components/FileTable.tsx(273,19): error TS7026: JSX element implicitly has type 'any' because no interface 'JSX.IntrinsicElements' exists.
src/components/FileTable.tsx(283,19): error TS7026: JSX element implicitly has type 'any' because no interface 'JSX.IntrinsicElements' exists.
src/components/FileTable.tsx(285,19): error TS7026: JSX element implicitly has type 'any' because no interface 'JSX.IntrinsicElements' exists.
src/components/FileTable.tsx(295,19): error TS7026: JSX element implicitly has type 'any' because no interface 'JSX.IntrinsicElements' exists.
src/components/FileTable.tsx(297,19): error TS7026: JSX element implicitly has type 'any' because no interface 'JSX.IntrinsicElements' exists.
src/components/FileTable.tsx(310,30): error TS7006: Parameter 'row' implicitly has an 'any' type.
src/components/FileTable.tsx(337,23): error TS7026: JSX element implicitly has type 'any' because no interface 'JSX.IntrinsicElements' exists.
src/components/FileTable.tsx(337,42): error TS7026: JSX element implicitly has type 'any' because no interface 'JSX.IntrinsicElements' exists.
src/components/FileTable.tsx(338,18): error TS7006: Parameter 'info' implicitly has an 'any' type.
src/components/FileTable.tsx(340,30): error TS7006: Parameter 'row' implicitly has an 'any' type.
src/components/FileTable.tsx(342,58): error TS7026: JSX element implicitly has type 'any' because no interface 'JSX.IntrinsicElements' exists.
src/components/FileTable.tsx(342,110): error TS7026: JSX element implicitly has type 'any' because no interface 'JSX.IntrinsicElements' exists.
src/components/FileTable.tsx(343,23): error TS7026: JSX element implicitly has type 'any' because no interface 'JSX.IntrinsicElements' exists.
src/components/FileTable.tsx(343,38): error TS7026: JSX element implicitly has type 'any' because no interface 'JSX.IntrinsicElements' exists.
src/components/FileTable.tsx(344,18): error TS7006: Parameter 'info' implicitly has an 'any' type.
src/components/FileTable.tsx(346,30): error TS7006: Parameter 'row' implicitly has an 'any' type.
src/components/FileTable.tsx(348,16): error TS7006: Parameter 'info' implicitly has an 'any' type.
src/components/FileTable.tsx(356,17): error TS7026: JSX element implicitly has type 'any' because no interface 'JSX.IntrinsicElements' exists.
src/components/FileTable.tsx(360,17): error TS7026: JSX element implicitly has type 'any' because no interface 'JSX.IntrinsicElements' exists.
src/components/FileTable.tsx(365,13): error TS7026: JSX element implicitly has type 'any' because no interface 'JSX.IntrinsicElements' exists.
src/components/FileTable.tsx(366,15): error TS7026: JSX element implicitly has type 'any' because no interface 'JSX.IntrinsicElements' exists.
src/components/FileTable.tsx(366,51): error TS7026: JSX element implicitly has type 'any' because no interface 'JSX.IntrinsicElements' exists.
src/components/FileTable.tsx(367,13): error TS7026: JSX element implicitly has type 'any' because no interface 'JSX.IntrinsicElements' exists.
src/components/FileTable.tsx(370,23): error TS7026: JSX element implicitly has type 'any' because no interface 'JSX.IntrinsicElements' exists.
src/components/FileTable.tsx(370,35): error TS7026: JSX element implicitly has type 'any' because no interface 'JSX.IntrinsicElements' exists.
src/components/FileTable.tsx(371,18): error TS7006: Parameter 'info' implicitly has an 'any' type.
src/components/FileTable.tsx(378,19): error TS7026: JSX element implicitly has type 'any' because no interface 'JSX.IntrinsicElements' exists.
src/components/FileTable.tsx(380,19): error TS7026: JSX element implicitly has type 'any' because no interface 'JSX.IntrinsicElements' exists.
src/components/FileTable.tsx(387,52): error TS7006: Parameter 'f' implicitly has an 'any' type.
src/components/FileTable.tsx(390,21): error TS7026: JSX element implicitly has type 'any' because no interface 'JSX.IntrinsicElements' exists.
src/components/FileTable.tsx(392,21): error TS7026: JSX element implicitly has type 'any' because no interface 'JSX.IntrinsicElements' exists.
src/components/FileTable.tsx(406,30): error TS7006: Parameter 'row' implicitly has an 'any' type.
src/components/FileTable.tsx(408,16): error TS7006: Parameter 'info' implicitly has an 'any' type.
src/components/FileTable.tsx(410,13): error TS7026: JSX element implicitly has type 'any' because no interface 'JSX.IntrinsicElements' exists.
src/components/FileTable.tsx(411,15): error TS7026: JSX element implicitly has type 'any' because no interface 'JSX.IntrinsicElements' exists.
src/components/FileTable.tsx(411,45): error TS7026: JSX element implicitly has type 'any' because no interface 'JSX.IntrinsicElements' exists.
src/components/FileTable.tsx(412,13): error TS7026: JSX element implicitly has type 'any' because no interface 'JSX.IntrinsicElements' exists.
src/components/FileTable.tsx(415,23): error TS7026: JSX element implicitly has type 'any' because no interface 'JSX.IntrinsicElements' exists.
src/components/FileTable.tsx(415,33): error TS7026: JSX element implicitly has type 'any' because no interface 'JSX.IntrinsicElements' exists.
src/components/FileTable.tsx(416,18): error TS7006: Parameter 'info' implicitly has an 'any' type.
src/components/FileTable.tsx(423,19): error TS7026: JSX element implicitly has type 'any' because no interface 'JSX.IntrinsicElements' exists.
src/components/FileTable.tsx(425,19): error TS7026: JSX element implicitly has type 'any' because no interface 'JSX.IntrinsicElements' exists.
src/components/FileTable.tsx(432,52): error TS7006: Parameter 'f' implicitly has an 'any' type.
src/components/FileTable.tsx(435,21): error TS7026: JSX element implicitly has type 'any' because no interface 'JSX.IntrinsicElements' exists.
src/components/FileTable.tsx(435,114): error TS7026: JSX element implicitly has type 'any' because no interface 'JSX.IntrinsicElements' exists.
src/components/FileTable.tsx(449,30): error TS7006: Parameter 'row' implicitly has an 'any' type.
src/components/FileTable.tsx(451,16): error TS7006: Parameter 'info' implicitly has an 'any' type.
src/components/FileTable.tsx(453,18): error TS7026: JSX element implicitly has type 'any' because no interface 'JSX.IntrinsicElements' exists.
src/components/FileTable.tsx(453,54): error TS7026: JSX element implicitly has type 'any' because no interface 'JSX.IntrinsicElements' exists.
src/components/FileTable.tsx(455,23): error TS7026: JSX element implicitly has type 'any' because no interface 'JSX.IntrinsicElements' exists.
src/components/FileTable.tsx(455,34): error TS7026: JSX element implicitly has type 'any' because no interface 'JSX.IntrinsicElements' exists.
src/components/FileTable.tsx(456,18): error TS7006: Parameter 'info' implicitly has an 'any' type.
src/components/FileTable.tsx(463,19): error TS7026: JSX element implicitly has type 'any' because no interface 'JSX.IntrinsicElements' exists.
src/components/FileTable.tsx(465,19): error TS7026: JSX element implicitly has type 'any' because no interface 'JSX.IntrinsicElements' exists.
src/components/FileTable.tsx(476,21): error TS7026: JSX element implicitly has type 'any' because no interface 'JSX.IntrinsicElements' exists.
src/components/FileTable.tsx(476,113): error TS7026: JSX element implicitly has type 'any' because no interface 'JSX.IntrinsicElements' exists.
src/components/FileTable.tsx(490,30): error TS7006: Parameter 'row' implicitly has an 'any' type.
src/components/FileTable.tsx(492,16): error TS7006: Parameter 'info' implicitly has an 'any' type.
src/components/FileTable.tsx(492,25): error TS7026: JSX element implicitly has type 'any' because no interface 'JSX.IntrinsicElements' exists.
src/components/FileTable.tsx(492,45): error TS7026: JSX element implicitly has type 'any' because no interface 'JSX.IntrinsicElements' exists.
src/components/FileTable.tsx(493,23): error TS7026: JSX element implicitly has type 'any' because no interface 'JSX.IntrinsicElements' exists.
src/components/FileTable.tsx(493,34): error TS7026: JSX element implicitly has type 'any' because no interface 'JSX.IntrinsicElements' exists.
src/components/FileTable.tsx(494,18): error TS7006: Parameter 'info' implicitly has an 'any' type.
src/components/FileTable.tsx(496,30): error TS7006: Parameter 'row' implicitly has an 'any' type.
src/components/FileTable.tsx(498,16): error TS7006: Parameter 'info' implicitly has an 'any' type.
src/components/FileTable.tsx(498,25): error TS7026: JSX element implicitly has type 'any' because no interface 'JSX.IntrinsicElements' exists.
src/components/FileTable.tsx(498,45): error TS7026: JSX element implicitly has type 'any' because no interface 'JSX.IntrinsicElements' exists.
src/components/FileTable.tsx(499,23): error TS7026: JSX element implicitly has type 'any' because no interface 'JSX.IntrinsicElements' exists.
src/components/FileTable.tsx(499,38): error TS7026: JSX element implicitly has type 'any' because no interface 'JSX.IntrinsicElements' exists.
src/components/FileTable.tsx(500,18): error TS7006: Parameter 'info' implicitly has an 'any' type.
src/components/FileTable.tsx(502,30): error TS7006: Parameter 'row' implicitly has an 'any' type.
src/components/FileTable.tsx(504,16): error TS7006: Parameter 'info' implicitly has an 'any' type.
src/components/FileTable.tsx(506,14): error TS2741: Property 'children' is missing in type '{ placement: "right"; text: string; size: "large"; label: string; disabled: boolean; clean: true; onClick: () => any; }' but required in type '{ label: string; text: any; children: React.ReactNode; onClick?: any; size?: "small" | "medium" | "large" | undefined; clean?: boolean | undefined; grouped?: boolean | undefined; placement?: "bottom" | "top" | "right" | "left" | undefined; disabled?: boolean | undefined; }'.
src/components/FileTable.tsx(517,14): error TS2741: Property 'children' is missing in type '{ placement: "left"; text: string; size: "large"; label: string; disabled: boolean; clean: true; onClick: () => void; }' but required in type '{ label: string; text: any; children: React.ReactNode; onClick?: any; size?: "small" | "medium" | "large" | undefined; clean?: boolean | undefined; grouped?: boolean | undefined; placement?: "bottom" | "top" | "right" | "left" | undefined; disabled?: boolean | undefined; }'.
src/components/FileTable.tsx(534,23): error TS7026: JSX element implicitly has type 'any' because no interface 'JSX.IntrinsicElements' exists.
src/components/FileTable.tsx(534,36): error TS7026: JSX element implicitly has type 'any' because no interface 'JSX.IntrinsicElements' exists.
src/components/FileTable.tsx(535,18): error TS7006: Parameter 'info' implicitly has an 'any' type.
src/components/FileTable.tsx(554,22): error TS7006: Parameter 'row' implicitly has an 'any' type.
src/components/FileTable.tsx(554,27): error TS7006: Parameter 'columnId' implicitly has an 'any' type.
src/components/FileTable.tsx(554,37): error TS7006: Parameter 'filterValue' implicitly has an 'any' type.
src/components/FileTable.tsx(561,24): error TS7006: Parameter 'row' implicitly has an 'any' type.
src/components/FileTable.tsx(567,26): error TS7006: Parameter 'row' implicitly has an 'any' type.
src/components/FileTable.tsx(573,23): error TS7006: Parameter 'row' implicitly has an 'any' type.
src/components/FileTable.tsx(584,16): error TS7006: Parameter 'row' implicitly has an 'any' type.
src/components/FileTable.tsx(596,24): error TS7006: Parameter 'prev' implicitly has an 'any' type.
src/components/FileTable.tsx(597,19): error TS7006: Parameter 'prevfiles' implicitly has an 'any' type.
src/components/FileTable.tsx(598,22): error TS7006: Parameter 'curfile' implicitly has an 'any' type.
src/components/FileTable.tsx(645,36): error TS7006: Parameter 'item' implicitly has an 'any' type.
src/components/FileTable.tsx(650,38): error TS7006: Parameter 'prev' implicitly has an 'any' type.
src/components/FileTable.tsx(654,38): error TS7006: Parameter 'prev' implicitly has an 'any' type.
src/components/FileTable.tsx(694,36): error TS7006: Parameter 'item' implicitly has an 'any' type.
src/components/FileTable.tsx(729,54): error TS7006: Parameter 'f' implicitly has an 'any' type.
src/components/FileTable.tsx(748,19): error TS7006: Parameter 'prevfiles' implicitly has an 'any' type.
src/components/FileTable.tsx(749,22): error TS7006: Parameter 'curfile' implicitly has an 'any' type.
src/components/FileTable.tsx(762,23): error TS7006: Parameter 'prevfiles' implicitly has an 'any' type.
src/components/FileTable.tsx(763,26): error TS7006: Parameter 'curfile' implicitly has an 'any' type.
src/components/FileTable.tsx(774,28): error TS7006: Parameter 'prev' implicitly has an 'any' type.
src/components/FileTable.tsx(786,21): error TS7006: Parameter 'prevfiles' implicitly has an 'any' type.
src/components/FileTable.tsx(787,24): error TS7006: Parameter 'curfile' implicitly has an 'any' type.
src/components/FileTable.tsx(820,21): error TS7006: Parameter 'prevfiles' implicitly has an 'any' type.
src/components/FileTable.tsx(821,24): error TS7006: Parameter 'curfile' implicitly has an 'any' type.
src/components/FileTable.tsx(836,26): error TS7006: Parameter 'prev' implicitly has an 'any' type.
src/components/FileTable.tsx(850,21): error TS7006: Parameter 'prevfiles' implicitly has an 'any' type.
src/components/FileTable.tsx(851,24): error TS7006: Parameter 'curfile' implicitly has an 'any' type.
src/components/FileTable.tsx(870,68): error TS7006: Parameter 'r' implicitly has an 'any' type.
src/components/FileTable.tsx(900,59): error TS7006: Parameter 'i' implicitly has an 'any' type.
src/components/FileTable.tsx(904,5): error TS2307: Cannot find module 'react/jsx-runtime' or its corresponding type declarations.
src/components/FileTable.tsx(907,11): error TS7026: JSX element implicitly has type 'any' because no interface 'JSX.IntrinsicElements' exists.
src/components/FileTable.tsx(922,24): error TS7006: Parameter 'props' implicitly has an 'any' type.
src/components/FileTable.tsx(923,45): error TS7031: Binding element 'isSelected' implicitly has an 'any' type.
src/components/FileTable.tsx(923,57): error TS7031: Binding element 'innerProps' implicitly has an 'any' type.
src/components/FileTable.tsx(942,11): error TS7026: JSX element implicitly has type 'any' because no interface 'JSX.IntrinsicElements' exists.
src/components/Graph/CheckboxSelection.tsx(1,26): error TS2307: Cannot find module '@neo4j-ndl/react' or its corresponding type declarations.
src/components/Graph/CheckboxSelection.tsx(2,19): error TS2307: Cannot find module 'react' or its corresponding type declarations.
src/components/Graph/CheckboxSelection.tsx(7,3): error TS7031: Binding element 'graphType' implicitly has an 'any' type.
src/components/Graph/CheckboxSelection.tsx(8,3): error TS7031: Binding element 'loading' implicitly has an 'any' type.
src/components/Graph/CheckboxSelection.tsx(9,3): error TS7031: Binding element 'handleChange' implicitly has an 'any' type.
src/components/Graph/CheckboxSelection.tsx(10,3): error TS7031: Binding element 'isCommunity' implicitly has an 'any' type.
src/components/Graph/CheckboxSelection.tsx(11,3): error TS7031: Binding element 'isDocChunk' implicitly has an 'any' type.
src/components/Graph/CheckboxSelection.tsx(12,3): error TS7031: Binding element 'isEntity' implicitly has an 'any' type.
src/components/Graph/CheckboxSelection.tsx(14,3): error TS7026: JSX element implicitly has type 'any' because no interface 'JSX.IntrinsicElements' exists.
src/components/Graph/CheckboxSelection.tsx(14,3): error TS2307: Cannot find module 'react/jsx-runtime' or its corresponding type declarations.
src/components/Graph/CheckboxSelection.tsx(15,5): error TS7026: JSX element implicitly has type 'any' because no interface 'JSX.IntrinsicElements' exists.
src/components/Graph/CheckboxSelection.tsx(40,5): error TS7026: JSX element implicitly has type 'any' because no interface 'JSX.IntrinsicElements' exists.
src/components/Graph/CheckboxSelection.tsx(41,3): error TS7026: JSX element implicitly has type 'any' because no interface 'JSX.IntrinsicElements' exists.
src/components/Graph/GraphPropertiesPanel.tsx(1,25): error TS2307: Cannot find module 'react' or its corresponding type declarations.
src/components/Graph/GraphPropertiesPanel.tsx(58,5): error TS2307: Cannot find module 'react/jsx-runtime' or its corresponding type declarations.
src/components/Graph/GraphPropertiesPanel.tsx(59,8): error TS2741: Property 'children' is missing in type '{}' but required in type '{ children: React.ReactNode; }'.
src/components/Graph/GraphPropertiesPanel.tsx(60,9): error TS7026: JSX element implicitly has type 'any' because no interface 'JSX.IntrinsicElements' exists.
src/components/Graph/GraphPropertiesPanel.tsx(60,105): error TS7026: JSX element implicitly has type 'any' because no interface 'JSX.IntrinsicElements' exists.
src/components/Graph/GraphPropertiesPanel.tsx(62,8): error TS2741: Property 'children' is missing in type '{}' but required in type '{ children: React.ReactNode; }'.
src/components/Graph/GraphPropertiesPanel.tsx(63,9): error TS7026: JSX element implicitly has type 'any' because no interface 'JSX.IntrinsicElements' exists.
src/components/Graph/GraphPropertiesPanel.tsx(65,31): error TS7006: Parameter 'label' implicitly has an 'any' type.
src/components/Graph/GraphPropertiesPanel.tsx(76,9): error TS7026: JSX element implicitly has type 'any' because no interface 'JSX.IntrinsicElements' exists.
src/components/Graph/GraphPropertiesPanel.tsx(77,9): error TS7026: JSX element implicitly has type 'any' because no interface 'JSX.IntrinsicElements' exists.
src/components/Graph/GraphPropertiesTable.tsx(1,40): error TS2307: Cannot find module '@neo4j-ndl/react' or its corresponding type declarations.
src/components/Graph/GraphPropertiesTable.tsx(4,84): error TS2503: Cannot find namespace 'JSX'.
src/components/Graph/GraphPropertiesTable.tsx(6,5): error TS7026: JSX element implicitly has type 'any' because no interface 'JSX.IntrinsicElements' exists.
src/components/Graph/GraphPropertiesTable.tsx(6,5): error TS2307: Cannot find module 'react/jsx-runtime' or its corresponding type declarations.
src/components/Graph/GraphPropertiesTable.tsx(7,7): error TS7026: JSX element implicitly has type 'any' because no interface 'JSX.IntrinsicElements' exists.
src/components/Graph/GraphPropertiesTable.tsx(12,7): error TS7026: JSX element implicitly has type 'any' because no interface 'JSX.IntrinsicElements' exists.
src/components/Graph/GraphPropertiesTable.tsx(15,11): error TS7026: JSX element implicitly has type 'any' because no interface 'JSX.IntrinsicElements' exists.
src/components/Graph/GraphPropertiesTable.tsx(16,13): error TS7026: JSX element implicitly has type 'any' because no interface 'JSX.IntrinsicElements' exists.
src/components/Graph/GraphPropertiesTable.tsx(24,13): error TS7026: JSX element implicitly has type 'any' because no interface 'JSX.IntrinsicElements' exists.
src/components/Graph/GraphPropertiesTable.tsx(25,13): error TS7026: JSX element implicitly has type 'any' because no interface 'JSX.IntrinsicElements' exists.
src/components/Graph/GraphPropertiesTable.tsx(25,71): error TS7026: JSX element implicitly has type 'any' because no interface 'JSX.IntrinsicElements' exists.
src/components/Graph/GraphPropertiesTable.tsx(26,11): error TS7026: JSX element implicitly has type 'any' because no interface 'JSX.IntrinsicElements' exists.
src/components/Graph/GraphPropertiesTable.tsx(29,5): error TS7026: JSX element implicitly has type 'any' because no interface 'JSX.IntrinsicElements' exists.
src/components/Graph/GraphViewButton.tsx(1,33): error TS2307: Cannot find module 'react' or its corresponding type declarations.
src/components/Graph/GraphViewButton.tsx(2,24): error TS2307: Cannot find module '@neo4j-ndl/react' or its corresponding type declarations.
src/components/Graph/GraphViewButton.tsx(6,60): error TS7031: Binding element 'nodeValues' implicitly has an 'any' type.
src/components/Graph/GraphViewButton.tsx(6,72): error TS7031: Binding element 'relationshipValues' implicitly has an 'any' type.
src/components/Graph/GraphViewButton.tsx(6,92): error TS7031: Binding element 'fill' implicitly has an 'any' type.
src/components/Graph/GraphViewButton.tsx(6,98): error TS7031: Binding element 'label' implicitly has an 'any' type.
src/components/Graph/GraphViewButton.tsx(15,5): error TS2307: Cannot find module 'react/jsx-runtime' or its corresponding type declarations.
src/components/Graph/GraphViewModal.tsx(1,84): error TS2307: Cannot find module '@neo4j-ndl/react' or its corresponding type declarations.
src/components/Graph/GraphViewModal.tsx(2,67): error TS2307: Cannot find module 'react' or its corresponding type declarations.
src/components/Graph/GraphViewModal.tsx(14,39): error TS2307: Cannot find module '@neo4j-nvl/react' or its corresponding type declarations.
src/components/Graph/GraphViewModal.tsx(15,17): error TS2307: Cannot find module '@neo4j-nvl/base' or its corresponding type declarations.
src/components/Graph/GraphViewModal.tsx(16,41): error TS2307: Cannot find module '@neo4j-nvl/base' or its corresponding type declarations.
src/components/Graph/GraphViewModal.tsx(22,8): error TS2307: Cannot find module '@neo4j-ndl/react/icons' or its corresponding type declarations.
src/components/Graph/GraphViewModal.tsx(35,23): error TS2503: Cannot find namespace 'React'.
src/components/Graph/GraphViewModal.tsx(36,3): error TS7031: Binding element 'open' implicitly has an 'any' type.
src/components/Graph/GraphViewModal.tsx(37,3): error TS7031: Binding element 'inspectedName' implicitly has an 'any' type.
src/components/Graph/GraphViewModal.tsx(38,3): error TS7031: Binding element 'setGraphViewOpen' implicitly has an 'any' type.
src/components/Graph/GraphViewModal.tsx(39,3): error TS7031: Binding element 'viewPoint' implicitly has an 'any' type.
src/components/Graph/GraphViewModal.tsx(40,3): error TS7031: Binding element 'nodeValues' implicitly has an 'any' type.
src/components/Graph/GraphViewModal.tsx(41,3): error TS7031: Binding element 'relationshipValues' implicitly has an 'any' type.
src/components/Graph/GraphViewModal.tsx(42,3): error TS7031: Binding element 'selectedRows' implicitly has an 'any' type.
src/components/Graph/GraphViewModal.tsx(73,21): error TS7006: Parameter 'node' implicitly has an 'any' type.
src/components/Graph/GraphViewModal.tsx(112,34): error TS7006: Parameter 'f' implicitly has an 'any' type.
src/components/Graph/GraphViewModal.tsx(208,26): error TS7006: Parameter 'node' implicitly has an 'any' type.
src/components/Graph/GraphViewModal.tsx(210,32): error TS7006: Parameter 'relationship' implicitly has an 'any' type.
src/components/Graph/GraphViewModal.tsx(217,39): error TS7006: Parameter 'node' implicitly has an 'any' type.
src/components/Graph/GraphViewModal.tsx(234,55): error TS7006: Parameter 'rel' implicitly has an 'any' type.
src/components/Graph/GraphViewModal.tsx(248,12): error TS2307: Cannot find module 'react/jsx-runtime' or its corresponding type declarations.
src/components/Graph/GraphViewModal.tsx(363,11): error TS7026: JSX element implicitly has type 'any' because no interface 'JSX.IntrinsicElements' exists.
src/components/Graph/GraphViewModal.tsx(365,15): error TS7026: JSX element implicitly has type 'any' because no interface 'JSX.IntrinsicElements' exists.
src/components/Graph/GraphViewModal.tsx(367,15): error TS7026: JSX element implicitly has type 'any' because no interface 'JSX.IntrinsicElements' exists.
src/components/Graph/GraphViewModal.tsx(369,15): error TS7026: JSX element implicitly has type 'any' because no interface 'JSX.IntrinsicElements' exists.
src/components/Graph/GraphViewModal.tsx(371,15): error TS7026: JSX element implicitly has type 'any' because no interface 'JSX.IntrinsicElements' exists.
src/components/Graph/GraphViewModal.tsx(373,15): error TS7026: JSX element implicitly has type 'any' because no interface 'JSX.IntrinsicElements' exists.
src/components/Graph/GraphViewModal.tsx(375,15): error TS7026: JSX element implicitly has type 'any' because no interface 'JSX.IntrinsicElements' exists.
src/components/Graph/GraphViewModal.tsx(377,15): error TS7026: JSX element implicitly has type 'any' because no interface 'JSX.IntrinsicElements' exists.
src/components/Graph/GraphViewModal.tsx(379,15): error TS7026: JSX element implicitly has type 'any' because no interface 'JSX.IntrinsicElements' exists.
src/components/Graph/GraphViewModal.tsx(382,17): error TS7026: JSX element implicitly has type 'any' because no interface 'JSX.IntrinsicElements' exists.
src/components/Graph/GraphViewModal.tsx(383,19): error TS7026: JSX element implicitly has type 'any' because no interface 'JSX.IntrinsicElements' exists.
src/components/Graph/GraphViewModal.tsx(397,26): error TS2741: Property 'children' is missing in type '{ label: string; text: string; onClick: () => void; placement: "left"; disabled: any; }' but required in type '{ label: string; text: any; children: React.ReactNode; onClick?: any; size?: "small" | "medium" | "large" | undefined; clean?: boolean | undefined; grouped?: boolean | undefined; placement?: "bottom" | "top" | "right" | "left" | undefined; disabled?: boolean | undefined; }'.
src/components/Graph/GraphViewModal.tsx(407,24): error TS2741: Property 'children' is missing in type '{ label: string; text: string; onClick: () => void; placement: "left"; }' but required in type '{ label: string; text: any; children: React.ReactNode; onClick?: any; size?: "small" | "medium" | "large" | undefined; clean?: boolean | undefined; grouped?: boolean | undefined; placement?: "bottom" | "top" | "right" | "left" | undefined; disabled?: boolean | undefined; }'.
src/components/Graph/GraphViewModal.tsx(410,24): error TS2741: Property 'children' is missing in type '{ label: string; text: string; onClick: () => void; placement: "left"; }' but required in type '{ label: string; text: any; children: React.ReactNode; onClick?: any; size?: "small" | "medium" | "large" | undefined; clean?: boolean | undefined; grouped?: boolean | undefined; placement?: "bottom" | "top" | "right" | "left" | undefined; disabled?: boolean | undefined; }'.
src/components/Graph/GraphViewModal.tsx(413,24): error TS2741: Property 'children' is missing in type '{ label: string; text: string; onClick: () => void; placement: "left"; }' but required in type '{ label: string; text: any; children: React.ReactNode; onClick?: any; size?: "small" | "medium" | "large" | undefined; clean?: boolean | undefined; grouped?: boolean | undefined; placement?: "bottom" | "top" | "right" | "left" | undefined; disabled?: boolean | undefined; }'.
src/components/Graph/GraphViewModal.tsx(422,19): error TS7026: JSX element implicitly has type 'any' because no interface 'JSX.IntrinsicElements' exists.
src/components/Graph/GraphViewModal.tsx(423,20): error TS2741: Property 'children' is missing in type '{ open: true; }' but required in type 'ResizePanelProps'.
src/components/Graph/GraphViewModal.tsx(441,17): error TS7026: JSX element implicitly has type 'any' because no interface 'JSX.IntrinsicElements' exists.
src/components/Graph/GraphViewModal.tsx(444,11): error TS7026: JSX element implicitly has type 'any' because no interface 'JSX.IntrinsicElements' exists.
src/components/Graph/LegendsChip.tsx(5,27): error TS2503: Cannot find namespace 'React'.
src/components/Graph/LegendsChip.tsx(5,73): error TS7031: Binding element 'scheme' implicitly has an 'any' type.
src/components/Graph/LegendsChip.tsx(5,81): error TS7031: Binding element 'label' implicitly has an 'any' type.
src/components/Graph/LegendsChip.tsx(5,88): error TS7031: Binding element 'type' implicitly has an 'any' type.
src/components/Graph/LegendsChip.tsx(5,94): error TS7031: Binding element 'count' implicitly has an 'any' type.
src/components/Graph/LegendsChip.tsx(5,101): error TS7031: Binding element 'onClick' implicitly has an 'any' type.
src/components/Graph/LegendsChip.tsx(7,5): error TS2307: Cannot find module 'react/jsx-runtime' or its corresponding type declarations.
src/components/Graph/ResizePanel.tsx(1,26): error TS2307: Cannot find module '@neo4j-ndl/react/icons' or its corresponding type declarations.
src/components/Graph/ResizePanel.tsx(2,37): error TS2307: Cannot find module 're-resizable' or its corresponding type declarations.
src/components/Graph/ResizePanel.tsx(3,27): error TS2307: Cannot find module 're-resizable' or its corresponding type declarations.
src/components/Graph/ResizePanel.tsx(6,13): error TS2503: Cannot find namespace 'React'.
src/components/Graph/ResizePanel.tsx(17,5): error TS2307: Cannot find module 'react/jsx-runtime' or its corresponding type declarations.
src/components/Graph/ResizePanel.tsx(38,7): error TS7026: JSX element implicitly has type 'any' because no interface 'JSX.IntrinsicElements' exists.
src/components/Graph/ResizePanel.tsx(38,45): error TS7026: JSX element implicitly has type 'any' because no interface 'JSX.IntrinsicElements' exists.
src/components/Graph/ResizePanel.tsx(42,42): error TS2503: Cannot find namespace 'React'.
src/components/Graph/ResizePanel.tsx(44,5): error TS7026: JSX element implicitly has type 'any' because no interface 'JSX.IntrinsicElements' exists.
src/components/Graph/ResizePanel.tsx(46,5): error TS7026: JSX element implicitly has type 'any' because no interface 'JSX.IntrinsicElements' exists.
src/components/Graph/ResizePanel.tsx(51,44): error TS2503: Cannot find namespace 'React'.
src/components/Graph/ResizePanel.tsx(52,10): error TS7026: JSX element implicitly has type 'any' because no interface 'JSX.IntrinsicElements' exists.
src/components/Graph/ResizePanel.tsx(52,61): error TS7026: JSX element implicitly has type 'any' because no interface 'JSX.IntrinsicElements' exists.
src/components/Graph/ResultOverview.tsx(1,57): error TS2307: Cannot find module '@neo4j-ndl/react' or its corresponding type declarations.
src/components/Graph/ResultOverview.tsx(2,44): error TS2307: Cannot find module '@neo4j-ndl/react/icons' or its corresponding type declarations.
src/components/Graph/ResultOverview.tsx(6,35): error TS2307: Cannot find module '@neo4j-nvl/base' or its corresponding type declarations.
src/components/Graph/ResultOverview.tsx(9,42): error TS2307: Cannot find module 'react' or its corresponding type declarations.
src/components/Graph/ResultOverview.tsx(20,23): error TS2503: Cannot find namespace 'React'.
src/components/Graph/ResultOverview.tsx(21,3): error TS7031: Binding element 'nodes' implicitly has an 'any' type.
src/components/Graph/ResultOverview.tsx(22,3): error TS7031: Binding element 'relationships' implicitly has an 'any' type.
src/components/Graph/ResultOverview.tsx(23,3): error TS7031: Binding element 'newScheme' implicitly has an 'any' type.
src/components/Graph/ResultOverview.tsx(24,3): error TS7031: Binding element 'searchQuery' implicitly has an 'any' type.
src/components/Graph/ResultOverview.tsx(25,3): error TS7031: Binding element 'setSearchQuery' implicitly has an 'any' type.
src/components/Graph/ResultOverview.tsx(26,3): error TS7031: Binding element 'setNodes' implicitly has an 'any' type.
src/components/Graph/ResultOverview.tsx(27,3): error TS7031: Binding element 'setRelationships' implicitly has an 'any' type.
src/components/Graph/ResultOverview.tsx(30,85): error TS2339: Property 'id' does not exist on type 'ExtendedNode'.
src/components/Graph/ResultOverview.tsx(47,55): error TS2339: Property 'caption' does not exist on type 'ExtendedRelationship'.
src/components/Graph/ResultOverview.tsx(47,94): error TS2339: Property 'id' does not exist on type 'ExtendedRelationship'.
src/components/Graph/ResultOverview.tsx(64,49): error TS7006: Parameter 'rel' implicitly has an 'any' type.
src/components/Graph/ResultOverview.tsx(72,37): error TS7006: Parameter 'node' implicitly has an 'any' type.
src/components/Graph/ResultOverview.tsx(88,37): error TS7006: Parameter 'node' implicitly has an 'any' type.
src/components/Graph/ResultOverview.tsx(96,53): error TS7006: Parameter 'rel' implicitly has an 'any' type.
src/components/Graph/ResultOverview.tsx(110,5): error TS2307: Cannot find module 'react/jsx-runtime' or its corresponding type declarations.
src/components/Graph/ResultOverview.tsx(115,13): error TS7026: JSX element implicitly has type 'any' because no interface 'JSX.IntrinsicElements' exists.
src/components/Graph/ResultOverview.tsx(120,28): error TS7006: Parameter 'e' implicitly has an 'any' type.
src/components/Graph/ResultOverview.tsx(131,13): error TS7026: JSX element implicitly has type 'any' because no interface 'JSX.IntrinsicElements' exists.
src/components/Graph/ResultOverview.tsx(136,11): error TS7026: JSX element implicitly has type 'any' because no interface 'JSX.IntrinsicElements' exists.
src/components/Graph/ResultOverview.tsx(137,14): error TS2745: This JSX tag's 'children' prop expects type 'any[]' which requires multiple children, but only a single child was provided.
src/components/Graph/ResultOverview.tsx(149,11): error TS7026: JSX element implicitly has type 'any' because no interface 'JSX.IntrinsicElements' exists.
src/components/Graph/ResultOverview.tsx(159,11): error TS7026: JSX element implicitly has type 'any' because no interface 'JSX.IntrinsicElements' exists.
src/components/Graph/ResultOverview.tsx(160,14): error TS2745: This JSX tag's 'children' prop expects type 'any[]' which requires multiple children, but only a single child was provided.
src/components/Graph/ResultOverview.tsx(164,34): error TS2339: Property 'caption' does not exist on type 'ExtendedRelationship'.
src/components/Graph/ResultOverview.tsx(166,93): error TS2339: Property 'caption' does not exist on type 'ExtendedRelationship'.
src/components/Graph/ResultOverview.tsx(167,66): error TS2339: Property 'caption' does not exist on type 'ExtendedRelationship'.
src/components/Graph/ResultOverview.tsx(172,11): error TS7026: JSX element implicitly has type 'any' because no interface 'JSX.IntrinsicElements' exists.
src/components/Layout/AlertIcon.tsx(3,5): error TS7026: JSX element implicitly has type 'any' because no interface 'JSX.IntrinsicElements' exists.
src/components/Layout/AlertIcon.tsx(3,5): error TS2307: Cannot find module 'react/jsx-runtime' or its corresponding type declarations.
src/components/Layout/AlertIcon.tsx(11,7): error TS7026: JSX element implicitly has type 'any' because no interface 'JSX.IntrinsicElements' exists.
src/components/Layout/AlertIcon.tsx(15,8): error TS7026: JSX element implicitly has type 'any' because no interface 'JSX.IntrinsicElements' exists.
src/components/Layout/AlertIcon.tsx(16,5): error TS7026: JSX element implicitly has type 'any' because no interface 'JSX.IntrinsicElements' exists.
src/components/Layout/DrawerChatbot.tsx(1,24): error TS2307: Cannot find module '@neo4j-ndl/react' or its corresponding type declarations.
src/components/Layout/DrawerChatbot.tsx(6,22): error TS2503: Cannot find namespace 'React'.
src/components/Layout/DrawerChatbot.tsx(6,56): error TS7031: Binding element 'isExpanded' implicitly has an 'any' type.
src/components/Layout/DrawerChatbot.tsx(6,68): error TS7031: Binding element 'clearHistoryData' implicitly has an 'any' type.
src/components/Layout/DrawerChatbot.tsx(6,86): error TS7031: Binding element 'messages' implicitly has an 'any' type.
src/components/Layout/DrawerChatbot.tsx(6,96): error TS7031: Binding element 'connectionStatus' implicitly has an 'any' type.
src/components/Layout/DrawerChatbot.tsx(13,5): error TS7026: JSX element implicitly has type 'any' because no interface 'JSX.IntrinsicElements' exists.
src/components/Layout/DrawerChatbot.tsx(13,5): error TS2307: Cannot find module 'react/jsx-runtime' or its corresponding type declarations.
src/components/Layout/DrawerChatbot.tsx(26,5): error TS7026: JSX element implicitly has type 'any' because no interface 'JSX.IntrinsicElements' exists.
src/components/Layout/DrawerDropzone.tsx(1,59): error TS2307: Cannot find module '@neo4j-ndl/react' or its corresponding type declarations.
src/components/Layout/DrawerDropzone.tsx(3,69): error TS2307: Cannot find module 'react' or its corresponding type declarations.
src/components/Layout/DrawerDropzone.tsx(19,3): error TS7031: Binding element 'isExpanded' implicitly has an 'any' type.
src/components/Layout/DrawerDropzone.tsx(20,3): error TS7031: Binding element 'toggleS3Modal' implicitly has an 'any' type.
src/components/Layout/DrawerDropzone.tsx(21,3): error TS7031: Binding element 'toggleGCSModal' implicitly has an 'any' type.
src/components/Layout/DrawerDropzone.tsx(22,3): error TS7031: Binding element 'toggleGenericModal' implicitly has an 'any' type.
src/components/Layout/DrawerDropzone.tsx(23,3): error TS7031: Binding element 'shows3Modal' implicitly has an 'any' type.
src/components/Layout/DrawerDropzone.tsx(24,3): error TS7031: Binding element 'showGCSModal' implicitly has an 'any' type.
src/components/Layout/DrawerDropzone.tsx(25,3): error TS7031: Binding element 'showGenericModal' implicitly has an 'any' type.
src/components/Layout/DrawerDropzone.tsx(57,5): error TS7026: JSX element implicitly has type 'any' because no interface 'JSX.IntrinsicElements' exists.
src/components/Layout/DrawerDropzone.tsx(57,5): error TS2307: Cannot find module 'react/jsx-runtime' or its corresponding type declarations.
src/components/Layout/DrawerDropzone.tsx(69,13): error TS7026: JSX element implicitly has type 'any' because no interface 'JSX.IntrinsicElements' exists.
src/components/Layout/DrawerDropzone.tsx(70,15): error TS7026: JSX element implicitly has type 'any' because no interface 'JSX.IntrinsicElements' exists.
src/components/Layout/DrawerDropzone.tsx(71,17): error TS7026: JSX element implicitly has type 'any' because no interface 'JSX.IntrinsicElements' exists.
src/components/Layout/DrawerDropzone.tsx(72,19): error TS7026: JSX element implicitly has type 'any' because no interface 'JSX.IntrinsicElements' exists.
src/components/Layout/DrawerDropzone.tsx(74,23): error TS2580: Cannot find name 'process'. Do you need to install type definitions for node? Try `npm i --save-dev @types/node`.
src/components/Layout/DrawerDropzone.tsx(77,22): error TS2580: Cannot find name 'process'. Do you need to install type definitions for node? Try `npm i --save-dev @types/node`.
src/components/Layout/DrawerDropzone.tsx(82,25): error TS7026: JSX element implicitly has type 'any' because no interface 'JSX.IntrinsicElements' exists.
src/components/Layout/DrawerDropzone.tsx(82,56): error TS7026: JSX element implicitly has type 'any' because no interface 'JSX.IntrinsicElements' exists.
src/components/Layout/DrawerDropzone.tsx(85,19): error TS7026: JSX element implicitly has type 'any' because no interface 'JSX.IntrinsicElements' exists.
src/components/Layout/DrawerDropzone.tsx(86,20): error TS2580: Cannot find name 'process'. Do you need to install type definitions for node? Try `npm i --save-dev @types/node`.
src/components/Layout/DrawerDropzone.tsx(90,27): error TS7026: JSX element implicitly has type 'any' because no interface 'JSX.IntrinsicElements' exists.
src/components/Layout/DrawerDropzone.tsx(92,27): error TS7026: JSX element implicitly has type 'any' because no interface 'JSX.IntrinsicElements' exists.
src/components/Layout/DrawerDropzone.tsx(100,31): error TS7026: JSX element implicitly has type 'any' because no interface 'JSX.IntrinsicElements' exists.
src/components/Layout/DrawerDropzone.tsx(102,35): error TS2580: Cannot find name 'process'. Do you need to install type definitions for node? Try `npm i --save-dev @types/node`.
src/components/Layout/DrawerDropzone.tsx(113,31): error TS7026: JSX element implicitly has type 'any' because no interface 'JSX.IntrinsicElements' exists.
src/components/Layout/DrawerDropzone.tsx(116,31): error TS7026: JSX element implicitly has type 'any' because no interface 'JSX.IntrinsicElements' exists.
src/components/Layout/DrawerDropzone.tsx(118,35): error TS2580: Cannot find name 'process'. Do you need to install type definitions for node? Try `npm i --save-dev @types/node`.
src/components/Layout/DrawerDropzone.tsx(125,31): error TS7026: JSX element implicitly has type 'any' because no interface 'JSX.IntrinsicElements' exists.
src/components/Layout/DrawerDropzone.tsx(128,31): error TS7026: JSX element implicitly has type 'any' because no interface 'JSX.IntrinsicElements' exists.
src/components/Layout/DrawerDropzone.tsx(130,35): error TS2580: Cannot find name 'process'. Do you need to install type definitions for node? Try `npm i --save-dev @types/node`.
src/components/Layout/DrawerDropzone.tsx(141,31): error TS7026: JSX element implicitly has type 'any' because no interface 'JSX.IntrinsicElements' exists.
src/components/Layout/DrawerDropzone.tsx(153,27): error TS7026: JSX element implicitly has type 'any' because no interface 'JSX.IntrinsicElements' exists.
src/components/Layout/DrawerDropzone.tsx(155,27): error TS7026: JSX element implicitly has type 'any' because no interface 'JSX.IntrinsicElements' exists.
src/components/Layout/DrawerDropzone.tsx(160,27): error TS7026: JSX element implicitly has type 'any' because no interface 'JSX.IntrinsicElements' exists.
src/components/Layout/DrawerDropzone.tsx(161,66): error TS2580: Cannot find name 'process'. Do you need to install type definitions for node? Try `npm i --save-dev @types/node`.
src/components/Layout/DrawerDropzone.tsx(171,27): error TS7026: JSX element implicitly has type 'any' because no interface 'JSX.IntrinsicElements' exists.
src/components/Layout/DrawerDropzone.tsx(177,31): error TS7026: JSX element implicitly has type 'any' because no interface 'JSX.IntrinsicElements' exists.
src/components/Layout/DrawerDropzone.tsx(179,35): error TS2580: Cannot find name 'process'. Do you need to install type definitions for node? Try `npm i --save-dev @types/node`.
src/components/Layout/DrawerDropzone.tsx(186,31): error TS7026: JSX element implicitly has type 'any' because no interface 'JSX.IntrinsicElements' exists.
src/components/Layout/DrawerDropzone.tsx(189,31): error TS7026: JSX element implicitly has type 'any' because no interface 'JSX.IntrinsicElements' exists.
src/components/Layout/DrawerDropzone.tsx(191,35): error TS2580: Cannot find name 'process'. Do you need to install type definitions for node? Try `npm i --save-dev @types/node`.
src/components/Layout/DrawerDropzone.tsx(200,31): error TS7026: JSX element implicitly has type 'any' because no interface 'JSX.IntrinsicElements' exists.
src/components/Layout/DrawerDropzone.tsx(209,17): error TS7026: JSX element implicitly has type 'any' because no interface 'JSX.IntrinsicElements' exists.
src/components/Layout/DrawerDropzone.tsx(210,15): error TS7026: JSX element implicitly has type 'any' because no interface 'JSX.IntrinsicElements' exists.
src/components/Layout/DrawerDropzone.tsx(211,13): error TS7026: JSX element implicitly has type 'any' because no interface 'JSX.IntrinsicElements' exists.
src/components/Layout/DrawerDropzone.tsx(221,5): error TS7026: JSX element implicitly has type 'any' because no interface 'JSX.IntrinsicElements' exists.
src/components/Layout/Header.tsx(1,25): error TS2307: Cannot find module '../../logo.svg' or its corresponding type declarations.
src/components/Layout/Header.tsx(2,28): error TS2307: Cannot find module '../../logo-color.svg' or its corresponding type declarations.
src/components/Layout/Header.tsx(8,8): error TS2307: Cannot find module '@neo4j-ndl/react/icons' or its corresponding type declarations.
src/components/Layout/Header.tsx(9,28): error TS2307: Cannot find module '@neo4j-ndl/react' or its corresponding type declarations.
src/components/Layout/Header.tsx(10,58): error TS2307: Cannot find module 'react' or its corresponding type declarations.
src/components/Layout/Header.tsx(30,5): error TS7026: JSX element implicitly has type 'any' because no interface 'JSX.IntrinsicElements' exists.
src/components/Layout/Header.tsx(30,5): error TS2307: Cannot find module 'react/jsx-runtime' or its corresponding type declarations.
src/components/Layout/Header.tsx(34,7): error TS7026: JSX element implicitly has type 'any' because no interface 'JSX.IntrinsicElements' exists.
src/components/Layout/Header.tsx(41,9): error TS7026: JSX element implicitly has type 'any' because no interface 'JSX.IntrinsicElements' exists.
src/components/Layout/Header.tsx(43,13): error TS7026: JSX element implicitly has type 'any' because no interface 'JSX.IntrinsicElements' exists.
src/components/Layout/Header.tsx(49,9): error TS7026: JSX element implicitly has type 'any' because no interface 'JSX.IntrinsicElements' exists.
src/components/Layout/Header.tsx(50,9): error TS7026: JSX element implicitly has type 'any' because no interface 'JSX.IntrinsicElements' exists.
src/components/Layout/Header.tsx(51,11): error TS7026: JSX element implicitly has type 'any' because no interface 'JSX.IntrinsicElements' exists.
src/components/Layout/Header.tsx(52,13): error TS7026: JSX element implicitly has type 'any' because no interface 'JSX.IntrinsicElements' exists.
src/components/Layout/Header.tsx(56,16): error TS2741: Property 'children' is missing in type '{ text: string; onClick: () => any; size: "large"; clean: true; placement: "left"; label: string; }' but required in type '{ label: string; text: any; children: React.ReactNode; onClick?: any; size?: "small" | "medium" | "large" | undefined; clean?: boolean | undefined; grouped?: boolean | undefined; placement?: "bottom" | "top" | "right" | "left" | undefined; disabled?: boolean | undefined; }'.
src/components/Layout/Header.tsx(67,16): error TS2741: Property 'children' is missing in type '{ label: string; onClick: () => any; text: string; size: "large"; clean: true; }' but required in type '{ label: string; text: any; children: React.ReactNode; onClick?: any; size?: "small" | "medium" | "large" | undefined; clean?: boolean | undefined; grouped?: boolean | undefined; placement?: "bottom" | "top" | "right" | "left" | undefined; disabled?: boolean | undefined; }'.
src/components/Layout/Header.tsx(76,16): error TS2741: Property 'children' is missing in type '{ label: string; text: string; clean: true; size: "large"; onClick: any; placement: "left"; }' but required in type '{ label: string; text: any; children: React.ReactNode; onClick?: any; size?: "small" | "medium" | "large" | undefined; clean?: boolean | undefined; grouped?: boolean | undefined; placement?: "bottom" | "top" | "right" | "left" | undefined; disabled?: boolean | undefined; }'.
src/components/Layout/Header.tsx(85,19): error TS7026: JSX element implicitly has type 'any' because no interface 'JSX.IntrinsicElements' exists.
src/components/Layout/Header.tsx(87,19): error TS7026: JSX element implicitly has type 'any' because no interface 'JSX.IntrinsicElements' exists.
src/components/Layout/Header.tsx(89,19): error TS7026: JSX element implicitly has type 'any' because no interface 'JSX.IntrinsicElements' exists.
src/components/Layout/Header.tsx(91,19): error TS7026: JSX element implicitly has type 'any' because no interface 'JSX.IntrinsicElements' exists.
src/components/Layout/Header.tsx(94,13): error TS7026: JSX element implicitly has type 'any' because no interface 'JSX.IntrinsicElements' exists.
src/components/Layout/Header.tsx(95,11): error TS7026: JSX element implicitly has type 'any' because no interface 'JSX.IntrinsicElements' exists.
src/components/Layout/Header.tsx(96,9): error TS7026: JSX element implicitly has type 'any' because no interface 'JSX.IntrinsicElements' exists.
src/components/Layout/Header.tsx(97,7): error TS7026: JSX element implicitly has type 'any' because no interface 'JSX.IntrinsicElements' exists.
src/components/Layout/Header.tsx(98,5): error TS7026: JSX element implicitly has type 'any' because no interface 'JSX.IntrinsicElements' exists.
src/components/Layout/PageLayout.tsx(1,38): error TS2307: Cannot find module 'react' or its corresponding type declarations.
src/components/Layout/PageLayout.tsx(11,31): error TS2307: Cannot find module '@mui/material' or its corresponding type declarations.
src/components/Layout/PageLayout.tsx(30,72): error TS7006: Parameter 's' implicitly has an 'any' type.
src/components/Layout/PageLayout.tsx(31,52): error TS7006: Parameter 's' implicitly has an 'any' type.
src/components/Layout/PageLayout.tsx(32,54): error TS7006: Parameter 's' implicitly has an 'any' type.
src/components/Layout/PageLayout.tsx(33,62): error TS7006: Parameter 's' implicitly has an 'any' type.
src/components/Layout/PageLayout.tsx(69,5): error TS7026: JSX element implicitly has type 'any' because no interface 'JSX.IntrinsicElements' exists.
src/components/Layout/PageLayout.tsx(69,5): error TS2307: Cannot find module 'react/jsx-runtime' or its corresponding type declarations.
src/components/Layout/PageLayout.tsx(151,5): error TS7026: JSX element implicitly has type 'any' because no interface 'JSX.IntrinsicElements' exists.
src/components/Layout/SideNav.tsx(1,52): error TS2307: Cannot find module 'react' or its corresponding type declarations.
src/components/Layout/SideNav.tsx(2,70): error TS2307: Cannot find module '@neo4j-ndl/react' or its corresponding type declarations.
src/components/Layout/SideNav.tsx(11,8): error TS2307: Cannot find module '@neo4j-ndl/react/icons' or its corresponding type declarations.
src/components/Layout/SideNav.tsx(14,30): error TS2307: Cannot find module 'react-dom' or its corresponding type declarations.
src/components/Layout/SideNav.tsx(20,36): error TS2307: Cannot find module 'react-icons/ri' or its corresponding type declarations.
src/components/Layout/SideNav.tsx(30,3): error TS7031: Binding element 'position' implicitly has an 'any' type.
src/components/Layout/SideNav.tsx(31,3): error TS7031: Binding element 'toggleDrawer' implicitly has an 'any' type.
src/components/Layout/SideNav.tsx(32,3): error TS7031: Binding element 'isExpanded' implicitly has an 'any' type.
src/components/Layout/SideNav.tsx(33,3): error TS7031: Binding element 'deleteOnClick' implicitly has an 'any' type.
src/components/Layout/SideNav.tsx(34,3): error TS7031: Binding element 'setShowDrawerChatbot' implicitly has an 'any' type.
src/components/Layout/SideNav.tsx(35,3): error TS7031: Binding element 'setIsRightExpanded' implicitly has an 'any' type.
src/components/Layout/SideNav.tsx(36,3): error TS7031: Binding element 'messages' implicitly has an 'any' type.
src/components/Layout/SideNav.tsx(37,3): error TS7031: Binding element 'clearHistoryData' implicitly has an 'any' type.
src/components/Layout/SideNav.tsx(38,3): error TS7031: Binding element 'toggleGCSModal' implicitly has an 'any' type.
src/components/Layout/SideNav.tsx(39,3): error TS7031: Binding element 'toggleGenericModal' implicitly has an 'any' type.
src/components/Layout/SideNav.tsx(40,3): error TS7031: Binding element 'toggles3Modal' implicitly has an 'any' type.
src/components/Layout/SideNav.tsx(41,3): error TS7031: Binding element 'setIsleftExpanded' implicitly has an 'any' type.
src/components/Layout/SideNav.tsx(100,5): error TS7026: JSX element implicitly has type 'any' because no interface 'JSX.IntrinsicElements' exists.
src/components/Layout/SideNav.tsx(100,5): error TS2307: Cannot find module 'react/jsx-runtime' or its corresponding type declarations.
src/components/Layout/SideNav.tsx(113,18): error TS2741: Property 'children' is missing in type '{ tooltip: string; placement: "right"; }' but required in type '{ placement: Side; children: React.ReactNode; tooltip: string; }'.
src/components/Layout/SideNav.tsx(124,18): error TS2741: Property 'children' is missing in type '{ tooltip: string; placement: "left"; }' but required in type '{ placement: Side; children: React.ReactNode; tooltip: string; }'.
src/components/Layout/SideNav.tsx(134,18): error TS2741: Property 'children' is missing in type '{ tooltip: string; placement: "right"; }' but required in type '{ placement: Side; children: React.ReactNode; tooltip: string; }'.
src/components/Layout/SideNav.tsx(143,18): error TS2741: Property 'children' is missing in type '{ tooltip: string; placement: "right"; }' but required in type '{ placement: Side; children: React.ReactNode; tooltip: string; }'.
src/components/Layout/SideNav.tsx(152,18): error TS2741: Property 'children' is missing in type '{ tooltip: string; placement: "right"; }' but required in type '{ placement: Side; children: React.ReactNode; tooltip: string; }'.
src/components/Layout/SideNav.tsx(161,18): error TS2741: Property 'children' is missing in type '{ tooltip: string; placement: "right"; }' but required in type '{ placement: Side; children: React.ReactNode; tooltip: string; }'.
src/components/Layout/SideNav.tsx(221,29): error TS7006: Parameter 'e' implicitly has an 'any' type.
src/components/Layout/SideNav.tsx(227,24): error TS2741: Property 'children' is missing in type '{ size: "small"; placement: "left"; clean: true; label: string; text: string; }' but required in type '{ label: string; text: any; children: React.ReactNode; onClick?: any; size?: "small" | "medium" | "large" | undefined; clean?: boolean | undefined; grouped?: boolean | undefined; placement?: "bottom" | "top" | "right" | "left" | undefined; disabled?: boolean | undefined; }'.
src/components/Layout/SideNav.tsx(276,5): error TS7026: JSX element implicitly has type 'any' because no interface 'JSX.IntrinsicElements' exists.
src/components/Popups/ConnectionModal/ConnectionModal.tsx(1,99): error TS2307: Cannot find module '@neo4j-ndl/react' or its corresponding type declarations.
src/components/Popups/ConnectionModal/ConnectionModal.tsx(2,74): error TS2307: Cannot find module 'react' or its corresponding type declarations.
src/components/Popups/ConnectionModal/ConnectionModal.tsx(5,33): error TS2307: Cannot find module 'react-router-dom' or its corresponding type declarations.
src/components/Popups/ConnectionModal/ConnectionModal.tsx(102,30): error TS7006: Parameter 'prev' implicitly has an 'any' type.
src/components/Popups/ConnectionModal/ConnectionModal.tsx(158,81): error TS7006: Parameter 'event' implicitly has an 'any' type.
src/components/Popups/ConnectionModal/ConnectionModal.tsx(159,48): error TS7006: Parameter 'value' implicitly has an 'any' type.
src/components/Popups/ConnectionModal/ConnectionModal.tsx(233,30): error TS7006: Parameter 'prev' implicitly has an 'any' type.
src/components/Popups/ConnectionModal/ConnectionModal.tsx(273,28): error TS7006: Parameter 'prev' implicitly has an 'any' type.
src/components/Popups/ConnectionModal/ConnectionModal.tsx(311,5): error TS2307: Cannot find module 'react/jsx-runtime' or its corresponding type declarations.
src/components/Popups/ConnectionModal/ConnectionModal.tsx(317,30): error TS7006: Parameter 'prev' implicitly has an 'any' type.
src/components/Popups/ConnectionModal/ConnectionModal.tsx(346,11): error TS7026: JSX element implicitly has type 'any' because no interface 'JSX.IntrinsicElements' exists.
src/components/Popups/ConnectionModal/ConnectionModal.tsx(357,34): error TS7006: Parameter 'e' implicitly has an 'any' type.
src/components/Popups/ConnectionModal/ConnectionModal.tsx(364,11): error TS7026: JSX element implicitly has type 'any' because no interface 'JSX.IntrinsicElements' exists.
src/components/Popups/ConnectionModal/ConnectionModal.tsx(365,11): error TS7026: JSX element implicitly has type 'any' because no interface 'JSX.IntrinsicElements' exists.
src/components/Popups/ConnectionModal/ConnectionModal.tsx(373,28): error TS7006: Parameter 'newValue' implicitly has an 'any' type.
src/components/Popups/ConnectionModal/ConnectionModal.tsx(380,13): error TS7026: JSX element implicitly has type 'any' because no interface 'JSX.IntrinsicElements' exists.
src/components/Popups/ConnectionModal/ConnectionModal.tsx(389,28): error TS7006: Parameter 'e' implicitly has an 'any' type.
src/components/Popups/ConnectionModal/ConnectionModal.tsx(390,27): error TS7006: Parameter 'e' implicitly has an 'any' type.
src/components/Popups/ConnectionModal/ConnectionModal.tsx(392,29): error TS7006: Parameter 'e' implicitly has an 'any' type.
src/components/Popups/ConnectionModal/ConnectionModal.tsx(394,13): error TS7026: JSX element implicitly has type 'any' because no interface 'JSX.IntrinsicElements' exists.
src/components/Popups/ConnectionModal/ConnectionModal.tsx(395,11): error TS7026: JSX element implicitly has type 'any' because no interface 'JSX.IntrinsicElements' exists.
src/components/Popups/ConnectionModal/ConnectionModal.tsx(396,11): error TS7026: JSX element implicitly has type 'any' because no interface 'JSX.IntrinsicElements' exists.
src/components/Popups/ConnectionModal/ConnectionModal.tsx(407,26): error TS7006: Parameter 'e' implicitly has an 'any' type.
src/components/Popups/ConnectionModal/ConnectionModal.tsx(411,13): error TS7026: JSX element implicitly has type 'any' because no interface 'JSX.IntrinsicElements' exists.
src/components/Popups/ConnectionModal/ConnectionModal.tsx(412,15): error TS7026: JSX element implicitly has type 'any' because no interface 'JSX.IntrinsicElements' exists.
src/components/Popups/ConnectionModal/ConnectionModal.tsx(422,30): error TS7006: Parameter 'e' implicitly has an 'any' type.
src/components/Popups/ConnectionModal/ConnectionModal.tsx(425,15): error TS7026: JSX element implicitly has type 'any' because no interface 'JSX.IntrinsicElements' exists.
src/components/Popups/ConnectionModal/ConnectionModal.tsx(426,15): error TS7026: JSX element implicitly has type 'any' because no interface 'JSX.IntrinsicElements' exists.
src/components/Popups/ConnectionModal/ConnectionModal.tsx(437,30): error TS7006: Parameter 'e' implicitly has an 'any' type.
src/components/Popups/ConnectionModal/ConnectionModal.tsx(440,15): error TS7026: JSX element implicitly has type 'any' because no interface 'JSX.IntrinsicElements' exists.
src/components/Popups/ConnectionModal/ConnectionModal.tsx(441,13): error TS7026: JSX element implicitly has type 'any' because no interface 'JSX.IntrinsicElements' exists.
src/components/Popups/ConnectionModal/ConnectionModal.tsx(442,11): error TS7026: JSX element implicitly has type 'any' because no interface 'JSX.IntrinsicElements' exists.
src/components/Popups/ConnectionModal/ConnectionModal.tsx(449,27): error TS7006: Parameter 'e' implicitly has an 'any' type.
src/components/Popups/ConnectionModal/VectorIndexMisMatchAlert.tsx(1,27): error TS2307: Cannot find module '@neo4j-ndl/react' or its corresponding type declarations.
src/components/Popups/ConnectionModal/VectorIndexMisMatchAlert.tsx(2,22): error TS2307: Cannot find module 'react-markdown' or its corresponding type declarations.
src/components/Popups/ConnectionModal/VectorIndexMisMatchAlert.tsx(5,26): error TS2307: Cannot find module 'react' or its corresponding type declarations.
src/components/Popups/ConnectionModal/VectorIndexMisMatchAlert.tsx(22,5): error TS2307: Cannot find module 'react/jsx-runtime' or its corresponding type declarations.
src/components/Popups/ConnectionModal/VectorIndexMisMatchAlert.tsx(37,10): error TS2741: Property 'children' is missing in type '{ text: string; label: string; placement: "top"; loading: any; onClick: () => Promise<void>; className: string; color: "danger"; disabled: boolean; }' but required in type '{ text: any; children: React.ReactNode; onClick?: any; size?: "small" | "medium" | "large" | undefined; clean?: boolean | undefined; grouped?: boolean | undefined; placement?: "bottom" | "top" | "right" | "left" | undefined; ... 6 more ...; color?: "success" | ... 4 more ... | undefined; }'.
src/components/Popups/DeletePopUp/DeletePopUp.tsx(1,42): error TS2307: Cannot find module '@neo4j-ndl/react' or its corresponding type declarations.
src/components/Popups/DeletePopUp/DeletePopUp.tsx(2,32): error TS2307: Cannot find module 'react' or its corresponding type declarations.
src/components/Popups/DeletePopUp/DeletePopUp.tsx(28,5): error TS2307: Cannot find module 'react/jsx-runtime' or its corresponding type declarations.
src/components/Popups/DeletePopUp/DeletePopUp.tsx(30,9): error TS7026: JSX element implicitly has type 'any' because no interface 'JSX.IntrinsicElements' exists.
src/components/Popups/DeletePopUp/DeletePopUp.tsx(30,46): error TS7026: JSX element implicitly has type 'any' because no interface 'JSX.IntrinsicElements' exists.
src/components/Popups/DeletePopUp/DeletePopUp.tsx(32,11): error TS7026: JSX element implicitly has type 'any' because no interface 'JSX.IntrinsicElements' exists.
src/components/Popups/DeletePopUp/DeletePopUp.tsx(36,26): error TS7006: Parameter 'e' implicitly has an 'any' type.
src/components/Popups/DeletePopUp/DeletePopUp.tsx(44,11): error TS7026: JSX element implicitly has type 'any' because no interface 'JSX.IntrinsicElements' exists.
src/components/Popups/GraphEnhancementDialog/Deduplication/index.tsx(1,67): error TS2307: Cannot find module 'react' or its corresponding type declarations.
src/components/Popups/GraphEnhancementDialog/Deduplication/index.tsx(14,8): error TS2307: Cannot find module '@tanstack/react-table' or its corresponding type declarations.
src/components/Popups/GraphEnhancementDialog/Deduplication/index.tsx(24,8): error TS2307: Cannot find module '@neo4j-ndl/react' or its corresponding type declarations.
src/components/Popups/GraphEnhancementDialog/Deduplication/index.tsx(26,37): error TS2307: Cannot find module '@neo4j-ndl/react/icons' or its corresponding type declarations.
src/components/Popups/GraphEnhancementDialog/Deduplication/index.tsx(27,31): error TS2307: Cannot find module '@neo4j-devtools/word-color' or its corresponding type declarations.
src/components/Popups/GraphEnhancementDialog/Deduplication/index.tsx(30,24): error TS2307: Cannot find module '@neo4j-ndl/base' or its corresponding type declarations.
src/components/Popups/GraphEnhancementDialog/Deduplication/index.tsx(78,10): error TS7006: Parameter 'r' implicitly has an 'any' type.
src/components/Popups/GraphEnhancementDialog/Deduplication/index.tsx(80,54): error TS7006: Parameter 's' implicitly has an 'any' type.
src/components/Popups/GraphEnhancementDialog/Deduplication/index.tsx(99,24): error TS7006: Parameter 'prev' implicitly has an 'any' type.
src/components/Popups/GraphEnhancementDialog/Deduplication/index.tsx(100,24): error TS7006: Parameter 'd' implicitly has an 'any' type.
src/components/Popups/GraphEnhancementDialog/Deduplication/index.tsx(104,42): error TS7006: Parameter 'n' implicitly has an 'any' type.
src/components/Popups/GraphEnhancementDialog/Deduplication/index.tsx(138,13): error TS7026: JSX element implicitly has type 'any' because no interface 'JSX.IntrinsicElements' exists.
src/components/Popups/GraphEnhancementDialog/Deduplication/index.tsx(145,13): error TS7026: JSX element implicitly has type 'any' because no interface 'JSX.IntrinsicElements' exists.
src/components/Popups/GraphEnhancementDialog/Deduplication/index.tsx(150,30): error TS7006: Parameter 'row' implicitly has an 'any' type.
src/components/Popups/GraphEnhancementDialog/Deduplication/index.tsx(152,16): error TS7006: Parameter 'info' implicitly has an 'any' type.
src/components/Popups/GraphEnhancementDialog/Deduplication/index.tsx(154,13): error TS7026: JSX element implicitly has type 'any' because no interface 'JSX.IntrinsicElements' exists.
src/components/Popups/GraphEnhancementDialog/Deduplication/index.tsx(162,13): error TS7026: JSX element implicitly has type 'any' because no interface 'JSX.IntrinsicElements' exists.
src/components/Popups/GraphEnhancementDialog/Deduplication/index.tsx(165,23): error TS7026: JSX element implicitly has type 'any' because no interface 'JSX.IntrinsicElements' exists.
src/components/Popups/GraphEnhancementDialog/Deduplication/index.tsx(165,31): error TS7026: JSX element implicitly has type 'any' because no interface 'JSX.IntrinsicElements' exists.
src/components/Popups/GraphEnhancementDialog/Deduplication/index.tsx(166,18): error TS7006: Parameter 'info' implicitly has an 'any' type.
src/components/Popups/GraphEnhancementDialog/Deduplication/index.tsx(168,30): error TS7006: Parameter 'row' implicitly has an 'any' type.
src/components/Popups/GraphEnhancementDialog/Deduplication/index.tsx(170,16): error TS7006: Parameter 'info' implicitly has an 'any' type.
src/components/Popups/GraphEnhancementDialog/Deduplication/index.tsx(173,37): error TS7006: Parameter 's' implicitly has an 'any' type.
src/components/Popups/GraphEnhancementDialog/Deduplication/index.tsx(173,40): error TS7006: Parameter 'index' implicitly has an 'any' type.
src/components/Popups/GraphEnhancementDialog/Deduplication/index.tsx(194,30): error TS7006: Parameter 'row' implicitly has an 'any' type.
src/components/Popups/GraphEnhancementDialog/Deduplication/index.tsx(196,16): error TS7006: Parameter 'info' implicitly has an 'any' type.
src/components/Popups/GraphEnhancementDialog/Deduplication/index.tsx(199,37): error TS7006: Parameter 'l' implicitly has an 'any' type.
src/components/Popups/GraphEnhancementDialog/Deduplication/index.tsx(199,40): error TS7006: Parameter 'index' implicitly has an 'any' type.
src/components/Popups/GraphEnhancementDialog/Deduplication/index.tsx(200,25): error TS2322: Type '{ key: any; title: any; bgColor: any; type: "node"; }' is not assignable to type '{ bgColor: string; title: string; count?: number | undefined; type: "node" | "relationship" | "propertyKey"; tabIndex?: number | undefined; onClick?: ((e: React.MouseEvent<HTMLElement>) => void) | undefined; }'.
  Property 'key' does not exist on type '{ bgColor: string; title: string; count?: number | undefined; type: "node" | "relationship" | "propertyKey"; tabIndex?: number | undefined; onClick?: ((e: React.MouseEvent<HTMLElement>) => void) | undefined; }'.
src/components/Popups/GraphEnhancementDialog/Deduplication/index.tsx(205,23): error TS7026: JSX element implicitly has type 'any' because no interface 'JSX.IntrinsicElements' exists.
src/components/Popups/GraphEnhancementDialog/Deduplication/index.tsx(205,35): error TS7026: JSX element implicitly has type 'any' because no interface 'JSX.IntrinsicElements' exists.
src/components/Popups/GraphEnhancementDialog/Deduplication/index.tsx(206,18): error TS7006: Parameter 'info' implicitly has an 'any' type.
src/components/Popups/GraphEnhancementDialog/Deduplication/index.tsx(208,30): error TS7006: Parameter 'row' implicitly has an 'any' type.
src/components/Popups/GraphEnhancementDialog/Deduplication/index.tsx(210,16): error TS7006: Parameter 'info' implicitly has an 'any' type.
src/components/Popups/GraphEnhancementDialog/Deduplication/index.tsx(215,19): error TS7026: JSX element implicitly has type 'any' because no interface 'JSX.IntrinsicElements' exists.
src/components/Popups/GraphEnhancementDialog/Deduplication/index.tsx(217,19): error TS7026: JSX element implicitly has type 'any' because no interface 'JSX.IntrinsicElements' exists.
src/components/Popups/GraphEnhancementDialog/Deduplication/index.tsx(218,19): error TS7026: JSX element implicitly has type 'any' because no interface 'JSX.IntrinsicElements' exists.
src/components/Popups/GraphEnhancementDialog/Deduplication/index.tsx(218,28): error TS7026: JSX element implicitly has type 'any' because no interface 'JSX.IntrinsicElements' exists.
src/components/Popups/GraphEnhancementDialog/Deduplication/index.tsx(224,23): error TS7026: JSX element implicitly has type 'any' because no interface 'JSX.IntrinsicElements' exists.
src/components/Popups/GraphEnhancementDialog/Deduplication/index.tsx(224,47): error TS7026: JSX element implicitly has type 'any' because no interface 'JSX.IntrinsicElements' exists.
src/components/Popups/GraphEnhancementDialog/Deduplication/index.tsx(225,18): error TS7006: Parameter 'info' implicitly has an 'any' type.
src/components/Popups/GraphEnhancementDialog/Deduplication/index.tsx(227,30): error TS7006: Parameter 'row' implicitly has an 'any' type.
src/components/Popups/GraphEnhancementDialog/Deduplication/index.tsx(229,16): error TS7006: Parameter 'info' implicitly has an 'any' type.
src/components/Popups/GraphEnhancementDialog/Deduplication/index.tsx(229,25): error TS7026: JSX element implicitly has type 'any' because no interface 'JSX.IntrinsicElements' exists.
src/components/Popups/GraphEnhancementDialog/Deduplication/index.tsx(229,46): error TS7026: JSX element implicitly has type 'any' because no interface 'JSX.IntrinsicElements' exists.
src/components/Popups/GraphEnhancementDialog/Deduplication/index.tsx(230,23): error TS7026: JSX element implicitly has type 'any' because no interface 'JSX.IntrinsicElements' exists.
src/components/Popups/GraphEnhancementDialog/Deduplication/index.tsx(230,45): error TS7026: JSX element implicitly has type 'any' because no interface 'JSX.IntrinsicElements' exists.
src/components/Popups/GraphEnhancementDialog/Deduplication/index.tsx(231,18): error TS7006: Parameter 'info' implicitly has an 'any' type.
src/components/Popups/GraphEnhancementDialog/Deduplication/index.tsx(250,16): error TS7006: Parameter 'row' implicitly has an 'any' type.
src/components/Popups/GraphEnhancementDialog/Deduplication/index.tsx(265,5): error TS2307: Cannot find module 'react/jsx-runtime' or its corresponding type declarations.
src/components/Popups/GraphEnhancementDialog/Deduplication/index.tsx(266,7): error TS7026: JSX element implicitly has type 'any' because no interface 'JSX.IntrinsicElements' exists.
src/components/Popups/GraphEnhancementDialog/Deduplication/index.tsx(297,20): error TS7006: Parameter 'props' implicitly has an 'any' type.
src/components/Popups/GraphEnhancementDialog/Deduplication/index.tsx(298,41): error TS7031: Binding element 'isSelected' implicitly has an 'any' type.
src/components/Popups/GraphEnhancementDialog/Deduplication/index.tsx(298,53): error TS7031: Binding element 'innerProps' implicitly has an 'any' type.
src/components/Popups/GraphEnhancementDialog/Deduplication/index.tsx(318,12): error TS2741: Property 'children' is missing in type '{ onClick: () => Promise<void>; size: "large"; loading: any; text: string; label: string; disabled: boolean; placement: "top"; }' but required in type '{ text: any; children: React.ReactNode; onClick?: any; size?: "small" | "medium" | "large" | undefined; clean?: boolean | undefined; grouped?: boolean | undefined; placement?: "bottom" | "top" | "right" | "left" | undefined; ... 6 more ...; color?: "success" | ... 4 more ... | undefined; }'.
src/components/Popups/GraphEnhancementDialog/Deduplication/index.tsx(343,7): error TS7026: JSX element implicitly has type 'any' because no interface 'JSX.IntrinsicElements' exists.
src/components/Popups/GraphEnhancementDialog/DeleteTabForOrphanNodes/index.tsx(1,99): error TS2307: Cannot find module '@neo4j-ndl/react' or its corresponding type declarations.
src/components/Popups/GraphEnhancementDialog/DeleteTabForOrphanNodes/index.tsx(2,67): error TS2307: Cannot find module 'react' or its corresponding type declarations.
src/components/Popups/GraphEnhancementDialog/DeleteTabForOrphanNodes/index.tsx(7,31): error TS2307: Cannot find module '@neo4j-devtools/word-color' or its corresponding type declarations.
src/components/Popups/GraphEnhancementDialog/DeleteTabForOrphanNodes/index.tsx(8,37): error TS2307: Cannot find module '@neo4j-ndl/react/icons' or its corresponding type declarations.
src/components/Popups/GraphEnhancementDialog/DeleteTabForOrphanNodes/index.tsx(19,8): error TS2307: Cannot find module '@tanstack/react-table' or its corresponding type declarations.
src/components/Popups/GraphEnhancementDialog/DeleteTabForOrphanNodes/index.tsx(21,24): error TS2307: Cannot find module '@neo4j-ndl/base' or its corresponding type declarations.
src/components/Popups/GraphEnhancementDialog/DeleteTabForOrphanNodes/index.tsx(102,13): error TS7026: JSX element implicitly has type 'any' because no interface 'JSX.IntrinsicElements' exists.
src/components/Popups/GraphEnhancementDialog/DeleteTabForOrphanNodes/index.tsx(109,13): error TS7026: JSX element implicitly has type 'any' because no interface 'JSX.IntrinsicElements' exists.
src/components/Popups/GraphEnhancementDialog/DeleteTabForOrphanNodes/index.tsx(114,30): error TS7006: Parameter 'row' implicitly has an 'any' type.
src/components/Popups/GraphEnhancementDialog/DeleteTabForOrphanNodes/index.tsx(116,16): error TS7006: Parameter 'info' implicitly has an 'any' type.
src/components/Popups/GraphEnhancementDialog/DeleteTabForOrphanNodes/index.tsx(118,13): error TS7026: JSX element implicitly has type 'any' because no interface 'JSX.IntrinsicElements' exists.
src/components/Popups/GraphEnhancementDialog/DeleteTabForOrphanNodes/index.tsx(126,13): error TS7026: JSX element implicitly has type 'any' because no interface 'JSX.IntrinsicElements' exists.
src/components/Popups/GraphEnhancementDialog/DeleteTabForOrphanNodes/index.tsx(129,23): error TS7026: JSX element implicitly has type 'any' because no interface 'JSX.IntrinsicElements' exists.
src/components/Popups/GraphEnhancementDialog/DeleteTabForOrphanNodes/index.tsx(129,31): error TS7026: JSX element implicitly has type 'any' because no interface 'JSX.IntrinsicElements' exists.
src/components/Popups/GraphEnhancementDialog/DeleteTabForOrphanNodes/index.tsx(130,18): error TS7006: Parameter 'info' implicitly has an 'any' type.
src/components/Popups/GraphEnhancementDialog/DeleteTabForOrphanNodes/index.tsx(132,30): error TS7006: Parameter 'row' implicitly has an 'any' type.
src/components/Popups/GraphEnhancementDialog/DeleteTabForOrphanNodes/index.tsx(134,16): error TS7006: Parameter 'info' implicitly has an 'any' type.
src/components/Popups/GraphEnhancementDialog/DeleteTabForOrphanNodes/index.tsx(137,37): error TS7006: Parameter 'l' implicitly has an 'any' type.
src/components/Popups/GraphEnhancementDialog/DeleteTabForOrphanNodes/index.tsx(137,40): error TS7006: Parameter 'index' implicitly has an 'any' type.
src/components/Popups/GraphEnhancementDialog/DeleteTabForOrphanNodes/index.tsx(138,25): error TS2322: Type '{ key: any; title: any; bgColor: any; type: "node"; }' is not assignable to type '{ bgColor: string; title: string; count?: number | undefined; type: "node" | "relationship" | "propertyKey"; tabIndex?: number | undefined; onClick?: ((e: React.MouseEvent<HTMLElement>) => void) | undefined; }'.
  Property 'key' does not exist on type '{ bgColor: string; title: string; count?: number | undefined; type: "node" | "relationship" | "propertyKey"; tabIndex?: number | undefined; onClick?: ((e: React.MouseEvent<HTMLElement>) => void) | undefined; }'.
src/components/Popups/GraphEnhancementDialog/DeleteTabForOrphanNodes/index.tsx(143,23): error TS7026: JSX element implicitly has type 'any' because no interface 'JSX.IntrinsicElements' exists.
src/components/Popups/GraphEnhancementDialog/DeleteTabForOrphanNodes/index.tsx(143,35): error TS7026: JSX element implicitly has type 'any' because no interface 'JSX.IntrinsicElements' exists.
src/components/Popups/GraphEnhancementDialog/DeleteTabForOrphanNodes/index.tsx(144,18): error TS7006: Parameter 'info' implicitly has an 'any' type.
src/components/Popups/GraphEnhancementDialog/DeleteTabForOrphanNodes/index.tsx(146,30): error TS7006: Parameter 'row' implicitly has an 'any' type.
src/components/Popups/GraphEnhancementDialog/DeleteTabForOrphanNodes/index.tsx(148,16): error TS7006: Parameter 'info' implicitly has an 'any' type.
src/components/Popups/GraphEnhancementDialog/DeleteTabForOrphanNodes/index.tsx(153,19): error TS7026: JSX element implicitly has type 'any' because no interface 'JSX.IntrinsicElements' exists.
src/components/Popups/GraphEnhancementDialog/DeleteTabForOrphanNodes/index.tsx(155,19): error TS7026: JSX element implicitly has type 'any' because no interface 'JSX.IntrinsicElements' exists.
src/components/Popups/GraphEnhancementDialog/DeleteTabForOrphanNodes/index.tsx(156,19): error TS7026: JSX element implicitly has type 'any' because no interface 'JSX.IntrinsicElements' exists.
src/components/Popups/GraphEnhancementDialog/DeleteTabForOrphanNodes/index.tsx(156,28): error TS7026: JSX element implicitly has type 'any' because no interface 'JSX.IntrinsicElements' exists.
src/components/Popups/GraphEnhancementDialog/DeleteTabForOrphanNodes/index.tsx(162,23): error TS7026: JSX element implicitly has type 'any' because no interface 'JSX.IntrinsicElements' exists.
src/components/Popups/GraphEnhancementDialog/DeleteTabForOrphanNodes/index.tsx(162,47): error TS7026: JSX element implicitly has type 'any' because no interface 'JSX.IntrinsicElements' exists.
src/components/Popups/GraphEnhancementDialog/DeleteTabForOrphanNodes/index.tsx(163,18): error TS7006: Parameter 'info' implicitly has an 'any' type.
src/components/Popups/GraphEnhancementDialog/DeleteTabForOrphanNodes/index.tsx(165,30): error TS7006: Parameter 'row' implicitly has an 'any' type.
src/components/Popups/GraphEnhancementDialog/DeleteTabForOrphanNodes/index.tsx(167,16): error TS7006: Parameter 'info' implicitly has an 'any' type.
src/components/Popups/GraphEnhancementDialog/DeleteTabForOrphanNodes/index.tsx(167,25): error TS7026: JSX element implicitly has type 'any' because no interface 'JSX.IntrinsicElements' exists.
src/components/Popups/GraphEnhancementDialog/DeleteTabForOrphanNodes/index.tsx(167,46): error TS7026: JSX element implicitly has type 'any' because no interface 'JSX.IntrinsicElements' exists.
src/components/Popups/GraphEnhancementDialog/DeleteTabForOrphanNodes/index.tsx(168,23): error TS7026: JSX element implicitly has type 'any' because no interface 'JSX.IntrinsicElements' exists.
src/components/Popups/GraphEnhancementDialog/DeleteTabForOrphanNodes/index.tsx(168,45): error TS7026: JSX element implicitly has type 'any' because no interface 'JSX.IntrinsicElements' exists.
src/components/Popups/GraphEnhancementDialog/DeleteTabForOrphanNodes/index.tsx(169,18): error TS7006: Parameter 'info' implicitly has an 'any' type.
src/components/Popups/GraphEnhancementDialog/DeleteTabForOrphanNodes/index.tsx(188,16): error TS7006: Parameter 'row' implicitly has an 'any' type.
src/components/Popups/GraphEnhancementDialog/DeleteTabForOrphanNodes/index.tsx(203,63): error TS7006: Parameter 'r' implicitly has an 'any' type.
src/components/Popups/GraphEnhancementDialog/DeleteTabForOrphanNodes/index.tsx(204,64): error TS7006: Parameter 'r' implicitly has an 'any' type.
src/components/Popups/GraphEnhancementDialog/DeleteTabForOrphanNodes/index.tsx(205,26): error TS7006: Parameter 'prev' implicitly has an 'any' type.
src/components/Popups/GraphEnhancementDialog/DeleteTabForOrphanNodes/index.tsx(208,23): error TS7006: Parameter 'prev' implicitly has an 'any' type.
src/components/Popups/GraphEnhancementDialog/DeleteTabForOrphanNodes/index.tsx(208,45): error TS7006: Parameter 'node' implicitly has an 'any' type.
src/components/Popups/GraphEnhancementDialog/DeleteTabForOrphanNodes/index.tsx(217,5): error TS2307: Cannot find module 'react/jsx-runtime' or its corresponding type declarations.
src/components/Popups/GraphEnhancementDialog/DeleteTabForOrphanNodes/index.tsx(218,7): error TS7026: JSX element implicitly has type 'any' because no interface 'JSX.IntrinsicElements' exists.
src/components/Popups/GraphEnhancementDialog/DeleteTabForOrphanNodes/index.tsx(229,9): error TS7026: JSX element implicitly has type 'any' because no interface 'JSX.IntrinsicElements' exists.
src/components/Popups/GraphEnhancementDialog/DeleteTabForOrphanNodes/index.tsx(250,9): error TS7026: JSX element implicitly has type 'any' because no interface 'JSX.IntrinsicElements' exists.
src/components/Popups/GraphEnhancementDialog/DeleteTabForOrphanNodes/index.tsx(265,20): error TS7006: Parameter 'props' implicitly has an 'any' type.
src/components/Popups/GraphEnhancementDialog/DeleteTabForOrphanNodes/index.tsx(266,41): error TS7031: Binding element 'isSelected' implicitly has an 'any' type.
src/components/Popups/GraphEnhancementDialog/DeleteTabForOrphanNodes/index.tsx(266,53): error TS7031: Binding element 'innerProps' implicitly has an 'any' type.
src/components/Popups/GraphEnhancementDialog/DeleteTabForOrphanNodes/index.tsx(286,12): error TS2741: Property 'children' is missing in type '{ onClick: () => any; size: "large"; loading: boolean; text: string; label: string; disabled: boolean; placement: "top"; }' but required in type '{ text: any; children: React.ReactNode; onClick?: any; size?: "small" | "medium" | "large" | undefined; clean?: boolean | undefined; grouped?: boolean | undefined; placement?: "bottom" | "top" | "right" | "left" | undefined; ... 6 more ...; color?: "success" | ... 4 more ... | undefined; }'.
src/components/Popups/GraphEnhancementDialog/DeleteTabForOrphanNodes/index.tsx(306,7): error TS7026: JSX element implicitly has type 'any' because no interface 'JSX.IntrinsicElements' exists.
src/components/Popups/GraphEnhancementDialog/EnitityExtraction/EntityExtractionSetting.tsx(1,69): error TS2307: Cannot find module 'react' or its corresponding type declarations.
src/components/Popups/GraphEnhancementDialog/EnitityExtraction/EntityExtractionSetting.tsx(4,59): error TS2307: Cannot find module '@neo4j-ndl/react' or its corresponding type declarations.
src/components/Popups/GraphEnhancementDialog/EnitityExtraction/EntityExtractionSetting.tsx(7,43): error TS2307: Cannot find module 'react-select' or its corresponding type declarations.
src/components/Popups/GraphEnhancementDialog/EnitityExtraction/EntityExtractionSetting.tsx(11,24): error TS2307: Cannot find module '@neo4j-ndl/base' or its corresponding type declarations.
src/components/Popups/GraphEnhancementDialog/EnitityExtraction/EntityExtractionSetting.tsx(48,23): error TS7006: Parameter 'prevState' implicitly has an 'any' type.
src/components/Popups/GraphEnhancementDialog/EnitityExtraction/EntityExtractionSetting.tsx(49,47): error TS7006: Parameter 'item' implicitly has an 'any' type.
src/components/Popups/GraphEnhancementDialog/EnitityExtraction/EntityExtractionSetting.tsx(56,22): error TS7006: Parameter 'prevState' implicitly has an 'any' type.
src/components/Popups/GraphEnhancementDialog/EnitityExtraction/EntityExtractionSetting.tsx(57,46): error TS7006: Parameter 'item' implicitly has an 'any' type.
src/components/Popups/GraphEnhancementDialog/EnitityExtraction/EntityExtractionSetting.tsx(72,60): error TS7006: Parameter 's' implicitly has an 'any' type.
src/components/Popups/GraphEnhancementDialog/EnitityExtraction/EntityExtractionSetting.tsx(73,53): error TS7006: Parameter 's' implicitly has an 'any' type.
src/components/Popups/GraphEnhancementDialog/EnitityExtraction/EntityExtractionSetting.tsx(73,82): error TS7006: Parameter 'k' implicitly has an 'any' type.
src/components/Popups/GraphEnhancementDialog/EnitityExtraction/EntityExtractionSetting.tsx(74,52): error TS7006: Parameter 's' implicitly has an 'any' type.
src/components/Popups/GraphEnhancementDialog/EnitityExtraction/EntityExtractionSetting.tsx(74,88): error TS7006: Parameter 'k' implicitly has an 'any' type.
src/components/Popups/GraphEnhancementDialog/EnitityExtraction/EntityExtractionSetting.tsx(82,50): error TS7006: Parameter 's' implicitly has an 'any' type.
src/components/Popups/GraphEnhancementDialog/EnitityExtraction/EntityExtractionSetting.tsx(83,54): error TS7006: Parameter 's' implicitly has an 'any' type.
src/components/Popups/GraphEnhancementDialog/EnitityExtraction/EntityExtractionSetting.tsx(94,23): error TS7006: Parameter 'prev' implicitly has an 'any' type.
src/components/Popups/GraphEnhancementDialog/EnitityExtraction/EntityExtractionSetting.tsx(110,22): error TS7006: Parameter 'prev' implicitly has an 'any' type.
src/components/Popups/GraphEnhancementDialog/EnitityExtraction/EntityExtractionSetting.tsx(177,70): error TS7006: Parameter 'l' implicitly has an 'any' type.
src/components/Popups/GraphEnhancementDialog/EnitityExtraction/EntityExtractionSetting.tsx(178,79): error TS7006: Parameter 't' implicitly has an 'any' type.
src/components/Popups/GraphEnhancementDialog/EnitityExtraction/EntityExtractionSetting.tsx(197,70): error TS7006: Parameter 'l' implicitly has an 'any' type.
src/components/Popups/GraphEnhancementDialog/EnitityExtraction/EntityExtractionSetting.tsx(198,79): error TS7006: Parameter 't' implicitly has an 'any' type.
src/components/Popups/GraphEnhancementDialog/EnitityExtraction/EntityExtractionSetting.tsx(278,5): error TS7026: JSX element implicitly has type 'any' because no interface 'JSX.IntrinsicElements' exists.
src/components/Popups/GraphEnhancementDialog/EnitityExtraction/EntityExtractionSetting.tsx(278,5): error TS2307: Cannot find module 'react/jsx-runtime' or its corresponding type declarations.
src/components/Popups/GraphEnhancementDialog/EnitityExtraction/EntityExtractionSetting.tsx(280,9): error TS7026: JSX element implicitly has type 'any' because no interface 'JSX.IntrinsicElements' exists.
src/components/Popups/GraphEnhancementDialog/EnitityExtraction/EntityExtractionSetting.tsx(282,9): error TS7026: JSX element implicitly has type 'any' because no interface 'JSX.IntrinsicElements' exists.
src/components/Popups/GraphEnhancementDialog/EnitityExtraction/EntityExtractionSetting.tsx(283,9): error TS7026: JSX element implicitly has type 'any' because no interface 'JSX.IntrinsicElements' exists.
src/components/Popups/GraphEnhancementDialog/EnitityExtraction/EntityExtractionSetting.tsx(283,13): error TS7026: JSX element implicitly has type 'any' because no interface 'JSX.IntrinsicElements' exists.
src/components/Popups/GraphEnhancementDialog/EnitityExtraction/EntityExtractionSetting.tsx(284,9): error TS7026: JSX element implicitly has type 'any' because no interface 'JSX.IntrinsicElements' exists.
src/components/Popups/GraphEnhancementDialog/EnitityExtraction/EntityExtractionSetting.tsx(287,9): error TS7026: JSX element implicitly has type 'any' because no interface 'JSX.IntrinsicElements' exists.
src/components/Popups/GraphEnhancementDialog/EnitityExtraction/EntityExtractionSetting.tsx(289,7): error TS7026: JSX element implicitly has type 'any' because no interface 'JSX.IntrinsicElements' exists.
src/components/Popups/GraphEnhancementDialog/EnitityExtraction/EntityExtractionSetting.tsx(290,9): error TS7026: JSX element implicitly has type 'any' because no interface 'JSX.IntrinsicElements' exists.
src/components/Popups/GraphEnhancementDialog/EnitityExtraction/EntityExtractionSetting.tsx(291,11): error TS7026: JSX element implicitly has type 'any' because no interface 'JSX.IntrinsicElements' exists.
src/components/Popups/GraphEnhancementDialog/EnitityExtraction/EntityExtractionSetting.tsx(291,43): error TS7026: JSX element implicitly has type 'any' because no interface 'JSX.IntrinsicElements' exists.
src/components/Popups/GraphEnhancementDialog/EnitityExtraction/EntityExtractionSetting.tsx(292,9): error TS7026: JSX element implicitly has type 'any' because no interface 'JSX.IntrinsicElements' exists.
src/components/Popups/GraphEnhancementDialog/EnitityExtraction/EntityExtractionSetting.tsx(307,9): error TS7026: JSX element implicitly has type 'any' because no interface 'JSX.IntrinsicElements' exists.
src/components/Popups/GraphEnhancementDialog/EnitityExtraction/EntityExtractionSetting.tsx(308,11): error TS7026: JSX element implicitly has type 'any' because no interface 'JSX.IntrinsicElements' exists.
src/components/Popups/GraphEnhancementDialog/EnitityExtraction/EntityExtractionSetting.tsx(308,36): error TS7026: JSX element implicitly has type 'any' because no interface 'JSX.IntrinsicElements' exists.
src/components/Popups/GraphEnhancementDialog/EnitityExtraction/EntityExtractionSetting.tsx(309,9): error TS7026: JSX element implicitly has type 'any' because no interface 'JSX.IntrinsicElements' exists.
src/components/Popups/GraphEnhancementDialog/EnitityExtraction/EntityExtractionSetting.tsx(345,14): error TS2741: Property 'children' is missing in type '{ loading: any; text: string; disabled: boolean; onClick: MouseEventHandler<HTMLButtonElement>; label: string; placement: "top"; }' but required in type '{ text: any; children: React.ReactNode; onClick?: any; size?: "small" | "medium" | "large" | undefined; clean?: boolean | undefined; grouped?: boolean | undefined; placement?: "bottom" | "top" | "right" | "left" | undefined; ... 6 more ...; color?: "success" | ... 4 more ... | undefined; }'.
src/components/Popups/GraphEnhancementDialog/EnitityExtraction/EntityExtractionSetting.tsx(359,14): error TS2741: Property 'children' is missing in type '{ text: string; placement: "top"; onClick: () => void; label: string; }' but required in type '{ text: any; children: React.ReactNode; onClick?: any; size?: "small" | "medium" | "large" | undefined; clean?: boolean | undefined; grouped?: boolean | undefined; placement?: "bottom" | "top" | "right" | "left" | undefined; ... 6 more ...; color?: "success" | ... 4 more ... | undefined; }'.
src/components/Popups/GraphEnhancementDialog/EnitityExtraction/EntityExtractionSetting.tsx(376,16): error TS2741: Property 'children' is missing in type '{ text: string; placement: "top"; onClick: (() => void) | undefined; label: string; }' but required in type '{ text: any; children: React.ReactNode; onClick?: any; size?: "small" | "medium" | "large" | undefined; clean?: boolean | undefined; grouped?: boolean | undefined; placement?: "bottom" | "top" | "right" | "left" | undefined; ... 6 more ...; color?: "success" | ... 4 more ... | undefined; }'.
src/components/Popups/GraphEnhancementDialog/EnitityExtraction/EntityExtractionSetting.tsx(385,16): error TS2741: Property 'children' is missing in type '{ text: string; placement: "top"; onClick: () => void; label: string; disabled: boolean; }' but required in type '{ text: any; children: React.ReactNode; onClick?: any; size?: "small" | "medium" | "large" | undefined; clean?: boolean | undefined; grouped?: boolean | undefined; placement?: "bottom" | "top" | "right" | "left" | undefined; ... 6 more ...; color?: "success" | ... 4 more ... | undefined; }'.
src/components/Popups/GraphEnhancementDialog/EnitityExtraction/EntityExtractionSetting.tsx(395,14): error TS2741: Property 'children' is missing in type '{ text: string; placement: "top"; onClick: () => void; label: string; disabled: boolean; }' but required in type '{ text: any; children: React.ReactNode; onClick?: any; size?: "small" | "medium" | "large" | undefined; clean?: boolean | undefined; grouped?: boolean | undefined; placement?: "bottom" | "top" | "right" | "left" | undefined; ... 6 more ...; color?: "success" | ... 4 more ... | undefined; }'.
src/components/Popups/GraphEnhancementDialog/EnitityExtraction/EntityExtractionSetting.tsx(406,7): error TS7026: JSX element implicitly has type 'any' because no interface 'JSX.IntrinsicElements' exists.
src/components/Popups/GraphEnhancementDialog/EnitityExtraction/EntityExtractionSetting.tsx(407,5): error TS7026: JSX element implicitly has type 'any' because no interface 'JSX.IntrinsicElements' exists.
src/components/Popups/GraphEnhancementDialog/index.tsx(1,68): error TS2307: Cannot find module '@neo4j-ndl/react' or its corresponding type declarations.
src/components/Popups/GraphEnhancementDialog/index.tsx(2,30): error TS2307: Cannot find module '../../../assets/images/graph-enhancements.svg' or its corresponding type declarations.
src/components/Popups/GraphEnhancementDialog/index.tsx(3,37): error TS2307: Cannot find module 'react' or its corresponding type declarations.
src/components/Popups/GraphEnhancementDialog/index.tsx(11,24): error TS2307: Cannot find module '@neo4j-ndl/base' or its corresponding type declarations.
src/components/Popups/GraphEnhancementDialog/index.tsx(45,5): error TS2307: Cannot find module 'react/jsx-runtime' or its corresponding type declarations.
src/components/Popups/GraphEnhancementDialog/index.tsx(58,13): error TS7026: JSX element implicitly has type 'any' because no interface 'JSX.IntrinsicElements' exists.
src/components/Popups/GraphEnhancementDialog/index.tsx(99,11): error TS7026: JSX element implicitly has type 'any' because no interface 'JSX.IntrinsicElements' exists.
src/components/Popups/GraphEnhancementDialog/index.tsx(108,11): error TS7026: JSX element implicitly has type 'any' because no interface 'JSX.IntrinsicElements' exists.
src/components/Popups/GraphEnhancementDialog/PostProcessingCheckList/index.tsx(1,59): error TS2307: Cannot find module '@neo4j-ndl/react' or its corresponding type declarations.
src/components/Popups/GraphEnhancementDialog/PostProcessingCheckList/index.tsx(5,24): error TS2307: Cannot find module '@neo4j-ndl/base' or its corresponding type declarations.
src/components/Popups/GraphEnhancementDialog/PostProcessingCheckList/index.tsx(13,5): error TS2307: Cannot find module 'react/jsx-runtime' or its corresponding type declarations.
src/components/Popups/GraphEnhancementDialog/PostProcessingCheckList/index.tsx(14,7): error TS7026: JSX element implicitly has type 'any' because no interface 'JSX.IntrinsicElements' exists.
src/components/Popups/GraphEnhancementDialog/PostProcessingCheckList/index.tsx(40,32): error TS7006: Parameter 'e' implicitly has an 'any' type.
src/components/Popups/GraphEnhancementDialog/PostProcessingCheckList/index.tsx(42,49): error TS7006: Parameter 'prev' implicitly has an 'any' type.
src/components/Popups/GraphEnhancementDialog/PostProcessingCheckList/index.tsx(44,49): error TS7006: Parameter 'prev' implicitly has an 'any' type.
src/components/Popups/GraphEnhancementDialog/PostProcessingCheckList/index.tsx(44,71): error TS7006: Parameter 's' implicitly has an 'any' type.
src/components/Popups/GraphEnhancementDialog/PostProcessingCheckList/index.tsx(56,7): error TS7026: JSX element implicitly has type 'any' because no interface 'JSX.IntrinsicElements' exists.
src/components/Popups/GraphEnhancementDialog/PostProcessingCheckList/PostProcessingToast.tsx(1,34): error TS2307: Cannot find module '@neo4j-ndl/react' or its corresponding type declarations.
src/components/Popups/GraphEnhancementDialog/PostProcessingCheckList/PostProcessingToast.tsx(12,5): error TS2307: Cannot find module 'react/jsx-runtime' or its corresponding type declarations.
src/components/Popups/GraphEnhancementDialog/PostProcessingCheckList/SelectedJobList.tsx(1,44): error TS2307: Cannot find module '@neo4j-ndl/react' or its corresponding type declarations.
src/components/Popups/GraphEnhancementDialog/PostProcessingCheckList/SelectedJobList.tsx(3,25): error TS2307: Cannot find module 'react' or its corresponding type declarations.
src/components/Popups/GraphEnhancementDialog/PostProcessingCheckList/SelectedJobList.tsx(22,5): error TS2307: Cannot find module 'react/jsx-runtime' or its corresponding type declarations.
src/components/Popups/GraphEnhancementDialog/PostProcessingCheckList/SelectedJobList.tsx(23,40): error TS7006: Parameter 'task' implicitly has an 'any' type.
src/components/Popups/GraphEnhancementDialog/PostProcessingCheckList/SelectedJobList.tsx(23,46): error TS7006: Parameter 'idx' implicitly has an 'any' type.
src/components/Popups/GraphEnhancementDialog/PostProcessingCheckList/SelectedJobList.tsx(31,25): error TS7006: Parameter 's' implicitly has an 'any' type.
src/components/Popups/LargeFilePopUp/ConfirmationDialog.tsx(1,44): error TS2307: Cannot find module '@neo4j-ndl/react' or its corresponding type declarations.
src/components/Popups/LargeFilePopUp/ConfirmationDialog.tsx(4,43): error TS2307: Cannot find module 'react' or its corresponding type declarations.
src/components/Popups/LargeFilePopUp/ConfirmationDialog.tsx(27,36): error TS7006: Parameter 'f' implicitly has an 'any' type.
src/components/Popups/LargeFilePopUp/ConfirmationDialog.tsx(29,24): error TS7006: Parameter 'prev' implicitly has an 'any' type.
src/components/Popups/LargeFilePopUp/ConfirmationDialog.tsx(30,43): error TS7006: Parameter 'f' implicitly has an 'any' type.
src/components/Popups/LargeFilePopUp/ConfirmationDialog.tsx(36,24): error TS7006: Parameter 'prev' implicitly has an 'any' type.
src/components/Popups/LargeFilePopUp/ConfirmationDialog.tsx(46,47): error TS7006: Parameter 'v' implicitly has an 'any' type.
src/components/Popups/LargeFilePopUp/ConfirmationDialog.tsx(48,24): error TS7006: Parameter 'prev' implicitly has an 'any' type.
src/components/Popups/LargeFilePopUp/ConfirmationDialog.tsx(57,24): error TS7006: Parameter 'prev' implicitly has an 'any' type.
src/components/Popups/LargeFilePopUp/ConfirmationDialog.tsx(58,43): error TS7006: Parameter 'f' implicitly has an 'any' type.
src/components/Popups/LargeFilePopUp/ConfirmationDialog.tsx(71,5): error TS2307: Cannot find module 'react/jsx-runtime' or its corresponding type declarations.
src/components/Popups/LargeFilePopUp/ConfirmationDialog.tsx(96,46): error TS7006: Parameter 'f' implicitly has an 'any' type.
src/components/Popups/LargeFilePopUp/LargeFilesAlert.tsx(1,49): error TS2307: Cannot find module '@neo4j-ndl/react' or its corresponding type declarations.
src/components/Popups/LargeFilePopUp/LargeFilesAlert.tsx(2,41): error TS2307: Cannot find module '@neo4j-ndl/react/icons' or its corresponding type declarations.
src/components/Popups/LargeFilePopUp/LargeFilesAlert.tsx(4,92): error TS2307: Cannot find module '@mui/material' or its corresponding type declarations.
src/components/Popups/LargeFilePopUp/LargeFilesAlert.tsx(5,41): error TS2307: Cannot find module 'react' or its corresponding type declarations.
src/components/Popups/LargeFilePopUp/LargeFilesAlert.tsx(7,23): error TS2307: Cannot find module '../../../assets/images/Stopwatch-blue.svg' or its corresponding type declarations.
src/components/Popups/LargeFilePopUp/LargeFilesAlert.tsx(9,27): error TS2307: Cannot find module '../../../assets/images/wikipedia.svg' or its corresponding type declarations.
src/components/Popups/LargeFilePopUp/LargeFilesAlert.tsx(10,27): error TS2307: Cannot find module '../../../assets/images/wikipedia-darkmode.svg' or its corresponding type declarations.
src/components/Popups/LargeFilePopUp/LargeFilesAlert.tsx(11,25): error TS2307: Cannot find module '../../../assets/images/youtube.svg' or its corresponding type declarations.
src/components/Popups/LargeFilePopUp/LargeFilesAlert.tsx(12,21): error TS2307: Cannot find module '../../../assets/images/web.svg' or its corresponding type declarations.
src/components/Popups/LargeFilePopUp/LargeFilesAlert.tsx(13,25): error TS2307: Cannot find module '../../../assets/images/web-darkmode.svg' or its corresponding type declarations.
src/components/Popups/LargeFilePopUp/LargeFilesAlert.tsx(14,21): error TS2307: Cannot find module '../../../assets/images/gcs.webp' or its corresponding type declarations.
src/components/Popups/LargeFilePopUp/LargeFilesAlert.tsx(15,20): error TS2307: Cannot find module '../../../assets/images/s3logo.png' or its corresponding type declarations.
src/components/Popups/LargeFilePopUp/LargeFilesAlert.tsx(19,49): error TS7031: Binding element 'largeFiles' implicitly has an 'any' type.
src/components/Popups/LargeFilePopUp/LargeFilesAlert.tsx(19,61): error TS7031: Binding element 'handleToggle' implicitly has an 'any' type.
src/components/Popups/LargeFilePopUp/LargeFilesAlert.tsx(19,75): error TS7031: Binding element 'checked' implicitly has an 'any' type.
src/components/Popups/LargeFilePopUp/LargeFilesAlert.tsx(33,5): error TS2307: Cannot find module 'react/jsx-runtime' or its corresponding type declarations.
src/components/Popups/LargeFilePopUp/LargeFilesAlert.tsx(35,9): error TS7026: JSX element implicitly has type 'any' because no interface 'JSX.IntrinsicElements' exists.
src/components/Popups/LargeFilePopUp/LargeFilesAlert.tsx(47,30): error TS7006: Parameter 'f' implicitly has an 'any' type.
src/components/Popups/LargeFilePopUp/LargeFilesAlert.tsx(47,33): error TS7006: Parameter 'i' implicitly has an 'any' type.
src/components/Popups/LargeFilePopUp/LargeFilesAlert.tsx(55,36): error TS7006: Parameter 'e' implicitly has an 'any' type.
src/components/Popups/LargeFilePopUp/LargeFilesAlert.tsx(68,25): error TS7026: JSX element implicitly has type 'any' because no interface 'JSX.IntrinsicElements' exists.
src/components/Popups/LargeFilePopUp/LargeFilesAlert.tsx(68,83): error TS7026: JSX element implicitly has type 'any' because no interface 'JSX.IntrinsicElements' exists.
src/components/Popups/LargeFilePopUp/LargeFilesAlert.tsx(76,27): error TS7026: JSX element implicitly has type 'any' because no interface 'JSX.IntrinsicElements' exists.
src/components/Popups/LargeFilePopUp/LargeFilesAlert.tsx(83,27): error TS7026: JSX element implicitly has type 'any' because no interface 'JSX.IntrinsicElements' exists.
src/components/Popups/LargeFilePopUp/LargeFilesAlert.tsx(85,29): error TS7026: JSX element implicitly has type 'any' because no interface 'JSX.IntrinsicElements' exists.
src/components/Popups/LargeFilePopUp/LargeFilesAlert.tsx(87,29): error TS7026: JSX element implicitly has type 'any' because no interface 'JSX.IntrinsicElements' exists.
src/components/Popups/RetryConfirmation/Index.tsx(1,45): error TS2307: Cannot find module '@neo4j-ndl/react' or its corresponding type declarations.
src/components/Popups/RetryConfirmation/Index.tsx(7,22): error TS2307: Cannot find module 'react' or its corresponding type declarations.
src/components/Popups/RetryConfirmation/Index.tsx(27,32): error TS7006: Parameter 'c' implicitly has an 'any' type.
src/components/Popups/RetryConfirmation/Index.tsx(30,5): error TS2307: Cannot find module 'react/jsx-runtime' or its corresponding type declarations.
src/components/Popups/RetryConfirmation/Index.tsx(43,28): error TS7006: Parameter 'e' implicitly has an 'any' type.
src/components/Popups/RetryConfirmation/Index.tsx(44,33): error TS7006: Parameter 'prev' implicitly has an 'any' type.
src/components/Popups/RetryConfirmation/Index.tsx(45,38): error TS7006: Parameter 'f' implicitly has an 'any' type.
src/components/Popups/RetryConfirmation/Index.tsx(56,29): error TS7006: Parameter 'e' implicitly has an 'any' type.
src/components/Popups/RetryConfirmation/Index.tsx(67,14): error TS2741: Property 'children' is missing in type '{ placement: "top"; label: string; text: string; loading: boolean; disabled: boolean; onClick: () => void; size: "large"; }' but required in type '{ text: any; children: React.ReactNode; onClick?: any; size?: "small" | "medium" | "large" | undefined; clean?: boolean | undefined; grouped?: boolean | undefined; placement?: "bottom" | "top" | "right" | "left" | undefined; ... 6 more ...; color?: "success" | ... 4 more ... | undefined; }'.
src/components/Popups/Settings/SchemaFromText.tsx(1,44): error TS2307: Cannot find module '@neo4j-ndl/react' or its corresponding type declarations.
src/components/Popups/Settings/SchemaFromText.tsx(2,39): error TS2307: Cannot find module 'react' or its corresponding type declarations.
src/components/Popups/Settings/SchemaFromText.tsx(33,64): error TS7006: Parameter 'l' implicitly has an 'any' type.
src/components/Popups/Settings/SchemaFromText.tsx(34,29): error TS7006: Parameter 'prev' implicitly has an 'any' type.
src/components/Popups/Settings/SchemaFromText.tsx(52,72): error TS7006: Parameter 't' implicitly has an 'any' type.
src/components/Popups/Settings/SchemaFromText.tsx(53,28): error TS7006: Parameter 'prev' implicitly has an 'any' type.
src/components/Popups/Settings/SchemaFromText.tsx(95,5): error TS2307: Cannot find module 'react/jsx-runtime' or its corresponding type declarations.
src/components/Popups/Settings/SchemaFromText.tsx(116,22): error TS7006: Parameter 'e' implicitly has an 'any' type.
src/components/Popups/Settings/SchemaFromText.tsx(122,24): error TS7006: Parameter 'e' implicitly has an 'any' type.
src/components/Popups/Settings/SchemaFromText.tsx(127,12): error TS2741: Property 'children' is missing in type '{ placement: "top"; label: string; text: string; loading: any; disabled: any; onClick: any; }' but required in type '{ text: any; children: React.ReactNode; onClick?: any; size?: "small" | "medium" | "large" | undefined; clean?: boolean | undefined; grouped?: boolean | undefined; placement?: "bottom" | "top" | "right" | "left" | undefined; ... 6 more ...; color?: "success" | ... 4 more ... | undefined; }'.
src/components/Popups/Settings/SettingModal.tsx(1,34): error TS2307: Cannot find module '@neo4j-ndl/react' or its corresponding type declarations.
src/components/Popups/Settings/SettingModal.tsx(2,43): error TS2307: Cannot find module 'react-select' or its corresponding type declarations.
src/components/Popups/Settings/SettingModal.tsx(7,69): error TS2307: Cannot find module 'react' or its corresponding type declarations.
src/components/Popups/Settings/SettingModal.tsx(13,22): error TS2503: Cannot find namespace 'React'.
src/components/Popups/Settings/SettingModal.tsx(14,3): error TS7031: Binding element 'open' implicitly has an 'any' type.
src/components/Popups/Settings/SettingModal.tsx(15,3): error TS7031: Binding element 'onClose' implicitly has an 'any' type.
src/components/Popups/Settings/SettingModal.tsx(16,3): error TS7031: Binding element 'openTextSchema' implicitly has an 'any' type.
src/components/Popups/Settings/SettingModal.tsx(17,3): error TS7031: Binding element 'onContinue' implicitly has an 'any' type.
src/components/Popups/Settings/SettingModal.tsx(18,3): error TS7031: Binding element 'settingView' implicitly has an 'any' type.
src/components/Popups/Settings/SettingModal.tsx(19,3): error TS7031: Binding element 'setIsSchema' implicitly has an 'any' type.
src/components/Popups/Settings/SettingModal.tsx(20,3): error TS7031: Binding element 'isSchema' implicitly has an 'any' type.
src/components/Popups/Settings/SettingModal.tsx(30,23): error TS7006: Parameter 'prevState' implicitly has an 'any' type.
src/components/Popups/Settings/SettingModal.tsx(31,47): error TS7006: Parameter 'item' implicitly has an 'any' type.
src/components/Popups/Settings/SettingModal.tsx(38,22): error TS7006: Parameter 'prevState' implicitly has an 'any' type.
src/components/Popups/Settings/SettingModal.tsx(39,46): error TS7006: Parameter 'item' implicitly has an 'any' type.
src/components/Popups/Settings/SettingModal.tsx(53,60): error TS7006: Parameter 's' implicitly has an 'any' type.
src/components/Popups/Settings/SettingModal.tsx(54,53): error TS7006: Parameter 's' implicitly has an 'any' type.
src/components/Popups/Settings/SettingModal.tsx(54,82): error TS7006: Parameter 'k' implicitly has an 'any' type.
src/components/Popups/Settings/SettingModal.tsx(55,52): error TS7006: Parameter 's' implicitly has an 'any' type.
src/components/Popups/Settings/SettingModal.tsx(55,88): error TS7006: Parameter 'k' implicitly has an 'any' type.
src/components/Popups/Settings/SettingModal.tsx(63,50): error TS7006: Parameter 's' implicitly has an 'any' type.
src/components/Popups/Settings/SettingModal.tsx(64,54): error TS7006: Parameter 's' implicitly has an 'any' type.
src/components/Popups/Settings/SettingModal.tsx(75,23): error TS7006: Parameter 'prev' implicitly has an 'any' type.
src/components/Popups/Settings/SettingModal.tsx(91,22): error TS7006: Parameter 'prev' implicitly has an 'any' type.
src/components/Popups/Settings/SettingModal.tsx(154,68): error TS7006: Parameter 'l' implicitly has an 'any' type.
src/components/Popups/Settings/SettingModal.tsx(155,77): error TS7006: Parameter 't' implicitly has an 'any' type.
src/components/Popups/Settings/SettingModal.tsx(191,5): error TS2307: Cannot find module 'react/jsx-runtime' or its corresponding type declarations.
src/components/Popups/Settings/SettingModal.tsx(234,12): error TS2741: Property 'children' is missing in type '{ loading: any; text: string; disabled: boolean; onClick: MouseEventHandler<HTMLButtonElement>; label: string; placement: "top"; }' but required in type '{ text: any; children: React.ReactNode; onClick?: any; size?: "small" | "medium" | "large" | undefined; clean?: boolean | undefined; grouped?: boolean | undefined; placement?: "bottom" | "top" | "right" | "left" | undefined; ... 6 more ...; color?: "success" | ... 4 more ... | undefined; }'.
src/components/Popups/Settings/SettingModal.tsx(248,12): error TS2741: Property 'children' is missing in type '{ text: string; placement: "top"; onClick: () => void; label: string; }' but required in type '{ text: any; children: React.ReactNode; onClick?: any; size?: "small" | "medium" | "large" | undefined; clean?: boolean | undefined; grouped?: boolean | undefined; placement?: "bottom" | "top" | "right" | "left" | undefined; ... 6 more ...; color?: "success" | ... 4 more ... | undefined; }'.
src/components/Popups/Settings/SettingModal.tsx(260,14): error TS2741: Property 'children' is missing in type '{ text: string; placement: "top"; onClick: any; label: string; }' but required in type '{ text: any; children: React.ReactNode; onClick?: any; size?: "small" | "medium" | "large" | undefined; clean?: boolean | undefined; grouped?: boolean | undefined; placement?: "bottom" | "top" | "right" | "left" | undefined; ... 6 more ...; color?: "success" | ... 4 more ... | undefined; }'.
src/components/Popups/Settings/SettingModal.tsx(269,14): error TS2741: Property 'children' is missing in type '{ text: string; placement: "top"; onClick: () => void; label: string; disabled: boolean; }' but required in type '{ text: any; children: React.ReactNode; onClick?: any; size?: "small" | "medium" | "large" | undefined; clean?: boolean | undefined; grouped?: boolean | undefined; placement?: "bottom" | "top" | "right" | "left" | undefined; ... 6 more ...; color?: "success" | ... 4 more ... | undefined; }'.
src/components/QuickStarter.tsx(2,33): error TS2307: Cannot find module 'react' or its corresponding type declarations.
src/components/QuickStarter.tsx(19,5): error TS2307: Cannot find module 'react/jsx-runtime' or its corresponding type declarations.
src/components/UI/Alert.tsx(1,19): error TS2307: Cannot find module 'react' or its corresponding type declarations.
src/components/UI/Alert.tsx(2,22): error TS2307: Cannot find module '@mui/material/Snackbar' or its corresponding type declarations.
src/components/UI/Alert.tsx(3,19): error TS2307: Cannot find module '@mui/material/Alert' or its corresponding type declarations.
src/components/UI/Alert.tsx(6,52): error TS7031: Binding element 'open' implicitly has an 'any' type.
src/components/UI/Alert.tsx(6,58): error TS7031: Binding element 'handleClose' implicitly has an 'any' type.
src/components/UI/Alert.tsx(6,71): error TS7031: Binding element 'alertMessage' implicitly has an 'any' type.
src/components/UI/Alert.tsx(8,5): error TS2307: Cannot find module 'react/jsx-runtime' or its corresponding type declarations.
src/components/UI/ButtonWithToolTip.tsx(1,29): error TS2307: Cannot find module '@neo4j-ndl/react' or its corresponding type declarations.
src/components/UI/ButtonWithToolTip.tsx(2,52): error TS2307: Cannot find module 'react' or its corresponding type declarations.
src/components/UI/ButtonWithToolTip.tsx(35,5): error TS2307: Cannot find module 'react/jsx-runtime' or its corresponding type declarations.
src/components/UI/CustomButton.tsx(3,21): error TS2503: Cannot find namespace 'React'.
src/components/UI/CustomButton.tsx(3,54): error TS7031: Binding element 'openModal' implicitly has an 'any' type.
src/components/UI/CustomButton.tsx(3,65): error TS7031: Binding element 'wrapperclassName' implicitly has an 'any' type.
src/components/UI/CustomButton.tsx(3,83): error TS7031: Binding element 'logo' implicitly has an 'any' type.
src/components/UI/CustomButton.tsx(3,89): error TS7031: Binding element 'title' implicitly has an 'any' type.
src/components/UI/CustomButton.tsx(3,96): error TS7031: Binding element 'className' implicitly has an 'any' type.
src/components/UI/CustomButton.tsx(5,5): error TS7026: JSX element implicitly has type 'any' because no interface 'JSX.IntrinsicElements' exists.
src/components/UI/CustomButton.tsx(5,5): error TS2307: Cannot find module 'react/jsx-runtime' or its corresponding type declarations.
src/components/UI/CustomButton.tsx(6,7): error TS7026: JSX element implicitly has type 'any' because no interface 'JSX.IntrinsicElements' exists.
src/components/UI/CustomButton.tsx(6,59): error TS7026: JSX element implicitly has type 'any' because no interface 'JSX.IntrinsicElements' exists.
src/components/UI/CustomButton.tsx(7,7): error TS7026: JSX element implicitly has type 'any' because no interface 'JSX.IntrinsicElements' exists.
src/components/UI/CustomButton.tsx(7,18): error TS7026: JSX element implicitly has type 'any' because no interface 'JSX.IntrinsicElements' exists.
src/components/UI/CustomButton.tsx(8,5): error TS7026: JSX element implicitly has type 'any' because no interface 'JSX.IntrinsicElements' exists.
src/components/UI/CustomCheckBox.tsx(1,26): error TS2307: Cannot find module '@neo4j-ndl/react' or its corresponding type declarations.
src/components/UI/CustomCheckBox.tsx(2,34): error TS2307: Cannot find module 'react' or its corresponding type declarations.
src/components/UI/CustomCheckBox.tsx(18,5): error TS2307: Cannot find module 'react/jsx-runtime' or its corresponding type declarations.
src/components/UI/CustomProgressBar.tsx(1,29): error TS2307: Cannot find module '@neo4j-ndl/react' or its corresponding type declarations.
src/components/UI/CustomProgressBar.tsx(4,10): error TS2307: Cannot find module 'react/jsx-runtime' or its corresponding type declarations.
src/components/UI/DatabaseIcon.tsx(1,61): error TS2307: Cannot find module '@neo4j-ndl/react/icons' or its corresponding type declarations.
src/components/UI/DatabaseIcon.tsx(6,27): error TS2503: Cannot find namespace 'React'.
src/components/UI/DatabaseIcon.tsx(6,62): error TS7031: Binding element 'isConnected' implicitly has an 'any' type.
src/components/UI/DatabaseIcon.tsx(6,75): error TS7031: Binding element 'isGdsActive' implicitly has an 'any' type.
src/components/UI/DatabaseIcon.tsx(6,88): error TS7031: Binding element 'uri' implicitly has an 'any' type.
src/components/UI/DatabaseIcon.tsx(10,5): error TS7026: JSX element implicitly has type 'any' because no interface 'JSX.IntrinsicElements' exists.
src/components/UI/DatabaseIcon.tsx(10,5): error TS2307: Cannot find module 'react/jsx-runtime' or its corresponding type declarations.
src/components/UI/DatabaseIcon.tsx(11,8): error TS2741: Property 'children' is missing in type '{ label: string; text: string; placement: "top"; }' but required in type '{ label: string; text: any; children: React.ReactNode; onClick?: any; size?: "small" | "medium" | "large" | undefined; clean?: boolean | undefined; grouped?: boolean | undefined; placement?: "bottom" | "top" | "right" | "left" | undefined; disabled?: boolean | undefined; }'.
src/components/UI/DatabaseIcon.tsx(12,9): error TS7026: JSX element implicitly has type 'any' because no interface 'JSX.IntrinsicElements' exists.
src/components/UI/DatabaseIcon.tsx(18,9): error TS7026: JSX element implicitly has type 'any' because no interface 'JSX.IntrinsicElements' exists.
src/components/UI/DatabaseIcon.tsx(20,7): error TS7026: JSX element implicitly has type 'any' because no interface 'JSX.IntrinsicElements' exists.
src/components/UI/DatabaseIcon.tsx(20,94): error TS7026: JSX element implicitly has type 'any' because no interface 'JSX.IntrinsicElements' exists.
src/components/UI/DatabaseIcon.tsx(21,5): error TS7026: JSX element implicitly has type 'any' because no interface 'JSX.IntrinsicElements' exists.
src/components/UI/DatabaseStatusIcon.tsx(1,40): error TS2307: Cannot find module '@neo4j-ndl/react/icons' or its corresponding type declarations.
src/components/UI/DatabaseStatusIcon.tsx(7,27): error TS2503: Cannot find namespace 'React'.
src/components/UI/DatabaseStatusIcon.tsx(7,62): error TS7031: Binding element 'isConnected' implicitly has an 'any' type.
src/components/UI/DatabaseStatusIcon.tsx(7,75): error TS7031: Binding element 'isGdsActive' implicitly has an 'any' type.
src/components/UI/DatabaseStatusIcon.tsx(7,88): error TS7031: Binding element 'uri' implicitly has an 'any' type.
src/components/UI/DatabaseStatusIcon.tsx(11,5): error TS7026: JSX element implicitly has type 'any' because no interface 'JSX.IntrinsicElements' exists.
src/components/UI/DatabaseStatusIcon.tsx(11,5): error TS2307: Cannot find module 'react/jsx-runtime' or its corresponding type declarations.
src/components/UI/DatabaseStatusIcon.tsx(12,8): error TS2741: Property 'children' is missing in type '{ label: string; text: string; placement: "top"; }' but required in type '{ label: string; text: any; children: React.ReactNode; onClick?: any; size?: "small" | "medium" | "large" | undefined; clean?: boolean | undefined; grouped?: boolean | undefined; placement?: "bottom" | "top" | "right" | "left" | undefined; disabled?: boolean | undefined; }'.
src/components/UI/DatabaseStatusIcon.tsx(13,9): error TS7026: JSX element implicitly has type 'any' because no interface 'JSX.IntrinsicElements' exists.
src/components/UI/DatabaseStatusIcon.tsx(19,9): error TS7026: JSX element implicitly has type 'any' because no interface 'JSX.IntrinsicElements' exists.
src/components/UI/DatabaseStatusIcon.tsx(21,7): error TS7026: JSX element implicitly has type 'any' because no interface 'JSX.IntrinsicElements' exists.
src/components/UI/DatabaseStatusIcon.tsx(21,94): error TS7026: JSX element implicitly has type 'any' because no interface 'JSX.IntrinsicElements' exists.
src/components/UI/DatabaseStatusIcon.tsx(22,5): error TS7026: JSX element implicitly has type 'any' because no interface 'JSX.IntrinsicElements' exists.
src/components/UI/ErrroBoundary.tsx(1,19): error TS2307: Cannot find module 'react' or its corresponding type declarations.
src/components/UI/ErrroBoundary.tsx(2,24): error TS2307: Cannot find module '@neo4j-ndl/react' or its corresponding type declarations.
src/components/UI/ErrroBoundary.tsx(12,10): error TS2339: Property 'setState' does not exist on type 'ErrorBoundary'.
src/components/UI/ErrroBoundary.tsx(20,9): error TS7026: JSX element implicitly has type 'any' because no interface 'JSX.IntrinsicElements' exists.
src/components/UI/ErrroBoundary.tsx(20,9): error TS2307: Cannot find module 'react/jsx-runtime' or its corresponding type declarations.
src/components/UI/ErrroBoundary.tsx(54,9): error TS7026: JSX element implicitly has type 'any' because no interface 'JSX.IntrinsicElements' exists.
src/components/UI/ErrroBoundary.tsx(57,17): error TS2339: Property 'props' does not exist on type 'ErrorBoundary'.
src/components/UI/FallBackDialog.tsx(1,40): error TS2307: Cannot find module '@neo4j-ndl/react' or its corresponding type declarations.
src/components/UI/FallBackDialog.tsx(5,5): error TS2307: Cannot find module 'react/jsx-runtime' or its corresponding type declarations.
src/components/UI/HoverableLink.tsx(1,52): error TS2307: Cannot find module 'react' or its corresponding type declarations.
src/components/UI/HoverableLink.tsx(3,56): error TS7031: Binding element 'url' implicitly has an 'any' type.
src/components/UI/HoverableLink.tsx(3,61): error TS7031: Binding element 'children' implicitly has an 'any' type.
src/components/UI/HoverableLink.tsx(9,16): error TS2503: Cannot find namespace 'NodeJS'.
src/components/UI/HoverableLink.tsx(39,5): error TS7026: JSX element implicitly has type 'any' because no interface 'JSX.IntrinsicElements' exists.
src/components/UI/HoverableLink.tsx(39,5): error TS2307: Cannot find module 'react/jsx-runtime' or its corresponding type declarations.
src/components/UI/HoverableLink.tsx(47,9): error TS7026: JSX element implicitly has type 'any' because no interface 'JSX.IntrinsicElements' exists.
src/components/UI/HoverableLink.tsx(53,13): error TS7026: JSX element implicitly has type 'any' because no interface 'JSX.IntrinsicElements' exists.
src/components/UI/HoverableLink.tsx(63,26): error TS7026: JSX element implicitly has type 'any' because no interface 'JSX.IntrinsicElements' exists.
src/components/UI/HoverableLink.tsx(65,9): error TS7026: JSX element implicitly has type 'any' because no interface 'JSX.IntrinsicElements' exists.
src/components/UI/HoverableLink.tsx(67,7): error TS7026: JSX element implicitly has type 'any' because no interface 'JSX.IntrinsicElements' exists.
src/components/UI/HoverableLink.tsx(68,5): error TS7026: JSX element implicitly has type 'any' because no interface 'JSX.IntrinsicElements' exists.
src/components/UI/IconButtonToolTip.tsx(1,33): error TS2307: Cannot find module '@neo4j-ndl/react' or its corresponding type declarations.
src/components/UI/IconButtonToolTip.tsx(2,26): error TS2307: Cannot find module 'react' or its corresponding type declarations.
src/components/UI/IconButtonToolTip.tsx(16,18): error TS2503: Cannot find namespace 'React'.
src/components/UI/IconButtonToolTip.tsx(17,13): error TS2503: Cannot find namespace 'React'.
src/components/UI/IconButtonToolTip.tsx(18,13): error TS2503: Cannot find namespace 'React'.
src/components/UI/IconButtonToolTip.tsx(27,5): error TS2307: Cannot find module 'react/jsx-runtime' or its corresponding type declarations.
src/components/UI/IconButtonToolTip.tsx(57,18): error TS2503: Cannot find namespace 'React'.
src/components/UI/IconButtonToolTip.tsx(58,13): error TS2503: Cannot find namespace 'React'.
src/components/UI/IconButtonToolTip.tsx(59,13): error TS2503: Cannot find namespace 'React'.
src/components/UI/Legend.tsx(1,28): error TS2307: Cannot find module '@neo4j-ndl/react' or its corresponding type declarations.
src/components/UI/Legend.tsx(15,17): error TS2503: Cannot find namespace 'React'.
src/components/UI/Legend.tsx(18,5): error TS2307: Cannot find module 'react/jsx-runtime' or its corresponding type declarations.
src/components/UI/Menu.tsx(1,22): error TS2307: Cannot find module '@neo4j-ndl/react' or its corresponding type declarations.
src/components/UI/Menu.tsx(23,5): error TS2307: Cannot find module 'react/jsx-runtime' or its corresponding type declarations.
src/components/UI/ScienceMolecule.tsx(1,19): error TS2307: Cannot find module 'react' or its corresponding type declarations.
src/components/UI/ScienceMolecule.tsx(7,68): error TS7031: Binding element 'currentColour' implicitly has an 'any' type.
src/components/UI/ScienceMolecule.tsx(8,3): error TS7026: JSX element implicitly has type 'any' because no interface 'JSX.IntrinsicElements' exists.
src/components/UI/ScienceMolecule.tsx(8,3): error TS2307: Cannot find module 'react/jsx-runtime' or its corresponding type declarations.
src/components/UI/ScienceMolecule.tsx(16,5): error TS7026: JSX element implicitly has type 'any' because no interface 'JSX.IntrinsicElements' exists.
src/components/UI/ScienceMolecule.tsx(23,5): error TS7026: JSX element implicitly has type 'any' because no interface 'JSX.IntrinsicElements' exists.
src/components/UI/ScienceMolecule.tsx(30,5): error TS7026: JSX element implicitly has type 'any' because no interface 'JSX.IntrinsicElements' exists.
src/components/UI/ScienceMolecule.tsx(37,3): error TS7026: JSX element implicitly has type 'any' because no interface 'JSX.IntrinsicElements' exists.
src/components/UI/ShowAll.tsx(1,24): error TS2307: Cannot find module '@neo4j-ndl/react' or its corresponding type declarations.
src/components/UI/ShowAll.tsx(2,32): error TS2307: Cannot find module 'react' or its corresponding type declarations.
src/components/UI/ShowAll.tsx(3,26): error TS2307: Cannot find module 'react' or its corresponding type declarations.
src/components/UI/ShowAll.tsx(17,45): error TS7006: Parameter 'e' implicitly has an 'any' type.
src/components/UI/ShowAll.tsx(29,5): error TS2307: Cannot find module 'react/jsx-runtime' or its corresponding type declarations.
src/components/UI/ShowAll.tsx(30,7): error TS7026: JSX element implicitly has type 'any' because no interface 'JSX.IntrinsicElements' exists.
src/components/UI/ShowAll.tsx(30,56): error TS7026: JSX element implicitly has type 'any' because no interface 'JSX.IntrinsicElements' exists.
src/components/UI/TipWrapper.tsx(1,21): error TS2307: Cannot find module '@neo4j-ndl/react' or its corresponding type declarations.
src/components/UI/TipWrapper.tsx(10,13): error TS2503: Cannot find namespace 'React'.
src/components/UI/TipWrapper.tsx(14,5): error TS2307: Cannot find module 'react/jsx-runtime' or its corresponding type declarations.
src/components/WebSources/CustomSourceInput.tsx(1,54): error TS2307: Cannot find module '@neo4j-ndl/react' or its corresponding type declarations.
src/components/WebSources/CustomSourceInput.tsx(22,5): error TS2307: Cannot find module 'react/jsx-runtime' or its corresponding type declarations.
src/components/WebSources/CustomSourceInput.tsx(36,9): error TS7026: JSX element implicitly has type 'any' because no interface 'JSX.IntrinsicElements' exists.
src/components/WebSources/CustomSourceInput.tsx(51,25): error TS7006: Parameter 'e' implicitly has an 'any' type.
src/components/WebSources/CustomSourceInput.tsx(57,9): error TS7026: JSX element implicitly has type 'any' because no interface 'JSX.IntrinsicElements' exists.
src/components/WebSources/CustomSourceInput.tsx(60,9): error TS7026: JSX element implicitly has type 'any' because no interface 'JSX.IntrinsicElements' exists.
src/components/WebSources/CustomSourceInput.tsx(74,9): error TS7026: JSX element implicitly has type 'any' because no interface 'JSX.IntrinsicElements' exists.
src/components/WebSources/GenericSourceButton.tsx(2,34): error TS2307: Cannot find module '@neo4j-ndl/react' or its corresponding type declarations.
src/components/WebSources/GenericSourceButton.tsx(4,46): error TS2307: Cannot find module '@neo4j-ndl/react/icons' or its corresponding type declarations.
src/components/WebSources/GenericSourceButton.tsx(10,5): error TS2307: Cannot find module 'react/jsx-runtime' or its corresponding type declarations.
src/components/WebSources/GenericSourceButton.tsx(14,11): error TS7026: JSX element implicitly has type 'any' because no interface 'JSX.IntrinsicElements' exists.
src/components/WebSources/GenericSourceButton.tsx(14,28): error TS7026: JSX element implicitly has type 'any' because no interface 'JSX.IntrinsicElements' exists.
src/components/WebSources/GenericSourceButton.tsx(15,11): error TS7026: JSX element implicitly has type 'any' because no interface 'JSX.IntrinsicElements' exists.
src/components/WebSources/GenericSourceButton.tsx(16,14): error TS2741: Property 'children' is missing in type '{ label: string; clean: true; text: any; }' but required in type '{ label: string; text: any; children: React.ReactNode; onClick?: any; size?: "small" | "medium" | "large" | undefined; clean?: boolean | undefined; grouped?: boolean | undefined; placement?: "bottom" | "top" | "right" | "left" | undefined; disabled?: boolean | undefined; }'.
src/components/WebSources/GenericSourceButton.tsx(22,85): error TS7026: JSX element implicitly has type 'any' because no interface 'JSX.IntrinsicElements' exists.
src/components/WebSources/GenericSourceButton.tsx(22,98): error TS7026: JSX element implicitly has type 'any' because no interface 'JSX.IntrinsicElements' exists.
src/components/WebSources/GenericSourceButton.tsx(23,82): error TS7026: JSX element implicitly has type 'any' because no interface 'JSX.IntrinsicElements' exists.
src/components/WebSources/GenericSourceButton.tsx(23,97): error TS7026: JSX element implicitly has type 'any' because no interface 'JSX.IntrinsicElements' exists.
src/components/WebSources/GenericSourceButton.tsx(24,81): error TS7026: JSX element implicitly has type 'any' because no interface 'JSX.IntrinsicElements' exists.
src/components/WebSources/GenericSourceButton.tsx(24,94): error TS7026: JSX element implicitly has type 'any' because no interface 'JSX.IntrinsicElements' exists.
src/components/WebSources/GenericSourceButton.tsx(31,11): error TS7026: JSX element implicitly has type 'any' because no interface 'JSX.IntrinsicElements' exists.
src/components/WebSources/GenericSourceModal.tsx(1,47): error TS2307: Cannot find module '@neo4j-ndl/react' or its corresponding type declarations.
src/components/WebSources/GenericSourceModal.tsx(2,34): error TS2307: Cannot find module '../../assets/images/youtube-lightmode.svg' or its corresponding type declarations.
src/components/WebSources/GenericSourceModal.tsx(3,33): error TS2307: Cannot find module '../../assets/images/youtube-darkmode.svg' or its corresponding type declarations.
src/components/WebSources/GenericSourceModal.tsx(4,27): error TS2307: Cannot find module '../../assets/images/wikipedia.svg' or its corresponding type declarations.
src/components/WebSources/GenericSourceModal.tsx(5,21): error TS2307: Cannot find module '../../assets/images/web.svg' or its corresponding type declarations.
src/components/WebSources/GenericSourceModal.tsx(6,25): error TS2307: Cannot find module '../../assets/images/web-darkmode.svg' or its corresponding type declarations.
src/components/WebSources/GenericSourceModal.tsx(7,31): error TS2307: Cannot find module '../../assets/images/wikipedia-darkmode.svg' or its corresponding type declarations.
src/components/WebSources/GenericSourceModal.tsx(8,38): error TS2307: Cannot find module 'react' or its corresponding type declarations.
src/components/WebSources/GenericSourceModal.tsx(13,38): error TS2307: Cannot find module '../../assets/images/data-from-cloud.svg' or its corresponding type declarations.
src/components/WebSources/GenericSourceModal.tsx(34,5): error TS2307: Cannot find module 'react/jsx-runtime' or its corresponding type declarations.
src/components/WebSources/GenericSourceModal.tsx(43,11): error TS7026: JSX element implicitly has type 'any' because no interface 'JSX.IntrinsicElements' exists.
src/components/WebSources/GenericSourceModal.tsx(54,15): error TS7026: JSX element implicitly has type 'any' because no interface 'JSX.IntrinsicElements' exists.
src/components/WebSources/GenericSourceModal.tsx(57,16): error TS7026: JSX element implicitly has type 'any' because no interface 'JSX.IntrinsicElements' exists.
src/components/WebSources/GenericSourceModal.tsx(62,15): error TS7026: JSX element implicitly has type 'any' because no interface 'JSX.IntrinsicElements' exists.
src/components/WebSources/GenericSourceModal.tsx(65,16): error TS7026: JSX element implicitly has type 'any' because no interface 'JSX.IntrinsicElements' exists.
src/components/WebSources/GenericSourceModal.tsx(70,15): error TS7026: JSX element implicitly has type 'any' because no interface 'JSX.IntrinsicElements' exists.
src/components/WebSources/GenericSourceModal.tsx(70,105): error TS7026: JSX element implicitly has type 'any' because no interface 'JSX.IntrinsicElements' exists.
src/components/WebSources/Web/WebInput.tsx(9,17): error TS2503: Cannot find namespace 'React'.
src/components/WebSources/Web/WebInput.tsx(9,32): error TS2503: Cannot find namespace 'React'.
src/components/WebSources/Web/WebInput.tsx(26,5): error TS2307: Cannot find module 'react/jsx-runtime' or its corresponding type declarations.
src/components/WebSources/WikiPedia/WikipediaInput.tsx(9,17): error TS2503: Cannot find namespace 'React'.
src/components/WebSources/WikiPedia/WikipediaInput.tsx(9,32): error TS2503: Cannot find namespace 'React'.
src/components/WebSources/WikiPedia/WikipediaInput.tsx(26,5): error TS2307: Cannot find module 'react/jsx-runtime' or its corresponding type declarations.
src/components/WebSources/Youtube/YoutubeInput.tsx(10,17): error TS2503: Cannot find namespace 'React'.
src/components/WebSources/Youtube/YoutubeInput.tsx(10,32): error TS2503: Cannot find namespace 'React'.
src/components/WebSources/Youtube/YoutubeInput.tsx(26,5): error TS2307: Cannot find module 'react/jsx-runtime' or its corresponding type declarations.
src/context/Alert.tsx(1,83): error TS2307: Cannot find module 'react' or its corresponding type declarations.
src/context/Alert.tsx(3,40): error TS2307: Cannot find module '@mui/types' or its corresponding type declarations.
src/context/Alert.tsx(4,54): error TS2307: Cannot find module '@mui/material' or its corresponding type declarations.
src/context/Alert.tsx(27,56): error TS7006: Parameter 'props' implicitly has an 'any' type.
src/context/Alert.tsx(55,10): error TS2307: Cannot find module 'react/jsx-runtime' or its corresponding type declarations.
src/context/ThemeWrapper.tsx(1,72): error TS2307: Cannot find module 'react' or its corresponding type declarations.
src/context/ThemeWrapper.tsx(2,52): error TS2307: Cannot find module '@neo4j-ndl/react' or its corresponding type declarations.
src/context/ThemeWrapper.tsx(24,18): error TS7006: Parameter 'prevMode' implicitly has an 'any' type.
src/context/ThemeWrapper.tsx(47,5): error TS2307: Cannot find module 'react/jsx-runtime' or its corresponding type declarations.
src/context/UserCredentials.tsx(1,95): error TS2307: Cannot find module 'react' or its corresponding type declarations.
src/context/UserCredentials.tsx(22,59): error TS7006: Parameter 'props' implicitly has an 'any' type.
src/context/UserCredentials.tsx(26,63): error TS7006: Parameter 'state' implicitly has an 'any' type.
src/context/UserCredentials.tsx(38,10): error TS2307: Cannot find module 'react/jsx-runtime' or its corresponding type declarations.
src/context/UserMessages.tsx(1,57): error TS2307: Cannot find module 'react' or its corresponding type declarations.
src/context/UserMessages.tsx(7,68): error TS7031: Binding element 'children' implicitly has an 'any' type.
src/context/UserMessages.tsx(17,10): error TS2307: Cannot find module 'react/jsx-runtime' or its corresponding type declarations.
src/context/UsersFiles.tsx(1,68): error TS2307: Cannot find module 'react' or its corresponding type declarations.
src/context/UsersFiles.tsx(15,62): error TS7031: Binding element 'children' implicitly has an 'any' type.
src/context/UsersFiles.tsx(96,10): error TS2307: Cannot find module 'react/jsx-runtime' or its corresponding type declarations.
src/HOC/CustomModal.tsx(1,40): error TS2307: Cannot find module '@neo4j-ndl/react' or its corresponding type declarations.
src/HOC/CustomModal.tsx(5,20): error TS2503: Cannot find namespace 'React'.
src/HOC/CustomModal.tsx(6,3): error TS7031: Binding element 'open' implicitly has an 'any' type.
src/HOC/CustomModal.tsx(7,3): error TS7031: Binding element 'onClose' implicitly has an 'any' type.
src/HOC/CustomModal.tsx(8,3): error TS7031: Binding element 'children' implicitly has an 'any' type.
src/HOC/CustomModal.tsx(10,3): error TS7031: Binding element 'submitHandler' implicitly has an 'any' type.
src/HOC/CustomModal.tsx(11,3): error TS7031: Binding element 'statusMessage' implicitly has an 'any' type.
src/HOC/CustomModal.tsx(12,3): error TS7031: Binding element 'status' implicitly has an 'any' type.
src/HOC/CustomModal.tsx(13,3): error TS7031: Binding element 'setStatus' implicitly has an 'any' type.
src/HOC/CustomModal.tsx(17,5): error TS2307: Cannot find module 'react/jsx-runtime' or its corresponding type declarations.
src/HOC/CustomModal.tsx(35,9): error TS7026: JSX element implicitly has type 'any' because no interface 'JSX.IntrinsicElements' exists.
src/HOC/CustomModal.tsx(35,66): error TS7026: JSX element implicitly has type 'any' because no interface 'JSX.IntrinsicElements' exists.
src/hooks/useSourceInput.tsx(1,46): error TS2307: Cannot find module 'react' or its corresponding type declarations.
src/hooks/useSourceInput.tsx(6,30): error TS2307: Cannot find module 'uuid' or its corresponding type declarations.
src/hooks/useSourceInput.tsx(24,84): error TS7006: Parameter 'e' implicitly has an 'any' type.
src/hooks/useSpeech.tsx(1,26): error TS2307: Cannot find module 'react' or its corresponding type declarations.
src/hooks/useSse.tsx(35,25): error TS7006: Parameter 'prevfiles' implicitly has an 'any' type.
src/hooks/useSse.tsx(36,35): error TS7006: Parameter 'curfile' implicitly has an 'any' type.
src/hooks/useSse.tsx(54,21): error TS7006: Parameter 'prevfiles' implicitly has an 'any' type.
src/hooks/useSse.tsx(55,31): error TS7006: Parameter 'curfile' implicitly has an 'any' type.
src/hooks/useSse.tsx(69,26): error TS7006: Parameter 'prev' implicitly has an 'any' type.
src/hooks/useSse.tsx(77,21): error TS7006: Parameter 'prevfiles' implicitly has an 'any' type.
src/hooks/useSse.tsx(78,31): error TS7006: Parameter 'curfile' implicitly has an 'any' type.
src/main.tsx(1,22): error TS2307: Cannot find module 'react-dom/client' or its corresponding type declarations.
src/main.tsx(3,32): error TS2307: Cannot find module 'react-router-dom' or its corresponding type declarations.
src/main.tsx(6,62): error TS2307: Cannot find module 'react/jsx-runtime' or its corresponding type declarations.
src/router.tsx(1,37): error TS2307: Cannot find module 'react-router-dom' or its corresponding type declarations.
src/router.tsx(7,14): error TS2307: Cannot find module 'react/jsx-runtime' or its corresponding type declarations.
src/services/CommonAPI.ts(1,39): error TS2307: Cannot find module 'axios' or its corresponding type declarations.
src/services/PollingAPI.ts(32,25): error TS2339: Property 'status' does not exist on type 'PollingAPI_Response'.
src/services/retry.ts(1,19): error TS2307: Cannot find module 'axios' or its corresponding type declarations.
src/types.ts(1,54): error TS2307: Cannot find module '@mui/material' or its corresponding type declarations.
src/types.ts(2,31): error TS2307: Cannot find module 'axios' or its corresponding type declarations.
src/types.ts(3,60): error TS2307: Cannot find module 'react' or its corresponding type declarations.
src/types.ts(4,40): error TS2307: Cannot find module '@mui/types' or its corresponding type declarations.
src/types.ts(5,41): error TS2307: Cannot find module '@neo4j-nvl/base' or its corresponding type declarations.
src/types.ts(6,31): error TS2307: Cannot find module '@react-oauth/google' or its corresponding type declarations.
src/types.ts(7,28): error TS2307: Cannot find module '@neo4j-ndl/react' or its corresponding type declarations.
src/types.ts(601,19): error TS2503: Cannot find namespace 'JSX'.
src/utils/Constants.ts(1,28): error TS2307: Cannot find module '@neo4j-nvl/base' or its corresponding type declarations.
src/utils/Constants.ts(7,3): error TS2580: Cannot find name 'process'. Do you need to install type definitions for node? Try `npm i --save-dev @types/node`.
src/utils/Constants.ts(8,8): error TS2580: Cannot find name 'process'. Do you need to install type definitions for node? Try `npm i --save-dev @types/node`.
src/utils/Constants.ts(12,3): error TS2580: Cannot find name 'process'. Do you need to install type definitions for node? Try `npm i --save-dev @types/node`.
src/utils/Constants.ts(13,8): error TS2580: Cannot find name 'process'. Do you need to install type definitions for node? Try `npm i --save-dev @types/node`.
src/utils/Constants.ts(50,3): error TS2580: Cannot find name 'process'. Do you need to install type definitions for node? Try `npm i --save-dev @types/node`.
src/utils/Constants.ts(51,8): error TS2580: Cannot find name 'process'. Do you need to install type definitions for node? Try `npm i --save-dev @types/node`.
src/utils/Constants.ts(77,3): error TS2580: Cannot find name 'process'. Do you need to install type definitions for node? Try `npm i --save-dev @types/node`.
src/utils/Constants.ts(78,7): error TS2580: Cannot find name 'process'. Do you need to install type definitions for node? Try `npm i --save-dev @types/node`.
src/utils/Constants.ts(78,52): error TS7006: Parameter 'mode' implicitly has an 'any' type.
src/utils/Constants.ts(114,26): error TS2580: Cannot find name 'process'. Do you need to install type definitions for node? Try `npm i --save-dev @types/node`.
src/utils/Constants.ts(114,65): error TS2580: Cannot find name 'process'. Do you need to install type definitions for node? Try `npm i --save-dev @types/node`.
src/utils/Constants.ts(115,28): error TS2580: Cannot find name 'process'. Do you need to install type definitions for node? Try `npm i --save-dev @types/node`.
src/utils/Constants.ts(115,70): error TS2580: Cannot find name 'process'. Do you need to install type definitions for node? Try `npm i --save-dev @types/node`.
src/utils/Constants.ts(117,30): error TS2580: Cannot find name 'process'. Do you need to install type definitions for node? Try `npm i --save-dev @types/node`.
src/utils/Constants.ts(118,14): error TS2580: Cannot find name 'process'. Do you need to install type definitions for node? Try `npm i --save-dev @types/node`.
src/utils/Constants.ts(203,43): error TS2580: Cannot find name 'process'. Do you need to install type definitions for node? Try `npm i --save-dev @types/node`.
src/utils/FileAPI.ts(1,24): error TS2307: Cannot find module 'axios' or its corresponding type declarations.
src/utils/Loader.tsx(3,5): error TS7026: JSX element implicitly has type 'any' because no interface 'JSX.IntrinsicElements' exists.
src/utils/Loader.tsx(3,5): error TS2307: Cannot find module 'react/jsx-runtime' or its corresponding type declarations.
src/utils/Loader.tsx(4,7): error TS7026: JSX element implicitly has type 'any' because no interface 'JSX.IntrinsicElements' exists.
src/utils/Loader.tsx(5,9): error TS7026: JSX element implicitly has type 'any' because no interface 'JSX.IntrinsicElements' exists.
src/utils/Loader.tsx(5,35): error TS7026: JSX element implicitly has type 'any' because no interface 'JSX.IntrinsicElements' exists.
src/utils/Loader.tsx(6,7): error TS7026: JSX element implicitly has type 'any' because no interface 'JSX.IntrinsicElements' exists.
src/utils/Loader.tsx(7,7): error TS7026: JSX element implicitly has type 'any' because no interface 'JSX.IntrinsicElements' exists.
src/utils/Loader.tsx(7,19): error TS7026: JSX element implicitly has type 'any' because no interface 'JSX.IntrinsicElements' exists.
src/utils/Loader.tsx(8,5): error TS7026: JSX element implicitly has type 'any' because no interface 'JSX.IntrinsicElements' exists.
src/utils/toasts.ts(1,23): error TS2307: Cannot find module '@neo4j-ndl/react' or its corresponding type declarations.
src/utils/toasts.ts(2,27): error TS2307: Cannot find module 'react' or its corresponding type declarations.
src/utils/Utils.ts(1,31): error TS2307: Cannot find module '@neo4j-devtools/word-color' or its corresponding type declarations.
src/utils/Utils.ts(2,35): error TS2307: Cannot find module '@neo4j-nvl/base' or its corresponding type declarations.
src/utils/Utils.ts(14,31): error TS2307: Cannot find module '../assets/images/wikipedia-darkmode.svg' or its corresponding type declarations.
src/utils/Utils.ts(15,28): error TS2307: Cannot find module '../assets/images/wikipedia.svg' or its corresponding type declarations.
src/utils/Utils.ts(16,25): error TS2307: Cannot find module '../assets/images/web-darkmode.svg' or its corresponding type declarations.
src/utils/Utils.ts(17,21): error TS2307: Cannot find module '../assets/images/web.svg' or its corresponding type declarations.
src/utils/Utils.ts(18,29): error TS2307: Cannot find module '../assets/images/youtube-darkmode.svg' or its corresponding type declarations.
src/utils/Utils.ts(19,30): error TS2307: Cannot find module '../assets/images/youtube-lightmode.svg' or its corresponding type declarations.
src/utils/Utils.ts(20,20): error TS2307: Cannot find module '../assets/images/s3logo.png' or its corresponding type declarations.
src/utils/Utils.ts(21,21): error TS2307: Cannot find module '../assets/images/gcs.webp' or its corresponding type declarations.
src/utils/Utils.ts(27,7): error TS2580: Cannot find name 'process'. Do you need to install type definitions for node? Try `npm i --save-dev @types/node`.
src/utils/Utils.ts(28,11): error TS2580: Cannot find name 'process'. Do you need to install type definitions for node? Try `npm i --save-dev @types/node`.
src/utils/Utils.ts(221,62): error TS2339: Property 'id' does not exist on type 'ExtendedNode'.
src/utils/Utils.ts(240,62): error TS2339: Property 'id' does not exist on type 'ExtendedNode'.
src/utils/Utils.ts(255,62): error TS2339: Property 'id' does not exist on type 'ExtendedNode'.
src/utils/Utils.ts(273,62): error TS2339: Property 'id' does not exist on type 'ExtendedNode'.
src/utils/Utils.ts(294,62): error TS2339: Property 'id' does not exist on type 'ExtendedNode'.
src/utils/Utils.ts(316,62): error TS2339: Property 'id' does not exist on type 'ExtendedNode'.
src/utils/Utils.ts(501,20): error TS2503: Cannot find namespace 'React'.
info Visit https://yarnpkg.com/en/docs/cli/run for documentation about this command.
